---------------------------------------------------------------

[2021-07-17T12:54:59+08:00] 127.0.0.1 GET web.tianzi.gdsytech.com/
[运行时间：0.566166s] [吞吐率：1.77req/s] [内存消耗：3,309.51kb] [文件加载：148]
[ info ] [ LANG ] D:\webenv\Apache2.4.33\htdocs\tianzi.gdsytech.com\thinkphp\lang\zh-cn.php
[ info ] [ ROUTE ] array (
)
[ info ] [ HEADER ] array (
  'host' => 'web.tianzi.gdsytech.com',
  'connection' => 'keep-alive',
  'upgrade-insecure-requests' => '1',
  'user-agent' => 'Mozilla/5.0 (Windows NT 10.0; WOW64) AppleWebKit/537.36 (KHTML, like Gecko) Chrome/91.0.4472.124 Safari/537.36',
  'accept' => 'text/html,application/xhtml+xml,application/xml;q=0.9,image/avif,image/webp,image/apng,*/*;q=0.8,application/signed-exchange;v=b3;q=0.9',
  'accept-encoding' => 'gzip, deflate',
  'accept-language' => 'zh-CN,zh;q=0.9',
)
[ info ] [ PARAM ] array (
)
[ info ] [ VIEW ] D:\webenv\Apache2.4.33\htdocs\tianzi.gdsytech.com\application\index\view\index\index.html [ array (
) ]
---------------------------------------------------------------

[2021-07-17T12:55:00+08:00] 127.0.0.1 GET web.tianzi.gdsytech.com/favicon.ico
[运行时间：0.154827s] [吞吐率：6.46req/s] [内存消耗：2,649.15kb] [文件加载：135]
[ info ] [ LANG ] D:\webenv\Apache2.4.33\htdocs\tianzi.gdsytech.com\thinkphp\lang\zh-cn.php
---------------------------------------------------------------

[2021-07-17T12:59:28+08:00] 127.0.0.1 GET web.tianzi.gdsytech.com/sytechadmin
[运行时间：0.112754s] [吞吐率：8.87req/s] [内存消耗：3,305.63kb] [文件加载：154]
[ info ] [ LANG ] D:\webenv\Apache2.4.33\htdocs\tianzi.gdsytech.com\thinkphp\lang\zh-cn.php
[ info ] [ ROUTE ] array (
)
[ info ] [ HEADER ] array (
  'host' => 'web.tianzi.gdsytech.com',
  'connection' => 'keep-alive',
  'upgrade-insecure-requests' => '1',
  'user-agent' => 'Mozilla/5.0 (Windows NT 10.0; WOW64) AppleWebKit/537.36 (KHTML, like Gecko) Chrome/91.0.4472.124 Safari/537.36',
  'accept' => 'text/html,application/xhtml+xml,application/xml;q=0.9,image/avif,image/webp,image/apng,*/*;q=0.8,application/signed-exchange;v=b3;q=0.9',
  'accept-encoding' => 'gzip, deflate',
  'accept-language' => 'zh-CN,zh;q=0.9',
)
[ info ] [ PARAM ] array (
)
---------------------------------------------------------------

[2021-07-17T12:59:28+08:00] 127.0.0.1 GET web.tianzi.gdsytech.com/Sytechadmin/login/login.html
[运行时间：0.049149s] [吞吐率：20.35req/s] [内存消耗：3,422.75kb] [文件加载：157]
[ info ] [ LANG ] D:\webenv\Apache2.4.33\htdocs\tianzi.gdsytech.com\thinkphp\lang\zh-cn.php
[ info ] [ ROUTE ] array (
)
[ info ] [ HEADER ] array (
  'host' => 'web.tianzi.gdsytech.com',
  'connection' => 'keep-alive',
  'upgrade-insecure-requests' => '1',
  'user-agent' => 'Mozilla/5.0 (Windows NT 10.0; WOW64) AppleWebKit/537.36 (KHTML, like Gecko) Chrome/91.0.4472.124 Safari/537.36',
  'accept' => 'text/html,application/xhtml+xml,application/xml;q=0.9,image/avif,image/webp,image/apng,*/*;q=0.8,application/signed-exchange;v=b3;q=0.9',
  'accept-encoding' => 'gzip, deflate',
  'accept-language' => 'zh-CN,zh;q=0.9',
  'cookie' => 'sy=khddne3vvfd8e2m9n9pvgls85r',
)
[ info ] [ PARAM ] array (
)
[ info ] [ VIEW ] D:\webenv\Apache2.4.33\htdocs\tianzi.gdsytech.com\application\sytechadmin\view\login\login.html [ array (
  0 => 'page_title',
) ]
---------------------------------------------------------------

[2021-07-17T12:59:42+08:00] 127.0.0.1 POST web.tianzi.gdsytech.com/sytechadmin/login/login.html
[运行时间：0.266161s] [吞吐率：3.76req/s] [内存消耗：4,227.70kb] [文件加载：157]
[ info ] [ LANG ] D:\webenv\Apache2.4.33\htdocs\tianzi.gdsytech.com\thinkphp\lang\zh-cn.php
[ info ] [ ROUTE ] array (
)
[ info ] [ HEADER ] array (
  'host' => 'web.tianzi.gdsytech.com',
  'connection' => 'keep-alive',
  'content-length' => '61',
  'accept' => 'application/json, text/javascript, */*; q=0.01',
  'x-requested-with' => 'XMLHttpRequest',
  'user-agent' => 'Mozilla/5.0 (Windows NT 10.0; WOW64) AppleWebKit/537.36 (KHTML, like Gecko) Chrome/91.0.4472.124 Safari/537.36',
  'content-type' => 'application/x-www-form-urlencoded; charset=UTF-8',
  'origin' => 'http://web.tianzi.gdsytech.com',
  'referer' => 'http://web.tianzi.gdsytech.com/Sytechadmin/login/login.html',
  'accept-encoding' => 'gzip, deflate',
  'accept-language' => 'zh-CN,zh;q=0.9',
  'cookie' => 'sy=khddne3vvfd8e2m9n9pvgls85r',
)
[ info ] [ PARAM ] array (
  'username' => 'tianzi',
  'userpassword' => 'e3093400055fce60e867560c2028f6de',
)
[ info ] [ DB ] INIT mysql
[ sql ] [ DB ] CONNECT:[ UseTime:0.020991s ] mysql:host=localhost;port=3306;dbname=tianzi_gdsy;charset=utf8
[ sql ] [ SQL ] SHOW COLUMNS FROM `sy_adminuser` [ RunTime:0.077866s ]
[ sql ] [ SQL ] SELECT * FROM `sy_adminuser` WHERE  `username` = 'tianzi'  AND `password` = 'd7b78604bf275f6d1204d5bbde7be071' ORDER BY `id` DESC LIMIT 1 [ RunTime:0.070887s ]
---------------------------------------------------------------

[2021-07-17T12:59:47+08:00] 127.0.0.1 POST web.tianzi.gdsytech.com/sytechadmin/login/login.html
[运行时间：0.251942s] [吞吐率：3.97req/s] [内存消耗：4,772.47kb] [文件加载：169]
[ info ] [ LANG ] D:\webenv\Apache2.4.33\htdocs\tianzi.gdsytech.com\thinkphp\lang\zh-cn.php
[ info ] [ ROUTE ] array (
)
[ info ] [ HEADER ] array (
  'host' => 'web.tianzi.gdsytech.com',
  'connection' => 'keep-alive',
  'content-length' => '61',
  'accept' => 'application/json, text/javascript, */*; q=0.01',
  'x-requested-with' => 'XMLHttpRequest',
  'user-agent' => 'Mozilla/5.0 (Windows NT 10.0; WOW64) AppleWebKit/537.36 (KHTML, like Gecko) Chrome/91.0.4472.124 Safari/537.36',
  'content-type' => 'application/x-www-form-urlencoded; charset=UTF-8',
  'origin' => 'http://web.tianzi.gdsytech.com',
  'referer' => 'http://web.tianzi.gdsytech.com/Sytechadmin/login/login.html',
  'accept-encoding' => 'gzip, deflate',
  'accept-language' => 'zh-CN,zh;q=0.9',
  'cookie' => 'sy=khddne3vvfd8e2m9n9pvgls85r',
)
[ info ] [ PARAM ] array (
  'username' => 'tianzi',
  'userpassword' => '25d55ad283aa400af464c76d713c07ad',
)
[ info ] [ DB ] INIT mysql
[ sql ] [ DB ] CONNECT:[ UseTime:0.002612s ] mysql:host=localhost;port=3306;dbname=tianzi_gdsy;charset=utf8
[ sql ] [ SQL ] SHOW COLUMNS FROM `sy_adminuser` [ RunTime:0.001642s ]
[ sql ] [ SQL ] SELECT * FROM `sy_adminuser` WHERE  `username` = 'tianzi'  AND `password` = '550e1bafe077ff0b0b67f4e32f29d751' ORDER BY `id` DESC LIMIT 1 [ RunTime:0.000418s ]
[ sql ] [ SQL ] SELECT * FROM `sy_adminuser` WHERE  `id` = 1 LIMIT 1 [ RunTime:0.001701s ]
[ sql ] [ SQL ] SHOW COLUMNS FROM `sy_rule` [ RunTime:0.001241s ]
[ sql ] [ SQL ] SELECT * FROM `sy_rule` [ RunTime:0.000193s ]
[ sql ] [ SQL ] SHOW COLUMNS FROM `sy_admin_login_log` [ RunTime:0.002756s ]
[ sql ] [ SQL ] INSERT INTO `sy_admin_login_log` (`create_time` , `ip` , `admin_id`) VALUES ('2021-07-17 12:59:46' , '2130706433' , 1) [ RunTime:0.017311s ]
[ sql ] [ SQL ] SELECT * FROM `sy_adminuser` WHERE  `id` = 1 LIMIT 1 [ RunTime:0.000356s ]
[ sql ] [ SQL ] UPDATE `sy_adminuser`  SET `logintime` = '2021-07-17 12:59:47' , `update_time` = '2021-07-17 12:59:47'  WHERE  `id` = 1 [ RunTime:0.048121s ]
---------------------------------------------------------------

[2021-07-17T12:59:47+08:00] 127.0.0.1 GET web.tianzi.gdsytech.com/Sytechadmin/index/index.html
[运行时间：0.088369s] [吞吐率：11.32req/s] [内存消耗：4,753.29kb] [文件加载：165]
[ info ] [ LANG ] D:\webenv\Apache2.4.33\htdocs\tianzi.gdsytech.com\thinkphp\lang\zh-cn.php
[ info ] [ ROUTE ] array (
)
[ info ] [ HEADER ] array (
  'host' => 'web.tianzi.gdsytech.com',
  'connection' => 'keep-alive',
  'upgrade-insecure-requests' => '1',
  'user-agent' => 'Mozilla/5.0 (Windows NT 10.0; WOW64) AppleWebKit/537.36 (KHTML, like Gecko) Chrome/91.0.4472.124 Safari/537.36',
  'accept' => 'text/html,application/xhtml+xml,application/xml;q=0.9,image/avif,image/webp,image/apng,*/*;q=0.8,application/signed-exchange;v=b3;q=0.9',
  'referer' => 'http://web.tianzi.gdsytech.com/Sytechadmin/login/login.html',
  'accept-encoding' => 'gzip, deflate',
  'accept-language' => 'zh-CN,zh;q=0.9',
  'cookie' => 'sy=khddne3vvfd8e2m9n9pvgls85r',
)
[ info ] [ PARAM ] array (
)
[ info ] [ DB ] INIT mysql
[ info ] [ VIEW ] D:\webenv\Apache2.4.33\htdocs\tianzi.gdsytech.com\application\sytechadmin\view\index\index.html [ array (
  0 => 'admininfo',
  1 => 'menu',
  2 => 'page_title',
) ]
[ sql ] [ DB ] CONNECT:[ UseTime:0.001403s ] mysql:host=localhost;port=3306;dbname=tianzi_gdsy;charset=utf8
[ sql ] [ SQL ] SHOW COLUMNS FROM `sy_adminuser` [ RunTime:0.001594s ]
[ sql ] [ SQL ] SELECT * FROM `sy_adminuser` WHERE  `id` = 1 LIMIT 1 [ RunTime:0.000330s ]
[ sql ] [ SQL ] SELECT * FROM `sy_adminuser` WHERE  `id` = 1 LIMIT 1 [ RunTime:0.000488s ]
[ sql ] [ SQL ] SELECT * FROM `sy_adminuser` WHERE  `id` = 1 LIMIT 1 [ RunTime:0.000406s ]
[ sql ] [ SQL ] SHOW COLUMNS FROM `sy_rule` [ RunTime:0.001267s ]
[ sql ] [ SQL ] SELECT * FROM `sy_rule` [ RunTime:0.000308s ]
[ sql ] [ SQL ] SELECT `id`,`rule_module`,`rule_controller`,`rule_action`,`rule_title`,`rule_class` FROM `sy_rule` WHERE  `id` IN ('')  AND `parentid` = 0  AND `rule_ismenu` = 1  AND `rule_isshow` = 1 ORDER BY `rule_sort` DESC,`id` ASC [ RunTime:0.000802s ]
---------------------------------------------------------------

[2021-07-17T12:59:47+08:00] 127.0.0.1 GET web.tianzi.gdsytech.com/sytechadmin/index/welcome.html
[运行时间：0.088855s] [吞吐率：11.25req/s] [内存消耗：4,567.43kb] [文件加载：163]
[ info ] [ LANG ] D:\webenv\Apache2.4.33\htdocs\tianzi.gdsytech.com\thinkphp\lang\zh-cn.php
[ info ] [ ROUTE ] array (
)
[ info ] [ HEADER ] array (
  'host' => 'web.tianzi.gdsytech.com',
  'connection' => 'keep-alive',
  'upgrade-insecure-requests' => '1',
  'user-agent' => 'Mozilla/5.0 (Windows NT 10.0; WOW64) AppleWebKit/537.36 (KHTML, like Gecko) Chrome/91.0.4472.124 Safari/537.36',
  'accept' => 'text/html,application/xhtml+xml,application/xml;q=0.9,image/avif,image/webp,image/apng,*/*;q=0.8,application/signed-exchange;v=b3;q=0.9',
  'referer' => 'http://web.tianzi.gdsytech.com/Sytechadmin/index/index.html',
  'accept-encoding' => 'gzip, deflate',
  'accept-language' => 'zh-CN,zh;q=0.9',
  'cookie' => 'sy=khddne3vvfd8e2m9n9pvgls85r',
)
[ info ] [ PARAM ] array (
)
[ info ] [ DB ] INIT mysql
[ info ] [ VIEW ] D:\webenv\Apache2.4.33\htdocs\tianzi.gdsytech.com\application\sytechadmin\view\index\welcome.html [ array (
  0 => 'admininfo',
  1 => 'info',
  2 => 'currenttime',
  3 => 'weektime',
) ]
[ sql ] [ DB ] CONNECT:[ UseTime:0.001549s ] mysql:host=localhost;port=3306;dbname=tianzi_gdsy;charset=utf8
[ sql ] [ SQL ] SHOW COLUMNS FROM `sy_adminuser` [ RunTime:0.004152s ]
[ sql ] [ SQL ] SELECT * FROM `sy_adminuser` WHERE  `id` = 1 LIMIT 1 [ RunTime:0.000873s ]
[ sql ] [ SQL ] SELECT * FROM `sy_adminuser` WHERE  `id` = 1 LIMIT 1 [ RunTime:0.000878s ]
---------------------------------------------------------------

[2021-07-17T13:15:01+08:00] 127.0.0.1 GET web.tianzi.gdsytech.com/sytechadmin/broadband/broadband_list.html
[运行时间：0.997004s] [吞吐率：1.00req/s] [内存消耗：5,205.98kb] [文件加载：175]
[ info ] [ LANG ] D:\webenv\Apache2.4.33\htdocs\tianzi.gdsytech.com\thinkphp\lang\zh-cn.php
[ info ] [ ROUTE ] array (
)
[ info ] [ HEADER ] array (
  'host' => 'web.tianzi.gdsytech.com',
  'connection' => 'keep-alive',
  'upgrade-insecure-requests' => '1',
  'user-agent' => 'Mozilla/5.0 (Windows NT 10.0; WOW64) AppleWebKit/537.36 (KHTML, like Gecko) Chrome/91.0.4472.124 Safari/537.36',
  'accept' => 'text/html,application/xhtml+xml,application/xml;q=0.9,image/avif,image/webp,image/apng,*/*;q=0.8,application/signed-exchange;v=b3;q=0.9',
  'referer' => 'http://web.tianzi.gdsytech.com/Sytechadmin/index/index.html',
  'accept-encoding' => 'gzip, deflate',
  'accept-language' => 'zh-CN,zh;q=0.9',
  'cookie' => 'sy=khddne3vvfd8e2m9n9pvgls85r',
)
[ info ] [ PARAM ] array (
)
[ info ] [ DB ] INIT mysql
[ info ] [ VIEW ] D:\webenv\Apache2.4.33\htdocs\tianzi.gdsytech.com\application\sytechadmin\view\broadband\broadband_list.html [ array (
  0 => 'admininfo',
  1 => 'search',
  2 => 'list',
  3 => 'count',
  4 => 'page',
) ]
[ sql ] [ DB ] CONNECT:[ UseTime:0.045125s ] mysql:host=localhost;port=3306;dbname=tianzi_gdsy;charset=utf8
[ sql ] [ SQL ] SHOW COLUMNS FROM `sy_adminuser` [ RunTime:0.106319s ]
[ sql ] [ SQL ] SELECT * FROM `sy_adminuser` WHERE  `id` = 1 LIMIT 1 [ RunTime:0.015899s ]
[ sql ] [ SQL ] SELECT * FROM `sy_adminuser` WHERE  `id` = 1 LIMIT 1 [ RunTime:0.001659s ]
[ sql ] [ SQL ] SHOW COLUMNS FROM `sy_broadband` [ RunTime:0.003246s ]
[ sql ] [ SQL ] SELECT COUNT(*) AS tp_count FROM `sy_broadband` [ RunTime:0.041838s ]
[ sql ] [ SQL ] SELECT * FROM `sy_broadband` ORDER BY `isuse` DESC,`status` ASC LIMIT 0,20 [ RunTime:0.001280s ]
[ sql ] [ SQL ] SHOW COLUMNS FROM `sy_admin_action_log` [ RunTime:0.002155s ]
[ sql ] [ SQL ] INSERT INTO `sy_admin_action_log` (`method` , `params` , `url` , `ip` , `admin_id` , `create_time`) VALUES ('GET' , 'a:2:{s:3:\"get\";a:0:{}s:4:\"post\";a:0:{}}' , 'sytechadmin/broadband/broadband_list.html' , '127.0.0.1' , 1 , '2021-07-17 13:15:01') [ RunTime:0.007827s ]
---------------------------------------------------------------

[2021-07-17T13:40:33+08:00] 127.0.0.1 GET web.tianzi.gdsytech.com/sytechadmin/orders/orders_list.html
[运行时间：0.781242s] [吞吐率：1.28req/s] [内存消耗：5,640.56kb] [文件加载：177]
[ info ] [ LANG ] D:\webenv\Apache2.4.33\htdocs\tianzi.gdsytech.com\thinkphp\lang\zh-cn.php
[ info ] [ ROUTE ] array (
)
[ info ] [ HEADER ] array (
  'host' => 'web.tianzi.gdsytech.com',
  'connection' => 'keep-alive',
  'upgrade-insecure-requests' => '1',
  'user-agent' => 'Mozilla/5.0 (Windows NT 10.0; WOW64) AppleWebKit/537.36 (KHTML, like Gecko) Chrome/91.0.4472.124 Safari/537.36',
  'accept' => 'text/html,application/xhtml+xml,application/xml;q=0.9,image/avif,image/webp,image/apng,*/*;q=0.8,application/signed-exchange;v=b3;q=0.9',
  'referer' => 'http://web.tianzi.gdsytech.com/Sytechadmin/index/index.html',
  'accept-encoding' => 'gzip, deflate',
  'accept-language' => 'zh-CN,zh;q=0.9',
  'cookie' => 'sy=khddne3vvfd8e2m9n9pvgls85r',
)
[ info ] [ PARAM ] array (
)
[ info ] [ DB ] INIT mysql
[ info ] [ VIEW ] D:\webenv\Apache2.4.33\htdocs\tianzi.gdsytech.com\application\sytechadmin\view\orders\orders_list.html [ array (
  0 => 'admininfo',
  1 => 'search',
  2 => 'list',
  3 => 'count',
  4 => 'page',
  5 => 'school_list',
  6 => 'goods_list',
) ]
[ sql ] [ DB ] CONNECT:[ UseTime:0.025959s ] mysql:host=localhost;port=3306;dbname=tianzi_gdsy;charset=utf8
[ sql ] [ SQL ] SHOW COLUMNS FROM `sy_adminuser` [ RunTime:0.053757s ]
[ sql ] [ SQL ] SELECT * FROM `sy_adminuser` WHERE  `id` = 1 LIMIT 1 [ RunTime:0.001459s ]
[ sql ] [ SQL ] SELECT * FROM `sy_adminuser` WHERE  `id` = 1 LIMIT 1 [ RunTime:0.001008s ]
[ sql ] [ SQL ] SHOW COLUMNS FROM `sy_school` [ RunTime:0.004779s ]
[ sql ] [ SQL ] SELECT * FROM `sy_school` ORDER BY `sortby` DESC,`id` DESC [ RunTime:0.001088s ]
[ sql ] [ SQL ] SHOW COLUMNS FROM `sy_orders` [ RunTime:0.004280s ]
[ sql ] [ SQL ] SELECT COUNT(*) AS tp_count FROM sy_orders o LEFT JOIN `sy_goods` `g` ON `g`.`id`=`o`.`goods_id` LEFT JOIN `sy_broadband` `b` ON `b`.`id`=`o`.`broadband_id` WHERE  `o`.`create_time` <= '2021-07-17 23:59:59' [ RunTime:0.029910s ]
[ sql ] [ SQL ] SELECT `o`.*,`g`.`goods_title`,`b`.`keyaccount`,`b`.`keypassword` FROM sy_orders o LEFT JOIN `sy_goods` `g` ON `g`.`id`=`o`.`goods_id` LEFT JOIN `sy_broadband` `b` ON `b`.`id`=`o`.`broadband_id` WHERE  `o`.`create_time` <= '2021-07-17 23:59:59' ORDER BY `o`.`id` DESC LIMIT 0,20 [ RunTime:0.023214s ]
[ sql ] [ SQL ] SELECT * FROM `sy_school` ORDER BY `sortby` DESC,`id` DESC [ RunTime:0.008088s ]
[ sql ] [ SQL ] SHOW COLUMNS FROM `sy_goods` [ RunTime:0.001130s ]
[ sql ] [ SQL ] SELECT * FROM `sy_goods` ORDER BY `goods_sortby` DESC,`id` DESC [ RunTime:0.000653s ]
[ sql ] [ SQL ] SHOW COLUMNS FROM `sy_admin_action_log` [ RunTime:0.001531s ]
[ sql ] [ SQL ] INSERT INTO `sy_admin_action_log` (`method` , `params` , `url` , `ip` , `admin_id` , `create_time`) VALUES ('GET' , 'a:2:{s:3:\"get\";a:0:{}s:4:\"post\";a:0:{}}' , 'sytechadmin/orders/orders_list.html' , '127.0.0.1' , 1 , '2021-07-17 13:40:33') [ RunTime:0.000711s ]
