---------------------------------------------------------------

[2021-07-18T12:30:20+08:00] 127.0.0.1 GET web.tianzi.gdsytech.com/Sytechadmin/index/index.html
[运行时间：2.285276s] [吞吐率：0.44req/s] [内存消耗：4,494.72kb] [文件加载：163]
[ info ] [ LANG ] D:\webenv\Apache2.4.33\htdocs\tianzi.gdsytech.com\thinkphp\lang\zh-cn.php
[ info ] [ ROUTE ] array (
)
[ info ] [ HEADER ] array (
  'host' => 'web.tianzi.gdsytech.com',
  'connection' => 'keep-alive',
  'upgrade-insecure-requests' => '1',
  'user-agent' => 'Mozilla/5.0 (Windows NT 10.0; WOW64) AppleWebKit/537.36 (KHTML, like Gecko) Chrome/91.0.4472.124 Safari/537.36',
  'accept' => 'text/html,application/xhtml+xml,application/xml;q=0.9,image/avif,image/webp,image/apng,*/*;q=0.8,application/signed-exchange;v=b3;q=0.9',
  'referer' => 'http://web.tianzi.gdsytech.com/Sytechadmin/login/login.html',
  'accept-encoding' => 'gzip, deflate',
  'accept-language' => 'zh-CN,zh;q=0.9',
  'cookie' => 'sy=khddne3vvfd8e2m9n9pvgls85r',
)
[ info ] [ PARAM ] array (
)
[ info ] [ DB ] INIT mysql
[ info ] [ VIEW ] D:\webenv\Apache2.4.33\htdocs\tianzi.gdsytech.com\application\sytechadmin\view\index\index.html [ array (
  0 => 'admininfo',
  1 => 'menu',
  2 => 'page_title',
) ]
[ sql ] [ DB ] CONNECT:[ UseTime:0.131976s ] mysql:host=localhost;port=3306;dbname=tianzi_gdsy;charset=utf8
[ sql ] [ SQL ] SHOW COLUMNS FROM `sy_adminuser` [ RunTime:0.207472s ]
[ sql ] [ SQL ] SELECT * FROM `sy_adminuser` WHERE  `id` = 1 LIMIT 1 [ RunTime:0.008498s ]
[ sql ] [ SQL ] SELECT * FROM `sy_adminuser` WHERE  `id` = 1 LIMIT 1 [ RunTime:0.000609s ]
[ sql ] [ SQL ] SELECT * FROM `sy_adminuser` WHERE  `id` = 1 LIMIT 1 [ RunTime:0.000697s ]
[ sql ] [ SQL ] SHOW COLUMNS FROM `sy_rule` [ RunTime:0.025294s ]
[ sql ] [ SQL ] SELECT * FROM `sy_rule` [ RunTime:0.000476s ]
[ sql ] [ SQL ] SELECT `id`,`rule_module`,`rule_controller`,`rule_action`,`rule_title`,`rule_class` FROM `sy_rule` WHERE  `id` IN ('')  AND `parentid` = 0  AND `rule_ismenu` = 1  AND `rule_isshow` = 1 ORDER BY `rule_sort` DESC,`id` ASC [ RunTime:0.003373s ]
---------------------------------------------------------------

[2021-07-18T12:30:21+08:00] 127.0.0.1 GET web.tianzi.gdsytech.com/sytechadmin/index/welcome.html
[运行时间：0.154860s] [吞吐率：6.46req/s] [内存消耗：4,388.52kb] [文件加载：161]
[ info ] [ LANG ] D:\webenv\Apache2.4.33\htdocs\tianzi.gdsytech.com\thinkphp\lang\zh-cn.php
[ info ] [ ROUTE ] array (
)
[ info ] [ HEADER ] array (
  'host' => 'web.tianzi.gdsytech.com',
  'connection' => 'keep-alive',
  'upgrade-insecure-requests' => '1',
  'user-agent' => 'Mozilla/5.0 (Windows NT 10.0; WOW64) AppleWebKit/537.36 (KHTML, like Gecko) Chrome/91.0.4472.124 Safari/537.36',
  'accept' => 'text/html,application/xhtml+xml,application/xml;q=0.9,image/avif,image/webp,image/apng,*/*;q=0.8,application/signed-exchange;v=b3;q=0.9',
  'referer' => 'http://web.tianzi.gdsytech.com/Sytechadmin/index/index.html',
  'accept-encoding' => 'gzip, deflate',
  'accept-language' => 'zh-CN,zh;q=0.9',
  'cookie' => 'sy=khddne3vvfd8e2m9n9pvgls85r',
)
[ info ] [ PARAM ] array (
)
[ info ] [ DB ] INIT mysql
[ info ] [ VIEW ] D:\webenv\Apache2.4.33\htdocs\tianzi.gdsytech.com\application\sytechadmin\view\index\welcome.html [ array (
  0 => 'admininfo',
  1 => 'info',
  2 => 'currenttime',
  3 => 'weektime',
) ]
[ sql ] [ DB ] CONNECT:[ UseTime:0.001646s ] mysql:host=localhost;port=3306;dbname=tianzi_gdsy;charset=utf8
[ sql ] [ SQL ] SHOW COLUMNS FROM `sy_adminuser` [ RunTime:0.002208s ]
[ sql ] [ SQL ] SELECT * FROM `sy_adminuser` WHERE  `id` = 1 LIMIT 1 [ RunTime:0.000400s ]
[ sql ] [ SQL ] SELECT * FROM `sy_adminuser` WHERE  `id` = 1 LIMIT 1 [ RunTime:0.000262s ]
---------------------------------------------------------------

[2021-07-18T12:30:22+08:00] 127.0.0.1 GET web.tianzi.gdsytech.com/sytechadmin/orders/orders_list.html
[运行时间：0.491040s] [吞吐率：2.04req/s] [内存消耗：5,355.23kb] [文件加载：175]
[ info ] [ LANG ] D:\webenv\Apache2.4.33\htdocs\tianzi.gdsytech.com\thinkphp\lang\zh-cn.php
[ info ] [ ROUTE ] array (
)
[ info ] [ HEADER ] array (
  'host' => 'web.tianzi.gdsytech.com',
  'connection' => 'keep-alive',
  'upgrade-insecure-requests' => '1',
  'user-agent' => 'Mozilla/5.0 (Windows NT 10.0; WOW64) AppleWebKit/537.36 (KHTML, like Gecko) Chrome/91.0.4472.124 Safari/537.36',
  'accept' => 'text/html,application/xhtml+xml,application/xml;q=0.9,image/avif,image/webp,image/apng,*/*;q=0.8,application/signed-exchange;v=b3;q=0.9',
  'referer' => 'http://web.tianzi.gdsytech.com/Sytechadmin/index/index.html',
  'accept-encoding' => 'gzip, deflate',
  'accept-language' => 'zh-CN,zh;q=0.9',
  'cookie' => 'sy=khddne3vvfd8e2m9n9pvgls85r',
)
[ info ] [ PARAM ] array (
)
[ info ] [ DB ] INIT mysql
[ info ] [ VIEW ] D:\webenv\Apache2.4.33\htdocs\tianzi.gdsytech.com\application\sytechadmin\view\orders\orders_list.html [ array (
  0 => 'admininfo',
  1 => 'search',
  2 => 'list',
  3 => 'count',
  4 => 'page',
  5 => 'school_list',
  6 => 'goods_list',
) ]
[ sql ] [ DB ] CONNECT:[ UseTime:0.001653s ] mysql:host=localhost;port=3306;dbname=tianzi_gdsy;charset=utf8
[ sql ] [ SQL ] SHOW COLUMNS FROM `sy_adminuser` [ RunTime:0.002314s ]
[ sql ] [ SQL ] SELECT * FROM `sy_adminuser` WHERE  `id` = 1 LIMIT 1 [ RunTime:0.000838s ]
[ sql ] [ SQL ] SELECT * FROM `sy_adminuser` WHERE  `id` = 1 LIMIT 1 [ RunTime:0.003339s ]
[ sql ] [ SQL ] SHOW COLUMNS FROM `sy_school` [ RunTime:0.030435s ]
[ sql ] [ SQL ] SELECT * FROM `sy_school` ORDER BY `sortby` DESC,`id` DESC [ RunTime:0.000858s ]
[ sql ] [ SQL ] SHOW COLUMNS FROM `sy_orders` [ RunTime:0.040438s ]
[ sql ] [ SQL ] SELECT COUNT(*) AS tp_count FROM sy_orders o LEFT JOIN `sy_goods` `g` ON `g`.`id`=`o`.`goods_id` LEFT JOIN `sy_broadband` `b` ON `b`.`id`=`o`.`broadband_id` WHERE  `o`.`create_time` <= '2021-07-18 23:59:59' [ RunTime:0.058175s ]
[ sql ] [ SQL ] SELECT `o`.*,`g`.`goods_title`,`b`.`keyaccount`,`b`.`keypassword` FROM sy_orders o LEFT JOIN `sy_goods` `g` ON `g`.`id`=`o`.`goods_id` LEFT JOIN `sy_broadband` `b` ON `b`.`id`=`o`.`broadband_id` WHERE  `o`.`create_time` <= '2021-07-18 23:59:59' ORDER BY `o`.`id` DESC LIMIT 0,20 [ RunTime:0.007734s ]
[ sql ] [ SQL ] SELECT * FROM `sy_school` ORDER BY `sortby` DESC,`id` DESC [ RunTime:0.000771s ]
[ sql ] [ SQL ] SHOW COLUMNS FROM `sy_goods` [ RunTime:0.001390s ]
[ sql ] [ SQL ] SELECT * FROM `sy_goods` ORDER BY `goods_sortby` DESC,`id` DESC [ RunTime:0.000561s ]
[ sql ] [ SQL ] SHOW COLUMNS FROM `sy_admin_action_log` [ RunTime:0.047089s ]
[ sql ] [ SQL ] INSERT INTO `sy_admin_action_log` (`method` , `params` , `url` , `ip` , `admin_id` , `create_time`) VALUES ('GET' , 'a:2:{s:3:\"get\";a:0:{}s:4:\"post\";a:0:{}}' , 'sytechadmin/orders/orders_list.html' , '127.0.0.1' , 1 , '2021-07-18 12:30:22') [ RunTime:0.042401s ]
---------------------------------------------------------------

[2021-07-18T12:30:22+08:00] 127.0.0.1 GET web.tianzi.gdsytech.com/favicon.ico
[运行时间：0.132182s] [吞吐率：7.57req/s] [内存消耗：2,649.16kb] [文件加载：135]
[ info ] [ LANG ] D:\webenv\Apache2.4.33\htdocs\tianzi.gdsytech.com\thinkphp\lang\zh-cn.php
---------------------------------------------------------------

[2021-07-18T12:35:18+08:00] 127.0.0.1 GET web.tianzi.gdsytech.com/Sytechadmin/index/index.html
[运行时间：2.198214s] [吞吐率：0.45req/s] [内存消耗：4,494.80kb] [文件加载：163]
[ info ] [ LANG ] D:\webenv\Apache2.4.33\htdocs\tianzi.gdsytech.com\thinkphp\lang\zh-cn.php
[ info ] [ ROUTE ] array (
)
[ info ] [ HEADER ] array (
  'host' => 'web.tianzi.gdsytech.com',
  'connection' => 'keep-alive',
  'cache-control' => 'max-age=0',
  'upgrade-insecure-requests' => '1',
  'user-agent' => 'Mozilla/5.0 (Windows NT 10.0; WOW64) AppleWebKit/537.36 (KHTML, like Gecko) Chrome/91.0.4472.124 Safari/537.36',
  'accept' => 'text/html,application/xhtml+xml,application/xml;q=0.9,image/avif,image/webp,image/apng,*/*;q=0.8,application/signed-exchange;v=b3;q=0.9',
  'referer' => 'http://web.tianzi.gdsytech.com/Sytechadmin/login/login.html',
  'accept-encoding' => 'gzip, deflate',
  'accept-language' => 'zh-CN,zh;q=0.9',
  'cookie' => 'sy=khddne3vvfd8e2m9n9pvgls85r',
)
[ info ] [ PARAM ] array (
)
[ info ] [ DB ] INIT mysql
[ info ] [ VIEW ] D:\webenv\Apache2.4.33\htdocs\tianzi.gdsytech.com\application\sytechadmin\view\index\index.html [ array (
  0 => 'admininfo',
  1 => 'menu',
  2 => 'page_title',
) ]
[ sql ] [ DB ] CONNECT:[ UseTime:0.001936s ] mysql:host=localhost;port=3306;dbname=tianzi_gdsy;charset=utf8
[ sql ] [ SQL ] SHOW COLUMNS FROM `sy_adminuser` [ RunTime:0.003080s ]
[ sql ] [ SQL ] SELECT * FROM `sy_adminuser` WHERE  `id` = 1 LIMIT 1 [ RunTime:0.000617s ]
[ sql ] [ SQL ] SELECT * FROM `sy_adminuser` WHERE  `id` = 1 LIMIT 1 [ RunTime:0.000512s ]
[ sql ] [ SQL ] SELECT * FROM `sy_adminuser` WHERE  `id` = 1 LIMIT 1 [ RunTime:0.000711s ]
[ sql ] [ SQL ] SHOW COLUMNS FROM `sy_rule` [ RunTime:0.001606s ]
[ sql ] [ SQL ] SELECT * FROM `sy_rule` [ RunTime:0.000429s ]
[ sql ] [ SQL ] SELECT `id`,`rule_module`,`rule_controller`,`rule_action`,`rule_title`,`rule_class` FROM `sy_rule` WHERE  `id` IN ('')  AND `parentid` = 0  AND `rule_ismenu` = 1  AND `rule_isshow` = 1 ORDER BY `rule_sort` DESC,`id` ASC [ RunTime:0.000476s ]
---------------------------------------------------------------

[2021-07-18T12:35:18+08:00] 127.0.0.1 GET web.tianzi.gdsytech.com/sytechadmin/index/welcome.html
[运行时间：0.086342s] [吞吐率：11.58req/s] [内存消耗：4,388.52kb] [文件加载：161]
[ info ] [ LANG ] D:\webenv\Apache2.4.33\htdocs\tianzi.gdsytech.com\thinkphp\lang\zh-cn.php
[ info ] [ ROUTE ] array (
)
[ info ] [ HEADER ] array (
  'host' => 'web.tianzi.gdsytech.com',
  'connection' => 'keep-alive',
  'upgrade-insecure-requests' => '1',
  'user-agent' => 'Mozilla/5.0 (Windows NT 10.0; WOW64) AppleWebKit/537.36 (KHTML, like Gecko) Chrome/91.0.4472.124 Safari/537.36',
  'accept' => 'text/html,application/xhtml+xml,application/xml;q=0.9,image/avif,image/webp,image/apng,*/*;q=0.8,application/signed-exchange;v=b3;q=0.9',
  'referer' => 'http://web.tianzi.gdsytech.com/Sytechadmin/index/index.html',
  'accept-encoding' => 'gzip, deflate',
  'accept-language' => 'zh-CN,zh;q=0.9',
  'cookie' => 'sy=khddne3vvfd8e2m9n9pvgls85r',
)
[ info ] [ PARAM ] array (
)
[ info ] [ DB ] INIT mysql
[ info ] [ VIEW ] D:\webenv\Apache2.4.33\htdocs\tianzi.gdsytech.com\application\sytechadmin\view\index\welcome.html [ array (
  0 => 'admininfo',
  1 => 'info',
  2 => 'currenttime',
  3 => 'weektime',
) ]
[ sql ] [ DB ] CONNECT:[ UseTime:0.001099s ] mysql:host=localhost;port=3306;dbname=tianzi_gdsy;charset=utf8
[ sql ] [ SQL ] SHOW COLUMNS FROM `sy_adminuser` [ RunTime:0.001808s ]
[ sql ] [ SQL ] SELECT * FROM `sy_adminuser` WHERE  `id` = 1 LIMIT 1 [ RunTime:0.000410s ]
[ sql ] [ SQL ] SELECT * FROM `sy_adminuser` WHERE  `id` = 1 LIMIT 1 [ RunTime:0.000298s ]
---------------------------------------------------------------

[2021-07-18T12:35:19+08:00] 127.0.0.1 GET web.tianzi.gdsytech.com/sytechadmin/orders/orders_list.html
[运行时间：0.292836s] [吞吐率：3.41req/s] [内存消耗：5,355.23kb] [文件加载：175]
[ info ] [ LANG ] D:\webenv\Apache2.4.33\htdocs\tianzi.gdsytech.com\thinkphp\lang\zh-cn.php
[ info ] [ ROUTE ] array (
)
[ info ] [ HEADER ] array (
  'host' => 'web.tianzi.gdsytech.com',
  'connection' => 'keep-alive',
  'upgrade-insecure-requests' => '1',
  'user-agent' => 'Mozilla/5.0 (Windows NT 10.0; WOW64) AppleWebKit/537.36 (KHTML, like Gecko) Chrome/91.0.4472.124 Safari/537.36',
  'accept' => 'text/html,application/xhtml+xml,application/xml;q=0.9,image/avif,image/webp,image/apng,*/*;q=0.8,application/signed-exchange;v=b3;q=0.9',
  'referer' => 'http://web.tianzi.gdsytech.com/Sytechadmin/index/index.html',
  'accept-encoding' => 'gzip, deflate',
  'accept-language' => 'zh-CN,zh;q=0.9',
  'cookie' => 'sy=khddne3vvfd8e2m9n9pvgls85r',
)
[ info ] [ PARAM ] array (
)
[ info ] [ DB ] INIT mysql
[ info ] [ VIEW ] D:\webenv\Apache2.4.33\htdocs\tianzi.gdsytech.com\application\sytechadmin\view\orders\orders_list.html [ array (
  0 => 'admininfo',
  1 => 'search',
  2 => 'list',
  3 => 'count',
  4 => 'page',
  5 => 'school_list',
  6 => 'goods_list',
) ]
[ sql ] [ DB ] CONNECT:[ UseTime:0.001408s ] mysql:host=localhost;port=3306;dbname=tianzi_gdsy;charset=utf8
[ sql ] [ SQL ] SHOW COLUMNS FROM `sy_adminuser` [ RunTime:0.001282s ]
[ sql ] [ SQL ] SELECT * FROM `sy_adminuser` WHERE  `id` = 1 LIMIT 1 [ RunTime:0.000439s ]
[ sql ] [ SQL ] SELECT * FROM `sy_adminuser` WHERE  `id` = 1 LIMIT 1 [ RunTime:0.000280s ]
[ sql ] [ SQL ] SHOW COLUMNS FROM `sy_school` [ RunTime:0.001474s ]
[ sql ] [ SQL ] SELECT * FROM `sy_school` ORDER BY `sortby` DESC,`id` DESC [ RunTime:0.000252s ]
[ sql ] [ SQL ] SHOW COLUMNS FROM `sy_orders` [ RunTime:0.001366s ]
[ sql ] [ SQL ] SELECT COUNT(*) AS tp_count FROM sy_orders o LEFT JOIN `sy_goods` `g` ON `g`.`id`=`o`.`goods_id` LEFT JOIN `sy_broadband` `b` ON `b`.`id`=`o`.`broadband_id` WHERE  `o`.`create_time` <= '2021-07-18 23:59:59' [ RunTime:0.001692s ]
[ sql ] [ SQL ] SELECT `o`.*,`g`.`goods_title`,`b`.`keyaccount`,`b`.`keypassword` FROM sy_orders o LEFT JOIN `sy_goods` `g` ON `g`.`id`=`o`.`goods_id` LEFT JOIN `sy_broadband` `b` ON `b`.`id`=`o`.`broadband_id` WHERE  `o`.`create_time` <= '2021-07-18 23:59:59' ORDER BY `o`.`id` DESC LIMIT 0,20 [ RunTime:0.000978s ]
[ sql ] [ SQL ] SELECT * FROM `sy_school` ORDER BY `sortby` DESC,`id` DESC [ RunTime:0.000253s ]
[ sql ] [ SQL ] SHOW COLUMNS FROM `sy_goods` [ RunTime:0.000771s ]
[ sql ] [ SQL ] SELECT * FROM `sy_goods` ORDER BY `goods_sortby` DESC,`id` DESC [ RunTime:0.000379s ]
[ sql ] [ SQL ] SHOW COLUMNS FROM `sy_admin_action_log` [ RunTime:0.000975s ]
[ sql ] [ SQL ] INSERT INTO `sy_admin_action_log` (`method` , `params` , `url` , `ip` , `admin_id` , `create_time`) VALUES ('GET' , 'a:2:{s:3:\"get\";a:0:{}s:4:\"post\";a:0:{}}' , 'sytechadmin/orders/orders_list.html' , '127.0.0.1' , 1 , '2021-07-18 12:35:19') [ RunTime:0.000394s ]
---------------------------------------------------------------

[2021-07-18T19:30:31+08:00] 127.0.0.1 GET web.tianzi.gdsytech.com/sytechadmin/orders/orders_list.html?a=1&school_id=2&goods_id=0&status=0&applytime_end=2021-07-18%2023:59:59
[运行时间：1.694890s] [吞吐率：0.59req/s] [内存消耗：5,555.23kb] [文件加载：177]
[ info ] [ LANG ] D:\webenv\Apache2.4.33\htdocs\tianzi.gdsytech.com\thinkphp\lang\zh-cn.php
[ info ] [ ROUTE ] array (
)
[ info ] [ HEADER ] array (
  'host' => 'web.tianzi.gdsytech.com',
  'connection' => 'keep-alive',
  'upgrade-insecure-requests' => '1',
  'user-agent' => 'Mozilla/5.0 (Windows NT 10.0; WOW64) AppleWebKit/537.36 (KHTML, like Gecko) Chrome/91.0.4472.124 Safari/537.36',
  'accept' => 'text/html,application/xhtml+xml,application/xml;q=0.9,image/avif,image/webp,image/apng,*/*;q=0.8,application/signed-exchange;v=b3;q=0.9',
  'referer' => 'http://web.tianzi.gdsytech.com/sytechadmin/orders/orders_list.html',
  'accept-encoding' => 'gzip, deflate',
  'accept-language' => 'zh-CN,zh;q=0.9',
  'cookie' => 'sy=khddne3vvfd8e2m9n9pvgls85r',
)
[ info ] [ PARAM ] array (
  'a' => '1',
  'school_id' => '2',
  'goods_id' => '0',
  'status' => '0',
  'applytime_end' => '2021-07-18 23:59:59',
)
[ info ] [ DB ] INIT mysql
[ info ] [ VIEW ] D:\webenv\Apache2.4.33\htdocs\tianzi.gdsytech.com\application\sytechadmin\view\orders\orders_list.html [ array (
  0 => 'admininfo',
  1 => 'search',
  2 => 'list',
  3 => 'count',
  4 => 'page',
  5 => 'school_list',
  6 => 'goods_list',
) ]
[ sql ] [ DB ] CONNECT:[ UseTime:0.255640s ] mysql:host=localhost;port=3306;dbname=tianzi_gdsy;charset=utf8
[ sql ] [ SQL ] SHOW COLUMNS FROM `sy_adminuser` [ RunTime:0.199034s ]
[ sql ] [ SQL ] SELECT * FROM `sy_adminuser` WHERE  `id` = 1 LIMIT 1 [ RunTime:0.011150s ]
[ sql ] [ SQL ] SELECT * FROM `sy_adminuser` WHERE  `id` = 1 LIMIT 1 [ RunTime:0.001637s ]
[ sql ] [ SQL ] SHOW COLUMNS FROM `sy_school` [ RunTime:0.005554s ]
[ sql ] [ SQL ] SELECT * FROM `sy_school` ORDER BY `sortby` DESC,`id` DESC [ RunTime:0.003286s ]
[ sql ] [ SQL ] SHOW COLUMNS FROM `sy_orders` [ RunTime:0.005612s ]
[ sql ] [ SQL ] SELECT COUNT(*) AS tp_count FROM sy_orders o LEFT JOIN `sy_goods` `g` ON `g`.`id`=`o`.`goods_id` LEFT JOIN `sy_broadband` `b` ON `b`.`id`=`o`.`broadband_id` WHERE  `o`.`school_id` = 2  AND `o`.`create_time` <= '2021-07-18 23:59:59' [ RunTime:0.042479s ]
[ sql ] [ SQL ] SELECT `o`.*,`g`.`goods_title`,`b`.`keyaccount`,`b`.`keypassword` FROM sy_orders o LEFT JOIN `sy_goods` `g` ON `g`.`id`=`o`.`goods_id` LEFT JOIN `sy_broadband` `b` ON `b`.`id`=`o`.`broadband_id` WHERE  `o`.`school_id` = 2  AND `o`.`create_time` <= '2021-07-18 23:59:59' ORDER BY `o`.`id` DESC LIMIT 0,20 [ RunTime:0.014674s ]
[ sql ] [ SQL ] SELECT * FROM `sy_school` ORDER BY `sortby` DESC,`id` DESC [ RunTime:0.001242s ]
[ sql ] [ SQL ] SHOW COLUMNS FROM `sy_goods` [ RunTime:0.001933s ]
[ sql ] [ SQL ] SELECT * FROM `sy_goods` ORDER BY `goods_sortby` DESC,`id` DESC [ RunTime:0.001010s ]
[ sql ] [ SQL ] SHOW COLUMNS FROM `sy_admin_action_log` [ RunTime:0.006341s ]
[ sql ] [ SQL ] INSERT INTO `sy_admin_action_log` (`method` , `params` , `url` , `ip` , `admin_id` , `create_time`) VALUES ('GET' , 'a:2:{s:3:\"get\";a:5:{s:1:\"a\";s:1:\"1\";s:9:\"school_id\";s:1:\"2\";s:8:\"goods_id\";s:1:\"0\";s:6:\"status\";s:1:\"0\";s:13:\"applytime_end\";s:19:\"2021-07-18 23:59:59\";}s:4:\"post\";a:0:{}}' , 'sytechadmin/orders/orders_list.html' , '127.0.0.1' , 1 , '2021-07-18 19:30:31') [ RunTime:0.057541s ]
---------------------------------------------------------------

[2021-07-18T19:30:36+08:00] 127.0.0.1 GET web.tianzi.gdsytech.com/sytechadmin/orders/orders_list.html
[运行时间：0.094183s] [吞吐率：10.62req/s] [内存消耗：5,355.32kb] [文件加载：175]
[ info ] [ LANG ] D:\webenv\Apache2.4.33\htdocs\tianzi.gdsytech.com\thinkphp\lang\zh-cn.php
[ info ] [ ROUTE ] array (
)
[ info ] [ HEADER ] array (
  'host' => 'web.tianzi.gdsytech.com',
  'connection' => 'keep-alive',
  'upgrade-insecure-requests' => '1',
  'user-agent' => 'Mozilla/5.0 (Windows NT 10.0; WOW64) AppleWebKit/537.36 (KHTML, like Gecko) Chrome/91.0.4472.124 Safari/537.36',
  'accept' => 'text/html,application/xhtml+xml,application/xml;q=0.9,image/avif,image/webp,image/apng,*/*;q=0.8,application/signed-exchange;v=b3;q=0.9',
  'referer' => 'http://web.tianzi.gdsytech.com/sytechadmin/orders/orders_list.html?a=1&school_id=2&goods_id=0&status=0&applytime_end=2021-07-18%2023:59:59',
  'accept-encoding' => 'gzip, deflate',
  'accept-language' => 'zh-CN,zh;q=0.9',
  'cookie' => 'sy=khddne3vvfd8e2m9n9pvgls85r',
)
[ info ] [ PARAM ] array (
)
[ info ] [ DB ] INIT mysql
[ info ] [ VIEW ] D:\webenv\Apache2.4.33\htdocs\tianzi.gdsytech.com\application\sytechadmin\view\orders\orders_list.html [ array (
  0 => 'admininfo',
  1 => 'search',
  2 => 'list',
  3 => 'count',
  4 => 'page',
  5 => 'school_list',
  6 => 'goods_list',
) ]
[ sql ] [ DB ] CONNECT:[ UseTime:0.011542s ] mysql:host=localhost;port=3306;dbname=tianzi_gdsy;charset=utf8
[ sql ] [ SQL ] SHOW COLUMNS FROM `sy_adminuser` [ RunTime:0.002642s ]
[ sql ] [ SQL ] SELECT * FROM `sy_adminuser` WHERE  `id` = 1 LIMIT 1 [ RunTime:0.000547s ]
[ sql ] [ SQL ] SELECT * FROM `sy_adminuser` WHERE  `id` = 1 LIMIT 1 [ RunTime:0.000417s ]
[ sql ] [ SQL ] SHOW COLUMNS FROM `sy_school` [ RunTime:0.001393s ]
[ sql ] [ SQL ] SELECT * FROM `sy_school` ORDER BY `sortby` DESC,`id` DESC [ RunTime:0.000421s ]
[ sql ] [ SQL ] SHOW COLUMNS FROM `sy_orders` [ RunTime:0.001458s ]
[ sql ] [ SQL ] SELECT COUNT(*) AS tp_count FROM sy_orders o LEFT JOIN `sy_goods` `g` ON `g`.`id`=`o`.`goods_id` LEFT JOIN `sy_broadband` `b` ON `b`.`id`=`o`.`broadband_id` WHERE  `o`.`create_time` <= '2021-07-18 23:59:59' [ RunTime:0.001898s ]
[ sql ] [ SQL ] SELECT `o`.*,`g`.`goods_title`,`b`.`keyaccount`,`b`.`keypassword` FROM sy_orders o LEFT JOIN `sy_goods` `g` ON `g`.`id`=`o`.`goods_id` LEFT JOIN `sy_broadband` `b` ON `b`.`id`=`o`.`broadband_id` WHERE  `o`.`create_time` <= '2021-07-18 23:59:59' ORDER BY `o`.`id` DESC LIMIT 0,20 [ RunTime:0.001318s ]
[ sql ] [ SQL ] SELECT * FROM `sy_school` ORDER BY `sortby` DESC,`id` DESC [ RunTime:0.000587s ]
[ sql ] [ SQL ] SHOW COLUMNS FROM `sy_goods` [ RunTime:0.000698s ]
[ sql ] [ SQL ] SELECT * FROM `sy_goods` ORDER BY `goods_sortby` DESC,`id` DESC [ RunTime:0.000403s ]
[ sql ] [ SQL ] SHOW COLUMNS FROM `sy_admin_action_log` [ RunTime:0.001817s ]
[ sql ] [ SQL ] INSERT INTO `sy_admin_action_log` (`method` , `params` , `url` , `ip` , `admin_id` , `create_time`) VALUES ('GET' , 'a:2:{s:3:\"get\";a:0:{}s:4:\"post\";a:0:{}}' , 'sytechadmin/orders/orders_list.html' , '127.0.0.1' , 1 , '2021-07-18 19:30:36') [ RunTime:0.000346s ]
---------------------------------------------------------------

[2021-07-18T23:52:24+08:00] 127.0.0.1 GET web.tianzi.gdsytech.com/sytechadmin/orders/orders_list.html
[运行时间：1.589293s] [吞吐率：0.63req/s] [内存消耗：5,640.73kb] [文件加载：177]
[ info ] [ LANG ] D:\webenv\Apache2.4.33\htdocs\tianzi.gdsytech.com\thinkphp\lang\zh-cn.php
[ info ] [ ROUTE ] array (
)
[ info ] [ HEADER ] array (
  'host' => 'web.tianzi.gdsytech.com',
  'connection' => 'keep-alive',
  'cache-control' => 'max-age=0',
  'upgrade-insecure-requests' => '1',
  'user-agent' => 'Mozilla/5.0 (Windows NT 10.0; WOW64) AppleWebKit/537.36 (KHTML, like Gecko) Chrome/91.0.4472.124 Safari/537.36',
  'accept' => 'text/html,application/xhtml+xml,application/xml;q=0.9,image/avif,image/webp,image/apng,*/*;q=0.8,application/signed-exchange;v=b3;q=0.9',
  'referer' => 'http://web.tianzi.gdsytech.com/sytechadmin/orders/orders_list.html?a=1&school_id=2&goods_id=0&status=0&applytime_end=2021-07-18%2023:59:59',
  'accept-encoding' => 'gzip, deflate',
  'accept-language' => 'zh-CN,zh;q=0.9',
  'cookie' => 'sy=khddne3vvfd8e2m9n9pvgls85r',
)
[ info ] [ PARAM ] array (
)
[ info ] [ DB ] INIT mysql
[ info ] [ VIEW ] D:\webenv\Apache2.4.33\htdocs\tianzi.gdsytech.com\application\sytechadmin\view\orders\orders_list.html [ array (
  0 => 'admininfo',
  1 => 'search',
  2 => 'list',
  3 => 'count',
  4 => 'page',
  5 => 'school_list',
  6 => 'goods_list',
) ]
[ sql ] [ DB ] CONNECT:[ UseTime:0.158565s ] mysql:host=localhost;port=3306;dbname=tianzi_gdsy;charset=utf8
[ sql ] [ SQL ] SHOW COLUMNS FROM `sy_adminuser` [ RunTime:0.179892s ]
[ sql ] [ SQL ] SELECT * FROM `sy_adminuser` WHERE  `id` = 1 LIMIT 1 [ RunTime:0.023406s ]
[ sql ] [ SQL ] SELECT * FROM `sy_adminuser` WHERE  `id` = 1 LIMIT 1 [ RunTime:0.001167s ]
[ sql ] [ SQL ] SHOW COLUMNS FROM `sy_school` [ RunTime:0.019530s ]
[ sql ] [ SQL ] SELECT * FROM `sy_school` ORDER BY `sortby` DESC,`id` DESC [ RunTime:0.009978s ]
[ sql ] [ SQL ] SHOW COLUMNS FROM `sy_orders` [ RunTime:0.015724s ]
[ sql ] [ SQL ] SELECT COUNT(*) AS tp_count FROM sy_orders o LEFT JOIN `sy_goods` `g` ON `g`.`id`=`o`.`goods_id` LEFT JOIN `sy_broadband` `b` ON `b`.`id`=`o`.`broadband_id` WHERE  `o`.`create_time` <= '2021-07-18 23:59:59' [ RunTime:0.036807s ]
[ sql ] [ SQL ] SELECT `o`.*,`g`.`goods_title`,`b`.`keyaccount`,`b`.`keypassword` FROM sy_orders o LEFT JOIN `sy_goods` `g` ON `g`.`id`=`o`.`goods_id` LEFT JOIN `sy_broadband` `b` ON `b`.`id`=`o`.`broadband_id` WHERE  `o`.`create_time` <= '2021-07-18 23:59:59' ORDER BY `o`.`id` DESC LIMIT 0,20 [ RunTime:0.005400s ]
[ sql ] [ SQL ] SELECT * FROM `sy_school` ORDER BY `sortby` DESC,`id` DESC [ RunTime:0.000993s ]
[ sql ] [ SQL ] SHOW COLUMNS FROM `sy_goods` [ RunTime:0.001855s ]
[ sql ] [ SQL ] SELECT * FROM `sy_goods` ORDER BY `goods_sortby` DESC,`id` DESC [ RunTime:0.000878s ]
[ sql ] [ SQL ] SHOW COLUMNS FROM `sy_admin_action_log` [ RunTime:0.011391s ]
[ sql ] [ SQL ] INSERT INTO `sy_admin_action_log` (`method` , `params` , `url` , `ip` , `admin_id` , `create_time`) VALUES ('GET' , 'a:2:{s:3:\"get\";a:0:{}s:4:\"post\";a:0:{}}' , 'sytechadmin/orders/orders_list.html' , '127.0.0.1' , 1 , '2021-07-18 23:52:24') [ RunTime:0.044562s ]
