---------------------------------------------------------------

[2021-07-22T10:13:08+08:00] 127.0.0.1 GET web.tianzi.gdsytech.com/Sytechadmin/index/index.html
[运行时间：0.103489s] [吞吐率：9.66req/s] [内存消耗：4,822.86kb] [文件加载：164]
[ info ] [ LANG ] E:\webenv\apache2.4.39\htdocs\tianzi.gdsytech.com\thinkphp\lang\zh-cn.php
[ info ] [ ROUTE ] array (
)
[ info ] [ HEADER ] array (
  'host' => 'web.tianzi.gdsytech.com',
  'connection' => 'keep-alive',
  'cache-control' => 'max-age=0',
  'upgrade-insecure-requests' => '1',
  'user-agent' => 'Mozilla/5.0 (Windows NT 10.0; Win64; x64) AppleWebKit/537.36 (KHTML, like Gecko) Chrome/91.0.4472.124 Safari/537.36 Edg/91.0.864.67',
  'accept' => 'text/html,application/xhtml+xml,application/xml;q=0.9,image/webp,image/apng,*/*;q=0.8,application/signed-exchange;v=b3;q=0.9',
  'referer' => 'http://web.tianzi.gdsytech.com/Sytechadmin/login/login.html',
  'accept-encoding' => 'gzip, deflate',
  'accept-language' => 'zh-CN,zh;q=0.9,en;q=0.8,en-GB;q=0.7,en-US;q=0.6',
  'cookie' => 'sy=pstk8bgk23mkk15585dvqvkjjm',
)
[ info ] [ PARAM ] array (
)
[ info ] [ DB ] INIT mysql
[ info ] [ VIEW ] E:\webenv\apache2.4.39\htdocs\tianzi.gdsytech.com\application\sytechadmin\view\index\index.html [ array (
  0 => 'admininfo',
  1 => 'menu',
  2 => 'page_title',
) ]
[ sql ] [ DB ] CONNECT:[ UseTime:0.003181s ] mysql:host=localhost;port=3306;dbname=tianzi_gdsy;charset=utf8
[ sql ] [ SQL ] SHOW COLUMNS FROM `sy_adminuser` [ RunTime:0.002515s ]
[ sql ] [ SQL ] SELECT * FROM `sy_adminuser` WHERE  `id` = 3 LIMIT 1 [ RunTime:0.000705s ]
[ sql ] [ SQL ] SELECT * FROM `sy_adminuser` WHERE  `id` = 3 LIMIT 1 [ RunTime:0.000356s ]
[ sql ] [ SQL ] SELECT * FROM `sy_adminuser` WHERE  `id` = 3 LIMIT 1 [ RunTime:0.000387s ]
[ sql ] [ SQL ] SHOW COLUMNS FROM `sy_adminrole` [ RunTime:0.001110s ]
[ sql ] [ SQL ] SELECT * FROM `sy_adminrole` WHERE  `id` = 2 LIMIT 1 [ RunTime:0.000463s ]
[ sql ] [ SQL ] SHOW COLUMNS FROM `sy_rule` [ RunTime:0.000823s ]
[ sql ] [ SQL ] SELECT `id`,`rule_module`,`rule_controller`,`rule_action`,`rule_title`,`rule_class` FROM `sy_rule` WHERE  `id` IN (36,37,38,39,40,41,42,43,44,45,46,47,48,49,50,51,52,53,54,55,56,57,58,59,1,2,3,4,5,6,7,8,9,10,11,12,13,14,15,16,17,18)  AND `parentid` = 0  AND `rule_ismenu` = 1  AND `rule_isshow` = 1 ORDER BY `rule_sort` DESC,`id` ASC [ RunTime:0.000923s ]
[ sql ] [ SQL ] SELECT `id`,`rule_module`,`rule_controller`,`rule_action`,`rule_title`,`rule_class` FROM `sy_rule` WHERE  `id` IN (36,37,38,39,40,41,42,43,44,45,46,47,48,49,50,51,52,53,54,55,56,57,58,59,1,2,3,4,5,6,7,8,9,10,11,12,13,14,15,16,17,18)  AND `parentid` = 1  AND `rule_ismenu` = 1  AND `rule_isshow` = 1 ORDER BY `rule_sort` DESC,`id` ASC [ RunTime:0.000482s ]
[ sql ] [ SQL ] SELECT `id`,`rule_module`,`rule_controller`,`rule_action`,`rule_title`,`rule_class` FROM `sy_rule` WHERE  `id` IN (36,37,38,39,40,41,42,43,44,45,46,47,48,49,50,51,52,53,54,55,56,57,58,59,1,2,3,4,5,6,7,8,9,10,11,12,13,14,15,16,17,18)  AND `parentid` = 10  AND `rule_ismenu` = 1  AND `rule_isshow` = 1 ORDER BY `rule_sort` DESC,`id` ASC [ RunTime:0.000454s ]
[ sql ] [ SQL ] SELECT `id`,`rule_module`,`rule_controller`,`rule_action`,`rule_title`,`rule_class` FROM `sy_rule` WHERE  `id` IN (36,37,38,39,40,41,42,43,44,45,46,47,48,49,50,51,52,53,54,55,56,57,58,59,1,2,3,4,5,6,7,8,9,10,11,12,13,14,15,16,17,18)  AND `parentid` = 36  AND `rule_ismenu` = 1  AND `rule_isshow` = 1 ORDER BY `rule_sort` DESC,`id` ASC [ RunTime:0.000479s ]
[ sql ] [ SQL ] SELECT `id`,`rule_module`,`rule_controller`,`rule_action`,`rule_title`,`rule_class` FROM `sy_rule` WHERE  `id` IN (36,37,38,39,40,41,42,43,44,45,46,47,48,49,50,51,52,53,54,55,56,57,58,59,1,2,3,4,5,6,7,8,9,10,11,12,13,14,15,16,17,18)  AND `parentid` = 43  AND `rule_ismenu` = 1  AND `rule_isshow` = 1 ORDER BY `rule_sort` DESC,`id` ASC [ RunTime:0.000501s ]
[ sql ] [ SQL ] SELECT `id`,`rule_module`,`rule_controller`,`rule_action`,`rule_title`,`rule_class` FROM `sy_rule` WHERE  `id` IN (36,37,38,39,40,41,42,43,44,45,46,47,48,49,50,51,52,53,54,55,56,57,58,59,1,2,3,4,5,6,7,8,9,10,11,12,13,14,15,16,17,18)  AND `parentid` = 51  AND `rule_ismenu` = 1  AND `rule_isshow` = 1 ORDER BY `rule_sort` DESC,`id` ASC [ RunTime:0.000493s ]
---------------------------------------------------------------

[2021-07-22T10:13:08+08:00] 127.0.0.1 GET web.tianzi.gdsytech.com/sytechadmin/index/welcome.html
[运行时间：0.098900s] [吞吐率：10.11req/s] [内存消耗：4,584.39kb] [文件加载：162]
[ info ] [ LANG ] E:\webenv\apache2.4.39\htdocs\tianzi.gdsytech.com\thinkphp\lang\zh-cn.php
[ info ] [ ROUTE ] array (
)
[ info ] [ HEADER ] array (
  'host' => 'web.tianzi.gdsytech.com',
  'connection' => 'keep-alive',
  'upgrade-insecure-requests' => '1',
  'user-agent' => 'Mozilla/5.0 (Windows NT 10.0; Win64; x64) AppleWebKit/537.36 (KHTML, like Gecko) Chrome/91.0.4472.124 Safari/537.36 Edg/91.0.864.67',
  'accept' => 'text/html,application/xhtml+xml,application/xml;q=0.9,image/webp,image/apng,*/*;q=0.8,application/signed-exchange;v=b3;q=0.9',
  'referer' => 'http://web.tianzi.gdsytech.com/Sytechadmin/index/index.html',
  'accept-encoding' => 'gzip, deflate',
  'accept-language' => 'zh-CN,zh;q=0.9,en;q=0.8,en-GB;q=0.7,en-US;q=0.6',
  'cookie' => 'sy=pstk8bgk23mkk15585dvqvkjjm',
)
[ info ] [ PARAM ] array (
)
[ info ] [ DB ] INIT mysql
[ info ] [ VIEW ] E:\webenv\apache2.4.39\htdocs\tianzi.gdsytech.com\application\sytechadmin\view\index\welcome.html [ array (
  0 => 'admininfo',
  1 => 'info',
  2 => 'currenttime',
  3 => 'weektime',
) ]
[ sql ] [ DB ] CONNECT:[ UseTime:0.017573s ] mysql:host=localhost;port=3306;dbname=tianzi_gdsy;charset=utf8
[ sql ] [ SQL ] SHOW COLUMNS FROM `sy_adminuser` [ RunTime:0.001106s ]
[ sql ] [ SQL ] SELECT * FROM `sy_adminuser` WHERE  `id` = 3 LIMIT 1 [ RunTime:0.000330s ]
[ sql ] [ SQL ] SELECT * FROM `sy_adminuser` WHERE  `id` = 3 LIMIT 1 [ RunTime:0.000213s ]
---------------------------------------------------------------

[2021-07-22T10:13:08+08:00] 127.0.0.1 GET web.tianzi.gdsytech.com/sytechadmin/goods/goods_list.html
[运行时间：0.137953s] [吞吐率：7.25req/s] [内存消耗：5,285.67kb] [文件加载：175]
[ info ] [ LANG ] E:\webenv\apache2.4.39\htdocs\tianzi.gdsytech.com\thinkphp\lang\zh-cn.php
[ info ] [ ROUTE ] array (
)
[ info ] [ HEADER ] array (
  'host' => 'web.tianzi.gdsytech.com',
  'connection' => 'keep-alive',
  'upgrade-insecure-requests' => '1',
  'user-agent' => 'Mozilla/5.0 (Windows NT 10.0; Win64; x64) AppleWebKit/537.36 (KHTML, like Gecko) Chrome/91.0.4472.124 Safari/537.36 Edg/91.0.864.67',
  'accept' => 'text/html,application/xhtml+xml,application/xml;q=0.9,image/webp,image/apng,*/*;q=0.8,application/signed-exchange;v=b3;q=0.9',
  'referer' => 'http://web.tianzi.gdsytech.com/Sytechadmin/index/index.html',
  'accept-encoding' => 'gzip, deflate',
  'accept-language' => 'zh-CN,zh;q=0.9,en;q=0.8,en-GB;q=0.7,en-US;q=0.6',
  'cookie' => 'sy=pstk8bgk23mkk15585dvqvkjjm',
)
[ info ] [ PARAM ] array (
)
[ info ] [ DB ] INIT mysql
[ info ] [ VIEW ] E:\webenv\apache2.4.39\htdocs\tianzi.gdsytech.com\application\sytechadmin\view\goods\goods_list.html [ array (
  0 => 'admininfo',
  1 => 'search',
  2 => 'list',
  3 => 'count',
  4 => 'page',
) ]
[ sql ] [ DB ] CONNECT:[ UseTime:0.001795s ] mysql:host=localhost;port=3306;dbname=tianzi_gdsy;charset=utf8
[ sql ] [ SQL ] SHOW COLUMNS FROM `sy_adminuser` [ RunTime:0.000955s ]
[ sql ] [ SQL ] SELECT * FROM `sy_adminuser` WHERE  `id` = 3 LIMIT 1 [ RunTime:0.000338s ]
[ sql ] [ SQL ] SELECT * FROM `sy_adminuser` WHERE  `id` = 3 LIMIT 1 [ RunTime:0.000435s ]
[ sql ] [ SQL ] SELECT * FROM `sy_adminuser` WHERE  `id` = 3 LIMIT 1 [ RunTime:0.000444s ]
[ sql ] [ SQL ] SHOW COLUMNS FROM `sy_adminrole` [ RunTime:0.000798s ]
[ sql ] [ SQL ] SELECT * FROM `sy_adminrole` WHERE  `id` = 2 LIMIT 1 [ RunTime:0.000272s ]
[ sql ] [ SQL ] SHOW COLUMNS FROM `sy_rule` [ RunTime:0.001310s ]
[ sql ] [ SQL ] SELECT `id` FROM `sy_rule` WHERE  `rule_module` = 'sytechadmin'  AND `rule_controller` = 'goods'  AND `rule_action` = 'goods_list' LIMIT 1 [ RunTime:0.000399s ]
[ sql ] [ SQL ] SELECT * FROM `sy_adminuser` WHERE  `id` = 3 LIMIT 1 [ RunTime:0.000238s ]
[ sql ] [ SQL ] SELECT * FROM `sy_adminrole` WHERE  `id` = 2 LIMIT 1 [ RunTime:0.000177s ]
[ sql ] [ SQL ] SHOW COLUMNS FROM `sy_goods` [ RunTime:0.003140s ]
[ sql ] [ SQL ] SELECT COUNT(*) AS tp_count FROM `sy_goods` [ RunTime:0.000191s ]
[ sql ] [ SQL ] SELECT * FROM `sy_goods` ORDER BY `goods_sortby` DESC,`id` DESC LIMIT 0,20 [ RunTime:0.000277s ]
[ sql ] [ SQL ] SHOW COLUMNS FROM `sy_orders` [ RunTime:0.000673s ]
[ sql ] [ SQL ] SELECT COUNT(*) AS tp_count FROM `sy_orders` WHERE  `isdel` = 2  AND `goods_id` = 1  AND `school_id` = 2 [ RunTime:0.000342s ]
[ sql ] [ SQL ] SHOW COLUMNS FROM `sy_admin_action_log` [ RunTime:0.001052s ]
[ sql ] [ SQL ] INSERT INTO `sy_admin_action_log` (`method` , `params` , `url` , `ip` , `admin_id` , `create_time`) VALUES ('GET' , 'a:2:{s:3:\"get\";a:0:{}s:4:\"post\";a:0:{}}' , 'sytechadmin/goods/goods_list.html' , '127.0.0.1' , 3 , '2021-07-22 10:13:08') [ RunTime:0.000453s ]
---------------------------------------------------------------

[2021-07-22T10:13:08+08:00] 127.0.0.1 GET web.tianzi.gdsytech.com/sytechadmin/adminuser/adminuser_list.html
[运行时间：0.173715s] [吞吐率：5.76req/s] [内存消耗：5,304.46kb] [文件加载：175]
[ info ] [ LANG ] E:\webenv\apache2.4.39\htdocs\tianzi.gdsytech.com\thinkphp\lang\zh-cn.php
[ info ] [ ROUTE ] array (
)
[ info ] [ HEADER ] array (
  'host' => 'web.tianzi.gdsytech.com',
  'connection' => 'keep-alive',
  'upgrade-insecure-requests' => '1',
  'user-agent' => 'Mozilla/5.0 (Windows NT 10.0; Win64; x64) AppleWebKit/537.36 (KHTML, like Gecko) Chrome/91.0.4472.124 Safari/537.36 Edg/91.0.864.67',
  'accept' => 'text/html,application/xhtml+xml,application/xml;q=0.9,image/webp,image/apng,*/*;q=0.8,application/signed-exchange;v=b3;q=0.9',
  'referer' => 'http://web.tianzi.gdsytech.com/Sytechadmin/index/index.html',
  'accept-encoding' => 'gzip, deflate',
  'accept-language' => 'zh-CN,zh;q=0.9,en;q=0.8,en-GB;q=0.7,en-US;q=0.6',
  'cookie' => 'sy=pstk8bgk23mkk15585dvqvkjjm',
)
[ info ] [ PARAM ] array (
)
[ info ] [ DB ] INIT mysql
[ info ] [ VIEW ] E:\webenv\apache2.4.39\htdocs\tianzi.gdsytech.com\application\sytechadmin\view\adminuser\adminuser_list.html [ array (
  0 => 'admininfo',
  1 => 'search',
  2 => 'list',
  3 => 'count',
  4 => 'page',
  5 => 'school_list',
) ]
[ sql ] [ DB ] CONNECT:[ UseTime:0.001624s ] mysql:host=localhost;port=3306;dbname=tianzi_gdsy;charset=utf8
[ sql ] [ SQL ] SHOW COLUMNS FROM `sy_adminuser` [ RunTime:0.001049s ]
[ sql ] [ SQL ] SELECT * FROM `sy_adminuser` WHERE  `id` = 3 LIMIT 1 [ RunTime:0.000384s ]
[ sql ] [ SQL ] SELECT * FROM `sy_adminuser` WHERE  `id` = 3 LIMIT 1 [ RunTime:0.000219s ]
[ sql ] [ SQL ] SELECT * FROM `sy_adminuser` WHERE  `id` = 3 LIMIT 1 [ RunTime:0.000327s ]
[ sql ] [ SQL ] SHOW COLUMNS FROM `sy_adminrole` [ RunTime:0.000656s ]
[ sql ] [ SQL ] SELECT * FROM `sy_adminrole` WHERE  `id` = 2 LIMIT 1 [ RunTime:0.000219s ]
[ sql ] [ SQL ] SHOW COLUMNS FROM `sy_rule` [ RunTime:0.000614s ]
[ sql ] [ SQL ] SELECT `id` FROM `sy_rule` WHERE  `rule_module` = 'sytechadmin'  AND `rule_controller` = 'adminuser'  AND `rule_action` = 'adminuser_list' LIMIT 1 [ RunTime:0.000256s ]
[ sql ] [ SQL ] SELECT * FROM `sy_adminuser` WHERE  `id` = 3 LIMIT 1 [ RunTime:0.000230s ]
[ sql ] [ SQL ] SELECT * FROM `sy_adminrole` WHERE  `id` = 2 LIMIT 1 [ RunTime:0.000186s ]
[ sql ] [ SQL ] SHOW COLUMNS FROM `sy_school` [ RunTime:0.000678s ]
[ sql ] [ SQL ] SELECT * FROM `sy_school` ORDER BY `id` ASC [ RunTime:0.000311s ]
[ sql ] [ SQL ] SELECT COUNT(*) AS tp_count FROM `sy_adminuser` WHERE  `id` <> 1  AND `school_id` = 2 [ RunTime:0.000507s ]
[ sql ] [ SQL ] SELECT * FROM `sy_adminuser` WHERE  `id` <> 1  AND `school_id` = 2 ORDER BY `id` ASC LIMIT 0,20 [ RunTime:0.000418s ]
[ sql ] [ SQL ] SELECT * FROM `sy_adminrole` WHERE  `id` = 2 LIMIT 1 [ RunTime:0.000345s ]
[ sql ] [ SQL ] SELECT * FROM `sy_school` WHERE  `id` = 2 ORDER BY `id` ASC [ RunTime:0.000272s ]
[ sql ] [ SQL ] SHOW COLUMNS FROM `sy_admin_action_log` [ RunTime:0.000785s ]
[ sql ] [ SQL ] INSERT INTO `sy_admin_action_log` (`method` , `params` , `url` , `ip` , `admin_id` , `create_time`) VALUES ('GET' , 'a:2:{s:3:\"get\";a:0:{}s:4:\"post\";a:0:{}}' , 'sytechadmin/adminuser/adminuser_list.html' , '127.0.0.1' , 3 , '2021-07-22 10:13:08') [ RunTime:0.000250s ]
---------------------------------------------------------------

[2021-07-22T10:13:08+08:00] 127.0.0.1 GET web.tianzi.gdsytech.com/sytechadmin/broadband/broadband_list.html
[运行时间：0.221598s] [吞吐率：4.51req/s] [内存消耗：5,376.22kb] [文件加载：176]
[ info ] [ LANG ] E:\webenv\apache2.4.39\htdocs\tianzi.gdsytech.com\thinkphp\lang\zh-cn.php
[ info ] [ ROUTE ] array (
)
[ info ] [ HEADER ] array (
  'host' => 'web.tianzi.gdsytech.com',
  'connection' => 'keep-alive',
  'upgrade-insecure-requests' => '1',
  'user-agent' => 'Mozilla/5.0 (Windows NT 10.0; Win64; x64) AppleWebKit/537.36 (KHTML, like Gecko) Chrome/91.0.4472.124 Safari/537.36 Edg/91.0.864.67',
  'accept' => 'text/html,application/xhtml+xml,application/xml;q=0.9,image/webp,image/apng,*/*;q=0.8,application/signed-exchange;v=b3;q=0.9',
  'referer' => 'http://web.tianzi.gdsytech.com/Sytechadmin/index/index.html',
  'accept-encoding' => 'gzip, deflate',
  'accept-language' => 'zh-CN,zh;q=0.9,en;q=0.8,en-GB;q=0.7,en-US;q=0.6',
  'cookie' => 'sy=pstk8bgk23mkk15585dvqvkjjm',
)
[ info ] [ PARAM ] array (
)
[ info ] [ DB ] INIT mysql
[ info ] [ VIEW ] E:\webenv\apache2.4.39\htdocs\tianzi.gdsytech.com\application\sytechadmin\view\broadband\broadband_list.html [ array (
  0 => 'admininfo',
  1 => 'search',
  2 => 'list',
  3 => 'count',
  4 => 'page',
  5 => 'school_list',
) ]
[ sql ] [ DB ] CONNECT:[ UseTime:0.002231s ] mysql:host=localhost;port=3306;dbname=tianzi_gdsy;charset=utf8
[ sql ] [ SQL ] SHOW COLUMNS FROM `sy_adminuser` [ RunTime:0.000995s ]
[ sql ] [ SQL ] SELECT * FROM `sy_adminuser` WHERE  `id` = 3 LIMIT 1 [ RunTime:0.000301s ]
[ sql ] [ SQL ] SELECT * FROM `sy_adminuser` WHERE  `id` = 3 LIMIT 1 [ RunTime:0.000237s ]
[ sql ] [ SQL ] SELECT * FROM `sy_adminuser` WHERE  `id` = 3 LIMIT 1 [ RunTime:0.000375s ]
[ sql ] [ SQL ] SHOW COLUMNS FROM `sy_adminrole` [ RunTime:0.000881s ]
[ sql ] [ SQL ] SELECT * FROM `sy_adminrole` WHERE  `id` = 2 LIMIT 1 [ RunTime:0.000243s ]
[ sql ] [ SQL ] SHOW COLUMNS FROM `sy_rule` [ RunTime:0.000588s ]
[ sql ] [ SQL ] SELECT `id` FROM `sy_rule` WHERE  `rule_module` = 'sytechadmin'  AND `rule_controller` = 'broadband'  AND `rule_action` = 'broadband_list' LIMIT 1 [ RunTime:0.000228s ]
[ sql ] [ SQL ] SELECT * FROM `sy_adminuser` WHERE  `id` = 3 LIMIT 1 [ RunTime:0.000203s ]
[ sql ] [ SQL ] SELECT * FROM `sy_adminrole` WHERE  `id` = 2 LIMIT 1 [ RunTime:0.000211s ]
[ sql ] [ SQL ] SHOW COLUMNS FROM `sy_school` [ RunTime:0.000837s ]
[ sql ] [ SQL ] SELECT * FROM `sy_school` ORDER BY `sortby` DESC,`id` DESC [ RunTime:0.000351s ]
[ sql ] [ SQL ] SHOW COLUMNS FROM `sy_broadband` [ RunTime:0.001368s ]
[ sql ] [ SQL ] SELECT COUNT(*) AS tp_count FROM `sy_broadband` WHERE  `school_id` = 2 [ RunTime:0.000408s ]
[ sql ] [ SQL ] SELECT * FROM `sy_broadband` WHERE  `school_id` = 2 ORDER BY `isuse` DESC,`status` ASC LIMIT 0,20 [ RunTime:0.000286s ]
[ sql ] [ SQL ] SELECT * FROM `sy_school` WHERE  `id` = 2 ORDER BY `sortby` DESC,`id` DESC [ RunTime:0.000514s ]
[ sql ] [ SQL ] SHOW COLUMNS FROM `sy_admin_action_log` [ RunTime:0.000769s ]
[ sql ] [ SQL ] INSERT INTO `sy_admin_action_log` (`method` , `params` , `url` , `ip` , `admin_id` , `create_time`) VALUES ('GET' , 'a:2:{s:3:\"get\";a:0:{}s:4:\"post\";a:0:{}}' , 'sytechadmin/broadband/broadband_list.html' , '127.0.0.1' , 3 , '2021-07-22 10:13:08') [ RunTime:0.000240s ]
---------------------------------------------------------------

[2021-07-22T10:13:08+08:00] 127.0.0.1 GET web.tianzi.gdsytech.com/sytechadmin/orders/orders_list.html
[运行时间：0.263042s] [吞吐率：3.80req/s] [内存消耗：5,597.44kb] [文件加载：177]
[ info ] [ LANG ] E:\webenv\apache2.4.39\htdocs\tianzi.gdsytech.com\thinkphp\lang\zh-cn.php
[ info ] [ ROUTE ] array (
)
[ info ] [ HEADER ] array (
  'host' => 'web.tianzi.gdsytech.com',
  'connection' => 'keep-alive',
  'upgrade-insecure-requests' => '1',
  'user-agent' => 'Mozilla/5.0 (Windows NT 10.0; Win64; x64) AppleWebKit/537.36 (KHTML, like Gecko) Chrome/91.0.4472.124 Safari/537.36 Edg/91.0.864.67',
  'accept' => 'text/html,application/xhtml+xml,application/xml;q=0.9,image/webp,image/apng,*/*;q=0.8,application/signed-exchange;v=b3;q=0.9',
  'referer' => 'http://web.tianzi.gdsytech.com/Sytechadmin/index/index.html',
  'accept-encoding' => 'gzip, deflate',
  'accept-language' => 'zh-CN,zh;q=0.9,en;q=0.8,en-GB;q=0.7,en-US;q=0.6',
  'cookie' => 'sy=pstk8bgk23mkk15585dvqvkjjm',
)
[ info ] [ PARAM ] array (
)
[ info ] [ DB ] INIT mysql
[ info ] [ VIEW ] E:\webenv\apache2.4.39\htdocs\tianzi.gdsytech.com\application\sytechadmin\view\orders\orders_list.html [ array (
  0 => 'admininfo',
  1 => 'search',
  2 => 'list',
  3 => 'count',
  4 => 'page',
  5 => 'school_list',
  6 => 'goods_list',
) ]
[ sql ] [ DB ] CONNECT:[ UseTime:0.001578s ] mysql:host=localhost;port=3306;dbname=tianzi_gdsy;charset=utf8
[ sql ] [ SQL ] SHOW COLUMNS FROM `sy_adminuser` [ RunTime:0.000998s ]
[ sql ] [ SQL ] SELECT * FROM `sy_adminuser` WHERE  `id` = 3 LIMIT 1 [ RunTime:0.000861s ]
[ sql ] [ SQL ] SELECT * FROM `sy_adminuser` WHERE  `id` = 3 LIMIT 1 [ RunTime:0.000333s ]
[ sql ] [ SQL ] SELECT * FROM `sy_adminuser` WHERE  `id` = 3 LIMIT 1 [ RunTime:0.000322s ]
[ sql ] [ SQL ] SHOW COLUMNS FROM `sy_adminrole` [ RunTime:0.000644s ]
[ sql ] [ SQL ] SELECT * FROM `sy_adminrole` WHERE  `id` = 2 LIMIT 1 [ RunTime:0.000236s ]
[ sql ] [ SQL ] SHOW COLUMNS FROM `sy_rule` [ RunTime:0.000545s ]
[ sql ] [ SQL ] SELECT `id` FROM `sy_rule` WHERE  `rule_module` = 'sytechadmin'  AND `rule_controller` = 'orders'  AND `rule_action` = 'orders_list' LIMIT 1 [ RunTime:0.000262s ]
[ sql ] [ SQL ] SELECT * FROM `sy_adminuser` WHERE  `id` = 3 LIMIT 1 [ RunTime:0.000207s ]
[ sql ] [ SQL ] SELECT * FROM `sy_adminrole` WHERE  `id` = 2 LIMIT 1 [ RunTime:0.000176s ]
[ sql ] [ SQL ] SHOW COLUMNS FROM `sy_school` [ RunTime:0.000737s ]
[ sql ] [ SQL ] SELECT * FROM `sy_school` ORDER BY `sortby` DESC,`id` DESC [ RunTime:0.000423s ]
[ sql ] [ SQL ] SHOW COLUMNS FROM `sy_orders` [ RunTime:0.000908s ]
[ sql ] [ SQL ] SELECT COUNT(*) AS tp_count FROM sy_orders o LEFT JOIN `sy_goods` `g` ON `g`.`id`=`o`.`goods_id` LEFT JOIN `sy_broadband` `b` ON `b`.`id`=`o`.`broadband_id` WHERE  `o`.`isdel` = 2  AND `o`.`school_id` = 2  AND `o`.`create_time` <= '2021-07-22 23:59:59' [ RunTime:0.000530s ]
[ sql ] [ SQL ] SELECT `o`.*,`g`.`goods_title`,`b`.`keyaccount`,`b`.`keypassword`,`b`.`start_time`,`b`.`end_time` FROM sy_orders o LEFT JOIN `sy_goods` `g` ON `g`.`id`=`o`.`goods_id` LEFT JOIN `sy_broadband` `b` ON `b`.`id`=`o`.`broadband_id` WHERE  `o`.`isdel` = 2  AND `o`.`school_id` = 2  AND `o`.`create_time` <= '2021-07-22 23:59:59' ORDER BY `o`.`id` DESC LIMIT 0,20 [ RunTime:0.000422s ]
[ sql ] [ SQL ] SELECT * FROM `sy_school` WHERE  `id` = 2 ORDER BY `sortby` DESC,`id` DESC [ RunTime:0.000374s ]
[ sql ] [ SQL ] SHOW COLUMNS FROM `sy_goods` [ RunTime:0.001883s ]
[ sql ] [ SQL ] SELECT * FROM `sy_goods` ORDER BY `goods_sortby` DESC,`id` DESC [ RunTime:0.000300s ]
[ sql ] [ SQL ] SHOW COLUMNS FROM `sy_admin_action_log` [ RunTime:0.000755s ]
[ sql ] [ SQL ] INSERT INTO `sy_admin_action_log` (`method` , `params` , `url` , `ip` , `admin_id` , `create_time`) VALUES ('GET' , 'a:2:{s:3:\"get\";a:0:{}s:4:\"post\";a:0:{}}' , 'sytechadmin/orders/orders_list.html' , '127.0.0.1' , 3 , '2021-07-22 10:13:08') [ RunTime:0.000241s ]
