---------------------------------------------------------------

[2021-08-18T18:08:39+08:00] 127.0.0.1 GET web.tianzi.gdsytech.com/sytechadmin
[运行时间：0.256336s] [吞吐率：3.90req/s] [内存消耗：3,322.08kb] [文件加载：153]
[ info ] [ LANG ] E:\webenv\apache2.4.39\htdocs\tianzi.gdsytech.com\thinkphp\lang\zh-cn.php
[ info ] [ ROUTE ] array (
)
[ info ] [ HEADER ] array (
  'host' => 'web.tianzi.gdsytech.com',
  'connection' => 'keep-alive',
  'upgrade-insecure-requests' => '1',
  'user-agent' => 'Mozilla/5.0 (Windows NT 10.0; Win64; x64) AppleWebKit/537.36 (KHTML, like Gecko) Chrome/92.0.4515.131 Safari/537.36',
  'accept' => 'text/html,application/xhtml+xml,application/xml;q=0.9,image/avif,image/webp,image/apng,*/*;q=0.8,application/signed-exchange;v=b3;q=0.9',
  'accept-encoding' => 'gzip, deflate',
  'accept-language' => 'zh-CN,zh;q=0.9',
)
[ info ] [ PARAM ] array (
)
---------------------------------------------------------------

[2021-08-18T18:08:39+08:00] 127.0.0.1 GET web.tianzi.gdsytech.com/Sytechadmin/login/login.html
[运行时间：0.104329s] [吞吐率：9.59req/s] [内存消耗：3,434.12kb] [文件加载：156]
[ info ] [ LANG ] E:\webenv\apache2.4.39\htdocs\tianzi.gdsytech.com\thinkphp\lang\zh-cn.php
[ info ] [ ROUTE ] array (
)
[ info ] [ HEADER ] array (
  'host' => 'web.tianzi.gdsytech.com',
  'connection' => 'keep-alive',
  'upgrade-insecure-requests' => '1',
  'user-agent' => 'Mozilla/5.0 (Windows NT 10.0; Win64; x64) AppleWebKit/537.36 (KHTML, like Gecko) Chrome/92.0.4515.131 Safari/537.36',
  'accept' => 'text/html,application/xhtml+xml,application/xml;q=0.9,image/avif,image/webp,image/apng,*/*;q=0.8,application/signed-exchange;v=b3;q=0.9',
  'accept-encoding' => 'gzip, deflate',
  'accept-language' => 'zh-CN,zh;q=0.9',
  'cookie' => 'sy=hiqkl15207r5iumt783d4jq377',
)
[ info ] [ PARAM ] array (
)
[ info ] [ VIEW ] E:\webenv\apache2.4.39\htdocs\tianzi.gdsytech.com\application\sytechadmin\view\login\login.html [ array (
  0 => 'page_title',
) ]
---------------------------------------------------------------

[2021-08-18T18:08:39+08:00] 127.0.0.1 GET web.tianzi.gdsytech.com/favicon.ico
[运行时间：0.058708s] [吞吐率：17.03req/s] [内存消耗：2,660.63kb] [文件加载：135]
[ info ] [ LANG ] E:\webenv\apache2.4.39\htdocs\tianzi.gdsytech.com\thinkphp\lang\zh-cn.php
---------------------------------------------------------------

[2021-08-18T18:08:45+08:00] 127.0.0.1 POST web.tianzi.gdsytech.com/sytechadmin/login/login.html
[运行时间：0.291269s] [吞吐率：3.43req/s] [内存消耗：4,781.57kb] [文件加载：168]
[ info ] [ LANG ] E:\webenv\apache2.4.39\htdocs\tianzi.gdsytech.com\thinkphp\lang\zh-cn.php
[ info ] [ ROUTE ] array (
)
[ info ] [ HEADER ] array (
  'host' => 'web.tianzi.gdsytech.com',
  'connection' => 'keep-alive',
  'content-length' => '61',
  'accept' => 'application/json, text/javascript, */*; q=0.01',
  'x-requested-with' => 'XMLHttpRequest',
  'user-agent' => 'Mozilla/5.0 (Windows NT 10.0; Win64; x64) AppleWebKit/537.36 (KHTML, like Gecko) Chrome/92.0.4515.131 Safari/537.36',
  'content-type' => 'application/x-www-form-urlencoded; charset=UTF-8',
  'origin' => 'http://web.tianzi.gdsytech.com',
  'referer' => 'http://web.tianzi.gdsytech.com/Sytechadmin/login/login.html',
  'accept-encoding' => 'gzip, deflate',
  'accept-language' => 'zh-CN,zh;q=0.9',
  'cookie' => 'sy=hiqkl15207r5iumt783d4jq377',
)
[ info ] [ PARAM ] array (
  'username' => 'tianzi',
  'userpassword' => '25d55ad283aa400af464c76d713c07ad',
)
[ info ] [ DB ] INIT mysql
[ sql ] [ DB ] CONNECT:[ UseTime:0.002127s ] mysql:host=localhost;port=3306;dbname=tianzi_gdsy;charset=utf8
[ sql ] [ SQL ] SHOW COLUMNS FROM `sy_adminuser` [ RunTime:0.069353s ]
[ sql ] [ SQL ] SELECT * FROM `sy_adminuser` WHERE  `username` = 'tianzi'  AND `password` = '550e1bafe077ff0b0b67f4e32f29d751' ORDER BY `id` DESC LIMIT 1 [ RunTime:0.000484s ]
[ sql ] [ SQL ] SELECT * FROM `sy_adminuser` WHERE  `id` = 1 LIMIT 1 [ RunTime:0.000384s ]
[ sql ] [ SQL ] SHOW COLUMNS FROM `sy_rule` [ RunTime:0.021100s ]
[ sql ] [ SQL ] SELECT * FROM `sy_rule` [ RunTime:0.000509s ]
[ sql ] [ SQL ] SHOW COLUMNS FROM `sy_admin_login_log` [ RunTime:0.008677s ]
[ sql ] [ SQL ] INSERT INTO `sy_admin_login_log` (`create_time` , `ip` , `admin_id`) VALUES ('2021-08-18 18:08:45' , '2130706433' , 1) [ RunTime:0.000672s ]
[ sql ] [ SQL ] SELECT * FROM `sy_adminuser` WHERE  `id` = 1 LIMIT 1 [ RunTime:0.000414s ]
[ sql ] [ SQL ] UPDATE `sy_adminuser`  SET `logintime` = '2021-08-18 18:08:45' , `update_time` = '2021-08-18 18:08:45'  WHERE  `id` = 1 [ RunTime:0.010431s ]
---------------------------------------------------------------

[2021-08-18T18:08:45+08:00] 127.0.0.1 GET web.tianzi.gdsytech.com/Sytechadmin/index/index.html
[运行时间：0.148731s] [吞吐率：6.72req/s] [内存消耗：4,844.23kb] [文件加载：164]
[ info ] [ LANG ] E:\webenv\apache2.4.39\htdocs\tianzi.gdsytech.com\thinkphp\lang\zh-cn.php
[ info ] [ ROUTE ] array (
)
[ info ] [ HEADER ] array (
  'host' => 'web.tianzi.gdsytech.com',
  'connection' => 'keep-alive',
  'upgrade-insecure-requests' => '1',
  'user-agent' => 'Mozilla/5.0 (Windows NT 10.0; Win64; x64) AppleWebKit/537.36 (KHTML, like Gecko) Chrome/92.0.4515.131 Safari/537.36',
  'accept' => 'text/html,application/xhtml+xml,application/xml;q=0.9,image/avif,image/webp,image/apng,*/*;q=0.8,application/signed-exchange;v=b3;q=0.9',
  'referer' => 'http://web.tianzi.gdsytech.com/Sytechadmin/login/login.html',
  'accept-encoding' => 'gzip, deflate',
  'accept-language' => 'zh-CN,zh;q=0.9',
  'cookie' => 'sy=hiqkl15207r5iumt783d4jq377',
)
[ info ] [ PARAM ] array (
)
[ info ] [ DB ] INIT mysql
[ info ] [ VIEW ] E:\webenv\apache2.4.39\htdocs\tianzi.gdsytech.com\application\sytechadmin\view\index\index.html [ array (
  0 => 'admininfo',
  1 => 'menu',
  2 => 'page_title',
) ]
[ sql ] [ DB ] CONNECT:[ UseTime:0.025833s ] mysql:host=localhost;port=3306;dbname=tianzi_gdsy;charset=utf8
[ sql ] [ SQL ] SHOW COLUMNS FROM `sy_adminuser` [ RunTime:0.003196s ]
[ sql ] [ SQL ] SELECT * FROM `sy_adminuser` WHERE  `id` = 1 LIMIT 1 [ RunTime:0.000310s ]
[ sql ] [ SQL ] SELECT * FROM `sy_adminuser` WHERE  `id` = 1 LIMIT 1 [ RunTime:0.000202s ]
[ sql ] [ SQL ] SELECT * FROM `sy_adminuser` WHERE  `id` = 1 LIMIT 1 [ RunTime:0.000557s ]
[ sql ] [ SQL ] SHOW COLUMNS FROM `sy_rule` [ RunTime:0.003051s ]
[ sql ] [ SQL ] SELECT * FROM `sy_rule` [ RunTime:0.000413s ]
[ sql ] [ SQL ] SELECT `id`,`rule_module`,`rule_controller`,`rule_action`,`rule_title`,`rule_class` FROM `sy_rule` WHERE  `id` IN (1,2,3,4,5,6,7,8,9,10,11,12,13,14,15,16,17,18,19,20,21,22,23,24,25,26,27,28,29,30,31,32,33,34,35,36,37,38,39,40,41,42,43,44,45,46,47,48,49,50,51,52,53,54,55,56,57,58,59,60)  AND `parentid` = 0  AND `rule_ismenu` = 1  AND `rule_isshow` = 1 ORDER BY `rule_sort` DESC,`id` ASC [ RunTime:0.000475s ]
[ sql ] [ SQL ] SELECT `id`,`rule_module`,`rule_controller`,`rule_action`,`rule_title`,`rule_class` FROM `sy_rule` WHERE  `id` IN (1,2,3,4,5,6,7,8,9,10,11,12,13,14,15,16,17,18,19,20,21,22,23,24,25,26,27,28,29,30,31,32,33,34,35,36,37,38,39,40,41,42,43,44,45,46,47,48,49,50,51,52,53,54,55,56,57,58,59,60)  AND `parentid` = 1  AND `rule_ismenu` = 1  AND `rule_isshow` = 1 ORDER BY `rule_sort` DESC,`id` ASC [ RunTime:0.000478s ]
[ sql ] [ SQL ] SELECT `id`,`rule_module`,`rule_controller`,`rule_action`,`rule_title`,`rule_class` FROM `sy_rule` WHERE  `id` IN (1,2,3,4,5,6,7,8,9,10,11,12,13,14,15,16,17,18,19,20,21,22,23,24,25,26,27,28,29,30,31,32,33,34,35,36,37,38,39,40,41,42,43,44,45,46,47,48,49,50,51,52,53,54,55,56,57,58,59,60)  AND `parentid` = 10  AND `rule_ismenu` = 1  AND `rule_isshow` = 1 ORDER BY `rule_sort` DESC,`id` ASC [ RunTime:0.000444s ]
[ sql ] [ SQL ] SELECT `id`,`rule_module`,`rule_controller`,`rule_action`,`rule_title`,`rule_class` FROM `sy_rule` WHERE  `id` IN (1,2,3,4,5,6,7,8,9,10,11,12,13,14,15,16,17,18,19,20,21,22,23,24,25,26,27,28,29,30,31,32,33,34,35,36,37,38,39,40,41,42,43,44,45,46,47,48,49,50,51,52,53,54,55,56,57,58,59,60)  AND `parentid` = 19  AND `rule_ismenu` = 1  AND `rule_isshow` = 1 ORDER BY `rule_sort` DESC,`id` ASC [ RunTime:0.000526s ]
[ sql ] [ SQL ] SELECT `id`,`rule_module`,`rule_controller`,`rule_action`,`rule_title`,`rule_class` FROM `sy_rule` WHERE  `id` IN (1,2,3,4,5,6,7,8,9,10,11,12,13,14,15,16,17,18,19,20,21,22,23,24,25,26,27,28,29,30,31,32,33,34,35,36,37,38,39,40,41,42,43,44,45,46,47,48,49,50,51,52,53,54,55,56,57,58,59,60)  AND `parentid` = 26  AND `rule_ismenu` = 1  AND `rule_isshow` = 1 ORDER BY `rule_sort` DESC,`id` ASC [ RunTime:0.000397s ]
[ sql ] [ SQL ] SELECT `id`,`rule_module`,`rule_controller`,`rule_action`,`rule_title`,`rule_class` FROM `sy_rule` WHERE  `id` IN (1,2,3,4,5,6,7,8,9,10,11,12,13,14,15,16,17,18,19,20,21,22,23,24,25,26,27,28,29,30,31,32,33,34,35,36,37,38,39,40,41,42,43,44,45,46,47,48,49,50,51,52,53,54,55,56,57,58,59,60)  AND `parentid` = 33  AND `rule_ismenu` = 1  AND `rule_isshow` = 1 ORDER BY `rule_sort` DESC,`id` ASC [ RunTime:0.000360s ]
[ sql ] [ SQL ] SELECT `id`,`rule_module`,`rule_controller`,`rule_action`,`rule_title`,`rule_class` FROM `sy_rule` WHERE  `id` IN (1,2,3,4,5,6,7,8,9,10,11,12,13,14,15,16,17,18,19,20,21,22,23,24,25,26,27,28,29,30,31,32,33,34,35,36,37,38,39,40,41,42,43,44,45,46,47,48,49,50,51,52,53,54,55,56,57,58,59,60)  AND `parentid` = 36  AND `rule_ismenu` = 1  AND `rule_isshow` = 1 ORDER BY `rule_sort` DESC,`id` ASC [ RunTime:0.000349s ]
[ sql ] [ SQL ] SELECT `id`,`rule_module`,`rule_controller`,`rule_action`,`rule_title`,`rule_class` FROM `sy_rule` WHERE  `id` IN (1,2,3,4,5,6,7,8,9,10,11,12,13,14,15,16,17,18,19,20,21,22,23,24,25,26,27,28,29,30,31,32,33,34,35,36,37,38,39,40,41,42,43,44,45,46,47,48,49,50,51,52,53,54,55,56,57,58,59,60)  AND `parentid` = 43  AND `rule_ismenu` = 1  AND `rule_isshow` = 1 ORDER BY `rule_sort` DESC,`id` ASC [ RunTime:0.000353s ]
[ sql ] [ SQL ] SELECT `id`,`rule_module`,`rule_controller`,`rule_action`,`rule_title`,`rule_class` FROM `sy_rule` WHERE  `id` IN (1,2,3,4,5,6,7,8,9,10,11,12,13,14,15,16,17,18,19,20,21,22,23,24,25,26,27,28,29,30,31,32,33,34,35,36,37,38,39,40,41,42,43,44,45,46,47,48,49,50,51,52,53,54,55,56,57,58,59,60)  AND `parentid` = 51  AND `rule_ismenu` = 1  AND `rule_isshow` = 1 ORDER BY `rule_sort` DESC,`id` ASC [ RunTime:0.000371s ]
[ sql ] [ SQL ] SELECT `id`,`rule_module`,`rule_controller`,`rule_action`,`rule_title`,`rule_class` FROM `sy_rule` WHERE  `id` IN (1,2,3,4,5,6,7,8,9,10,11,12,13,14,15,16,17,18,19,20,21,22,23,24,25,26,27,28,29,30,31,32,33,34,35,36,37,38,39,40,41,42,43,44,45,46,47,48,49,50,51,52,53,54,55,56,57,58,59,60)  AND `parentid` = 60  AND `rule_ismenu` = 1  AND `rule_isshow` = 1 ORDER BY `rule_sort` DESC,`id` ASC [ RunTime:0.000357s ]
---------------------------------------------------------------

[2021-08-18T18:08:46+08:00] 127.0.0.1 GET web.tianzi.gdsytech.com/sytechadmin/index/welcome.html
[运行时间：0.097560s] [吞吐率：10.25req/s] [内存消耗：4,583.91kb] [文件加载：162]
[ info ] [ LANG ] E:\webenv\apache2.4.39\htdocs\tianzi.gdsytech.com\thinkphp\lang\zh-cn.php
[ info ] [ ROUTE ] array (
)
[ info ] [ HEADER ] array (
  'host' => 'web.tianzi.gdsytech.com',
  'connection' => 'keep-alive',
  'upgrade-insecure-requests' => '1',
  'user-agent' => 'Mozilla/5.0 (Windows NT 10.0; Win64; x64) AppleWebKit/537.36 (KHTML, like Gecko) Chrome/92.0.4515.131 Safari/537.36',
  'accept' => 'text/html,application/xhtml+xml,application/xml;q=0.9,image/avif,image/webp,image/apng,*/*;q=0.8,application/signed-exchange;v=b3;q=0.9',
  'referer' => 'http://web.tianzi.gdsytech.com/Sytechadmin/index/index.html',
  'accept-encoding' => 'gzip, deflate',
  'accept-language' => 'zh-CN,zh;q=0.9',
  'cookie' => 'sy=hiqkl15207r5iumt783d4jq377',
)
[ info ] [ PARAM ] array (
)
[ info ] [ DB ] INIT mysql
[ info ] [ VIEW ] E:\webenv\apache2.4.39\htdocs\tianzi.gdsytech.com\application\sytechadmin\view\index\welcome.html [ array (
  0 => 'admininfo',
  1 => 'info',
  2 => 'currenttime',
  3 => 'weektime',
) ]
[ sql ] [ DB ] CONNECT:[ UseTime:0.017307s ] mysql:host=localhost;port=3306;dbname=tianzi_gdsy;charset=utf8
[ sql ] [ SQL ] SHOW COLUMNS FROM `sy_adminuser` [ RunTime:0.003045s ]
[ sql ] [ SQL ] SELECT * FROM `sy_adminuser` WHERE  `id` = 1 LIMIT 1 [ RunTime:0.000429s ]
[ sql ] [ SQL ] SELECT * FROM `sy_adminuser` WHERE  `id` = 1 LIMIT 1 [ RunTime:0.000353s ]
---------------------------------------------------------------

[2021-08-18T18:08:46+08:00] 127.0.0.1 GET web.tianzi.gdsytech.com/sytechadmin/goods/goods_list.html
[运行时间：0.259000s] [吞吐率：3.86req/s] [内存消耗：5,171.89kb] [文件加载：174]
[ info ] [ LANG ] E:\webenv\apache2.4.39\htdocs\tianzi.gdsytech.com\thinkphp\lang\zh-cn.php
[ info ] [ ROUTE ] array (
)
[ info ] [ HEADER ] array (
  'host' => 'web.tianzi.gdsytech.com',
  'connection' => 'keep-alive',
  'upgrade-insecure-requests' => '1',
  'user-agent' => 'Mozilla/5.0 (Windows NT 10.0; Win64; x64) AppleWebKit/537.36 (KHTML, like Gecko) Chrome/92.0.4515.131 Safari/537.36',
  'accept' => 'text/html,application/xhtml+xml,application/xml;q=0.9,image/avif,image/webp,image/apng,*/*;q=0.8,application/signed-exchange;v=b3;q=0.9',
  'referer' => 'http://web.tianzi.gdsytech.com/Sytechadmin/index/index.html',
  'accept-encoding' => 'gzip, deflate',
  'accept-language' => 'zh-CN,zh;q=0.9',
  'cookie' => 'sy=hiqkl15207r5iumt783d4jq377',
)
[ info ] [ PARAM ] array (
)
[ info ] [ DB ] INIT mysql
[ info ] [ VIEW ] E:\webenv\apache2.4.39\htdocs\tianzi.gdsytech.com\application\sytechadmin\view\goods\goods_list.html [ array (
  0 => 'admininfo',
  1 => 'search',
  2 => 'list',
  3 => 'count',
  4 => 'page',
) ]
[ sql ] [ DB ] CONNECT:[ UseTime:0.001717s ] mysql:host=localhost;port=3306;dbname=tianzi_gdsy;charset=utf8
[ sql ] [ SQL ] SHOW COLUMNS FROM `sy_adminuser` [ RunTime:0.003853s ]
[ sql ] [ SQL ] SELECT * FROM `sy_adminuser` WHERE  `id` = 1 LIMIT 1 [ RunTime:0.000328s ]
[ sql ] [ SQL ] SELECT * FROM `sy_adminuser` WHERE  `id` = 1 LIMIT 1 [ RunTime:0.000205s ]
[ sql ] [ SQL ] SHOW COLUMNS FROM `sy_goods` [ RunTime:0.023710s ]
[ sql ] [ SQL ] SELECT COUNT(*) AS tp_count FROM `sy_goods` [ RunTime:0.000198s ]
[ sql ] [ SQL ] SELECT * FROM `sy_goods` ORDER BY `goods_sortby` DESC,`id` DESC LIMIT 0,20 [ RunTime:0.019588s ]
[ sql ] [ SQL ] SHOW COLUMNS FROM `sy_orders` [ RunTime:0.046365s ]
[ sql ] [ SQL ] SELECT COUNT(*) AS tp_count FROM `sy_orders` WHERE  `isdel` = 2  AND `goods_id` = 1 [ RunTime:0.000343s ]
[ sql ] [ SQL ] SHOW COLUMNS FROM `sy_admin_action_log` [ RunTime:0.016653s ]
[ sql ] [ SQL ] INSERT INTO `sy_admin_action_log` (`method` , `params` , `url` , `ip` , `admin_id` , `create_time`) VALUES ('GET' , 'a:2:{s:3:\"get\";a:0:{}s:4:\"post\";a:0:{}}' , 'sytechadmin/goods/goods_list.html' , '127.0.0.1' , 1 , '2021-08-18 18:08:46') [ RunTime:0.018565s ]
---------------------------------------------------------------

[2021-08-18T18:08:46+08:00] 127.0.0.1 GET web.tianzi.gdsytech.com/sytechadmin/orders/orders_list.html
[运行时间：0.462126s] [吞吐率：2.16req/s] [内存消耗：5,571.59kb] [文件加载：176]
[ info ] [ LANG ] E:\webenv\apache2.4.39\htdocs\tianzi.gdsytech.com\thinkphp\lang\zh-cn.php
[ info ] [ ROUTE ] array (
)
[ info ] [ HEADER ] array (
  'host' => 'web.tianzi.gdsytech.com',
  'connection' => 'keep-alive',
  'upgrade-insecure-requests' => '1',
  'user-agent' => 'Mozilla/5.0 (Windows NT 10.0; Win64; x64) AppleWebKit/537.36 (KHTML, like Gecko) Chrome/92.0.4515.131 Safari/537.36',
  'accept' => 'text/html,application/xhtml+xml,application/xml;q=0.9,image/avif,image/webp,image/apng,*/*;q=0.8,application/signed-exchange;v=b3;q=0.9',
  'referer' => 'http://web.tianzi.gdsytech.com/Sytechadmin/index/index.html',
  'accept-encoding' => 'gzip, deflate',
  'accept-language' => 'zh-CN,zh;q=0.9',
  'cookie' => 'sy=hiqkl15207r5iumt783d4jq377',
)
[ info ] [ PARAM ] array (
)
[ info ] [ DB ] INIT mysql
[ info ] [ VIEW ] E:\webenv\apache2.4.39\htdocs\tianzi.gdsytech.com\application\sytechadmin\view\orders\orders_list.html [ array (
  0 => 'admininfo',
  1 => 'search',
  2 => 'list',
  3 => 'count',
  4 => 'page',
  5 => 'school_list',
  6 => 'goods_list',
) ]
[ sql ] [ DB ] CONNECT:[ UseTime:0.025390s ] mysql:host=localhost;port=3306;dbname=tianzi_gdsy;charset=utf8
[ sql ] [ SQL ] SHOW COLUMNS FROM `sy_adminuser` [ RunTime:0.003070s ]
[ sql ] [ SQL ] SELECT * FROM `sy_adminuser` WHERE  `id` = 1 LIMIT 1 [ RunTime:0.000429s ]
[ sql ] [ SQL ] SELECT * FROM `sy_adminuser` WHERE  `id` = 1 LIMIT 1 [ RunTime:0.000358s ]
[ sql ] [ SQL ] SHOW COLUMNS FROM `sy_school` [ RunTime:0.005165s ]
[ sql ] [ SQL ] SELECT * FROM `sy_school` ORDER BY `sortby` DESC,`id` DESC [ RunTime:0.000310s ]
[ sql ] [ SQL ] SHOW COLUMNS FROM `sy_orders` [ RunTime:0.002868s ]
[ sql ] [ SQL ] SELECT COUNT(*) AS tp_count FROM sy_orders o LEFT JOIN `sy_goods` `g` ON `g`.`id`=`o`.`goods_id` LEFT JOIN `sy_broadband` `b` ON `b`.`id`=`o`.`broadband_id` WHERE  `o`.`isdel` = 2  AND `o`.`create_time` <= '2021-08-18 23:59:59' [ RunTime:0.023364s ]
[ sql ] [ SQL ] SELECT `o`.*,`g`.`goods_title`,`b`.`keyaccount`,`b`.`keypassword`,`b`.`start_time`,`b`.`end_time` FROM sy_orders o LEFT JOIN `sy_goods` `g` ON `g`.`id`=`o`.`goods_id` LEFT JOIN `sy_broadband` `b` ON `b`.`id`=`o`.`broadband_id` WHERE  `o`.`isdel` = 2  AND `o`.`create_time` <= '2021-08-18 23:59:59' ORDER BY `o`.`id` DESC LIMIT 0,20 [ RunTime:0.012422s ]
[ sql ] [ SQL ] SELECT * FROM `sy_school` ORDER BY `sortby` DESC,`id` DESC [ RunTime:0.000376s ]
[ sql ] [ SQL ] SHOW COLUMNS FROM `sy_goods` [ RunTime:0.001788s ]
[ sql ] [ SQL ] SELECT * FROM `sy_goods` ORDER BY `goods_sortby` DESC,`id` DESC [ RunTime:0.000403s ]
[ sql ] [ SQL ] SHOW COLUMNS FROM `sy_admin_action_log` [ RunTime:0.001152s ]
[ sql ] [ SQL ] INSERT INTO `sy_admin_action_log` (`method` , `params` , `url` , `ip` , `admin_id` , `create_time`) VALUES ('GET' , 'a:2:{s:3:\"get\";a:0:{}s:4:\"post\";a:0:{}}' , 'sytechadmin/orders/orders_list.html' , '127.0.0.1' , 1 , '2021-08-18 18:08:46') [ RunTime:0.000329s ]
---------------------------------------------------------------

[2021-08-18T18:08:46+08:00] 127.0.0.1 GET web.tianzi.gdsytech.com/sytechadmin/broadband/broadband_list.html
[运行时间：0.585553s] [吞吐率：1.71req/s] [内存消耗：5,309.13kb] [文件加载：175]
[ info ] [ LANG ] E:\webenv\apache2.4.39\htdocs\tianzi.gdsytech.com\thinkphp\lang\zh-cn.php
[ info ] [ ROUTE ] array (
)
[ info ] [ HEADER ] array (
  'host' => 'web.tianzi.gdsytech.com',
  'connection' => 'keep-alive',
  'upgrade-insecure-requests' => '1',
  'user-agent' => 'Mozilla/5.0 (Windows NT 10.0; Win64; x64) AppleWebKit/537.36 (KHTML, like Gecko) Chrome/92.0.4515.131 Safari/537.36',
  'accept' => 'text/html,application/xhtml+xml,application/xml;q=0.9,image/avif,image/webp,image/apng,*/*;q=0.8,application/signed-exchange;v=b3;q=0.9',
  'referer' => 'http://web.tianzi.gdsytech.com/Sytechadmin/index/index.html',
  'accept-encoding' => 'gzip, deflate',
  'accept-language' => 'zh-CN,zh;q=0.9',
  'cookie' => 'sy=hiqkl15207r5iumt783d4jq377',
)
[ info ] [ PARAM ] array (
)
[ info ] [ DB ] INIT mysql
[ info ] [ VIEW ] E:\webenv\apache2.4.39\htdocs\tianzi.gdsytech.com\application\sytechadmin\view\broadband\broadband_list.html [ array (
  0 => 'admininfo',
  1 => 'search',
  2 => 'list',
  3 => 'count',
  4 => 'page',
  5 => 'school_list',
) ]
[ sql ] [ DB ] CONNECT:[ UseTime:0.023288s ] mysql:host=localhost;port=3306;dbname=tianzi_gdsy;charset=utf8
[ sql ] [ SQL ] SHOW COLUMNS FROM `sy_adminuser` [ RunTime:0.003242s ]
[ sql ] [ SQL ] SELECT * FROM `sy_adminuser` WHERE  `id` = 1 LIMIT 1 [ RunTime:0.000393s ]
[ sql ] [ SQL ] SELECT * FROM `sy_adminuser` WHERE  `id` = 1 LIMIT 1 [ RunTime:0.000346s ]
[ sql ] [ SQL ] SHOW COLUMNS FROM `sy_school` [ RunTime:0.002997s ]
[ sql ] [ SQL ] SELECT * FROM `sy_school` ORDER BY `sortby` DESC,`id` DESC [ RunTime:0.000337s ]
[ sql ] [ SQL ] SHOW COLUMNS FROM `sy_broadband` [ RunTime:0.002792s ]
[ sql ] [ SQL ] SELECT COUNT(*) AS tp_count FROM `sy_broadband` [ RunTime:0.000299s ]
[ sql ] [ SQL ] SELECT * FROM `sy_broadband` ORDER BY `isuse` DESC,`status` ASC LIMIT 0,20 [ RunTime:0.000360s ]
[ sql ] [ SQL ] SELECT * FROM `sy_school` ORDER BY `sortby` DESC,`id` DESC [ RunTime:0.000534s ]
[ sql ] [ SQL ] SHOW COLUMNS FROM `sy_admin_action_log` [ RunTime:0.003051s ]
[ sql ] [ SQL ] INSERT INTO `sy_admin_action_log` (`method` , `params` , `url` , `ip` , `admin_id` , `create_time`) VALUES ('GET' , 'a:2:{s:3:\"get\";a:0:{}s:4:\"post\";a:0:{}}' , 'sytechadmin/broadband/broadband_list.html' , '127.0.0.1' , 1 , '2021-08-18 18:08:46') [ RunTime:0.000374s ]
---------------------------------------------------------------

[2021-08-18T18:08:50+08:00] 127.0.0.1 GET web.tianzi.gdsytech.com/sytechadmin/orders/orders_list.html?a=1&school_id=0&goods_id=0&status=2&applytime_end=2021-08-18%2023:59:59
[运行时间：0.099858s] [吞吐率：10.01req/s] [内存消耗：5,196.60kb] [文件加载：174]
[ info ] [ LANG ] E:\webenv\apache2.4.39\htdocs\tianzi.gdsytech.com\thinkphp\lang\zh-cn.php
[ info ] [ ROUTE ] array (
)
[ info ] [ HEADER ] array (
  'host' => 'web.tianzi.gdsytech.com',
  'connection' => 'keep-alive',
  'upgrade-insecure-requests' => '1',
  'user-agent' => 'Mozilla/5.0 (Windows NT 10.0; Win64; x64) AppleWebKit/537.36 (KHTML, like Gecko) Chrome/92.0.4515.131 Safari/537.36',
  'accept' => 'text/html,application/xhtml+xml,application/xml;q=0.9,image/avif,image/webp,image/apng,*/*;q=0.8,application/signed-exchange;v=b3;q=0.9',
  'referer' => 'http://web.tianzi.gdsytech.com/sytechadmin/orders/orders_list.html',
  'accept-encoding' => 'gzip, deflate',
  'accept-language' => 'zh-CN,zh;q=0.9',
  'cookie' => 'sy=hiqkl15207r5iumt783d4jq377',
)
[ info ] [ PARAM ] array (
  'a' => '1',
  'school_id' => '0',
  'goods_id' => '0',
  'status' => '2',
  'applytime_end' => '2021-08-18 23:59:59',
)
[ info ] [ DB ] INIT mysql
[ info ] [ VIEW ] E:\webenv\apache2.4.39\htdocs\tianzi.gdsytech.com\application\sytechadmin\view\orders\orders_list.html [ array (
  0 => 'admininfo',
  1 => 'search',
  2 => 'list',
  3 => 'count',
  4 => 'page',
  5 => 'school_list',
  6 => 'goods_list',
) ]
[ sql ] [ DB ] CONNECT:[ UseTime:0.019128s ] mysql:host=localhost;port=3306;dbname=tianzi_gdsy;charset=utf8
[ sql ] [ SQL ] SHOW COLUMNS FROM `sy_adminuser` [ RunTime:0.003014s ]
[ sql ] [ SQL ] SELECT * FROM `sy_adminuser` WHERE  `id` = 1 LIMIT 1 [ RunTime:0.000371s ]
[ sql ] [ SQL ] SELECT * FROM `sy_adminuser` WHERE  `id` = 1 LIMIT 1 [ RunTime:0.000272s ]
[ sql ] [ SQL ] SHOW COLUMNS FROM `sy_school` [ RunTime:0.002736s ]
[ sql ] [ SQL ] SELECT * FROM `sy_school` ORDER BY `sortby` DESC,`id` DESC [ RunTime:0.000348s ]
[ sql ] [ SQL ] SHOW COLUMNS FROM `sy_orders` [ RunTime:0.002759s ]
[ sql ] [ SQL ] SELECT COUNT(*) AS tp_count FROM sy_orders o LEFT JOIN `sy_goods` `g` ON `g`.`id`=`o`.`goods_id` LEFT JOIN `sy_broadband` `b` ON `b`.`id`=`o`.`broadband_id` WHERE  `o`.`isdel` = 2  AND `o`.`status` = 2  AND `o`.`create_time` <= '2021-08-18 23:59:59' [ RunTime:0.004397s ]
[ sql ] [ SQL ] SELECT `o`.*,`g`.`goods_title`,`b`.`keyaccount`,`b`.`keypassword`,`b`.`start_time`,`b`.`end_time` FROM sy_orders o LEFT JOIN `sy_goods` `g` ON `g`.`id`=`o`.`goods_id` LEFT JOIN `sy_broadband` `b` ON `b`.`id`=`o`.`broadband_id` WHERE  `o`.`isdel` = 2  AND `o`.`status` = 2  AND `o`.`create_time` <= '2021-08-18 23:59:59' ORDER BY `o`.`id` DESC LIMIT 0,20 [ RunTime:0.000462s ]
[ sql ] [ SQL ] SELECT * FROM `sy_school` ORDER BY `sortby` DESC,`id` DESC [ RunTime:0.000308s ]
[ sql ] [ SQL ] SHOW COLUMNS FROM `sy_goods` [ RunTime:0.000781s ]
[ sql ] [ SQL ] SELECT * FROM `sy_goods` ORDER BY `goods_sortby` DESC,`id` DESC [ RunTime:0.000239s ]
[ sql ] [ SQL ] SHOW COLUMNS FROM `sy_admin_action_log` [ RunTime:0.001044s ]
[ sql ] [ SQL ] INSERT INTO `sy_admin_action_log` (`method` , `params` , `url` , `ip` , `admin_id` , `create_time`) VALUES ('GET' , 'a:2:{s:3:\"get\";a:5:{s:1:\"a\";s:1:\"1\";s:9:\"school_id\";s:1:\"0\";s:8:\"goods_id\";s:1:\"0\";s:6:\"status\";s:1:\"2\";s:13:\"applytime_end\";s:19:\"2021-08-18 23:59:59\";}s:4:\"post\";a:0:{}}' , 'sytechadmin/orders/orders_list.html' , '127.0.0.1' , 1 , '2021-08-18 18:08:50') [ RunTime:0.000332s ]
---------------------------------------------------------------

[2021-08-18T18:08:58+08:00] 127.0.0.1 GET web.tianzi.gdsytech.com/sytechadmin/broadband/broadband_list.html?a=1
[运行时间：0.088225s] [吞吐率：11.33req/s] [内存消耗：5,081.09kb] [文件加载：173]
[ info ] [ LANG ] E:\webenv\apache2.4.39\htdocs\tianzi.gdsytech.com\thinkphp\lang\zh-cn.php
[ info ] [ ROUTE ] array (
)
[ info ] [ HEADER ] array (
  'host' => 'web.tianzi.gdsytech.com',
  'connection' => 'keep-alive',
  'upgrade-insecure-requests' => '1',
  'user-agent' => 'Mozilla/5.0 (Windows NT 10.0; Win64; x64) AppleWebKit/537.36 (KHTML, like Gecko) Chrome/92.0.4515.131 Safari/537.36',
  'accept' => 'text/html,application/xhtml+xml,application/xml;q=0.9,image/avif,image/webp,image/apng,*/*;q=0.8,application/signed-exchange;v=b3;q=0.9',
  'referer' => 'http://web.tianzi.gdsytech.com/sytechadmin/broadband/broadband_list.html',
  'accept-encoding' => 'gzip, deflate',
  'accept-language' => 'zh-CN,zh;q=0.9',
  'cookie' => 'sy=hiqkl15207r5iumt783d4jq377',
)
[ info ] [ PARAM ] array (
  'a' => '1',
)
[ info ] [ DB ] INIT mysql
[ info ] [ VIEW ] E:\webenv\apache2.4.39\htdocs\tianzi.gdsytech.com\application\sytechadmin\view\broadband\broadband_list.html [ array (
  0 => 'admininfo',
  1 => 'search',
  2 => 'list',
  3 => 'count',
  4 => 'page',
  5 => 'school_list',
) ]
[ sql ] [ DB ] CONNECT:[ UseTime:0.016210s ] mysql:host=localhost;port=3306;dbname=tianzi_gdsy;charset=utf8
[ sql ] [ SQL ] SHOW COLUMNS FROM `sy_adminuser` [ RunTime:0.002874s ]
[ sql ] [ SQL ] SELECT * FROM `sy_adminuser` WHERE  `id` = 1 LIMIT 1 [ RunTime:0.000324s ]
[ sql ] [ SQL ] SELECT * FROM `sy_adminuser` WHERE  `id` = 1 LIMIT 1 [ RunTime:0.000251s ]
[ sql ] [ SQL ] SHOW COLUMNS FROM `sy_school` [ RunTime:0.002777s ]
[ sql ] [ SQL ] SELECT * FROM `sy_school` ORDER BY `sortby` DESC,`id` DESC [ RunTime:0.000348s ]
[ sql ] [ SQL ] SHOW COLUMNS FROM `sy_broadband` [ RunTime:0.002865s ]
[ sql ] [ SQL ] SELECT COUNT(*) AS tp_count FROM `sy_broadband` [ RunTime:0.000329s ]
[ sql ] [ SQL ] SELECT * FROM `sy_broadband` ORDER BY `isuse` DESC,`status` ASC LIMIT 0,20 [ RunTime:0.000404s ]
[ sql ] [ SQL ] SELECT * FROM `sy_school` ORDER BY `sortby` DESC,`id` DESC [ RunTime:0.000332s ]
[ sql ] [ SQL ] SHOW COLUMNS FROM `sy_admin_action_log` [ RunTime:0.000962s ]
[ sql ] [ SQL ] INSERT INTO `sy_admin_action_log` (`method` , `params` , `url` , `ip` , `admin_id` , `create_time`) VALUES ('GET' , 'a:2:{s:3:\"get\";a:1:{s:1:\"a\";s:1:\"1\";}s:4:\"post\";a:0:{}}' , 'sytechadmin/broadband/broadband_list.html' , '127.0.0.1' , 1 , '2021-08-18 18:08:58') [ RunTime:0.000332s ]
---------------------------------------------------------------

[2021-08-18T18:09:05+08:00] 127.0.0.1 GET web.tianzi.gdsytech.com/static/js/md5.min.js.map
[运行时间：0.047475s] [吞吐率：21.06req/s] [内存消耗：2,660.65kb] [文件加载：135]
[ info ] [ LANG ] E:\webenv\apache2.4.39\htdocs\tianzi.gdsytech.com\thinkphp\lang\zh-cn.php
---------------------------------------------------------------

[2021-08-18T18:09:13+08:00] 127.0.0.1 GET web.tianzi.gdsytech.com/sytechadmin/broadband/broadband_list.html?a=1
[运行时间：0.083804s] [吞吐率：11.93req/s] [内存消耗：5,081.23kb] [文件加载：173]
[ info ] [ LANG ] E:\webenv\apache2.4.39\htdocs\tianzi.gdsytech.com\thinkphp\lang\zh-cn.php
[ info ] [ ROUTE ] array (
)
[ info ] [ HEADER ] array (
  'host' => 'web.tianzi.gdsytech.com',
  'connection' => 'keep-alive',
  'pragma' => 'no-cache',
  'cache-control' => 'no-cache',
  'upgrade-insecure-requests' => '1',
  'user-agent' => 'Mozilla/5.0 (Windows NT 10.0; Win64; x64) AppleWebKit/537.36 (KHTML, like Gecko) Chrome/92.0.4515.131 Safari/537.36',
  'accept' => 'text/html,application/xhtml+xml,application/xml;q=0.9,image/avif,image/webp,image/apng,*/*;q=0.8,application/signed-exchange;v=b3;q=0.9',
  'referer' => 'http://web.tianzi.gdsytech.com/sytechadmin/broadband/broadband_list.html?a=1',
  'accept-encoding' => 'gzip, deflate',
  'accept-language' => 'zh-CN,zh;q=0.9',
  'cookie' => 'sy=hiqkl15207r5iumt783d4jq377',
)
[ info ] [ PARAM ] array (
  'a' => '1',
)
[ info ] [ DB ] INIT mysql
[ info ] [ VIEW ] E:\webenv\apache2.4.39\htdocs\tianzi.gdsytech.com\application\sytechadmin\view\broadband\broadband_list.html [ array (
  0 => 'admininfo',
  1 => 'search',
  2 => 'list',
  3 => 'count',
  4 => 'page',
  5 => 'school_list',
) ]
[ sql ] [ DB ] CONNECT:[ UseTime:0.011476s ] mysql:host=localhost;port=3306;dbname=tianzi_gdsy;charset=utf8
[ sql ] [ SQL ] SHOW COLUMNS FROM `sy_adminuser` [ RunTime:0.003003s ]
[ sql ] [ SQL ] SELECT * FROM `sy_adminuser` WHERE  `id` = 1 LIMIT 1 [ RunTime:0.000346s ]
[ sql ] [ SQL ] SELECT * FROM `sy_adminuser` WHERE  `id` = 1 LIMIT 1 [ RunTime:0.000269s ]
[ sql ] [ SQL ] SHOW COLUMNS FROM `sy_school` [ RunTime:0.002780s ]
[ sql ] [ SQL ] SELECT * FROM `sy_school` ORDER BY `sortby` DESC,`id` DESC [ RunTime:0.000356s ]
[ sql ] [ SQL ] SHOW COLUMNS FROM `sy_broadband` [ RunTime:0.002769s ]
[ sql ] [ SQL ] SELECT COUNT(*) AS tp_count FROM `sy_broadband` [ RunTime:0.000285s ]
[ sql ] [ SQL ] SELECT * FROM `sy_broadband` ORDER BY `isuse` DESC,`status` ASC LIMIT 0,20 [ RunTime:0.000404s ]
[ sql ] [ SQL ] SELECT * FROM `sy_school` ORDER BY `sortby` DESC,`id` DESC [ RunTime:0.000428s ]
[ sql ] [ SQL ] SHOW COLUMNS FROM `sy_admin_action_log` [ RunTime:0.001092s ]
[ sql ] [ SQL ] INSERT INTO `sy_admin_action_log` (`method` , `params` , `url` , `ip` , `admin_id` , `create_time`) VALUES ('GET' , 'a:2:{s:3:\"get\";a:1:{s:1:\"a\";s:1:\"1\";}s:4:\"post\";a:0:{}}' , 'sytechadmin/broadband/broadband_list.html' , '127.0.0.1' , 1 , '2021-08-18 18:09:13') [ RunTime:0.000328s ]
---------------------------------------------------------------

[2021-08-18T18:09:13+08:00] 127.0.0.1 GET web.tianzi.gdsytech.com/static/js/md5.min.js.map
[运行时间：0.069689s] [吞吐率：14.35req/s] [内存消耗：2,660.65kb] [文件加载：135]
[ info ] [ LANG ] E:\webenv\apache2.4.39\htdocs\tianzi.gdsytech.com\thinkphp\lang\zh-cn.php
---------------------------------------------------------------

[2021-08-18T18:12:49+08:00] 127.0.0.1 GET web.tianzi.gdsytech.com/sytechadmin/broadband/broadband_list.html?a=1
[运行时间：0.112605s] [吞吐率：8.88req/s] [内存消耗：5,310.18kb] [文件加载：175]
[ info ] [ LANG ] E:\webenv\apache2.4.39\htdocs\tianzi.gdsytech.com\thinkphp\lang\zh-cn.php
[ info ] [ ROUTE ] array (
)
[ info ] [ HEADER ] array (
  'host' => 'web.tianzi.gdsytech.com',
  'connection' => 'keep-alive',
  'pragma' => 'no-cache',
  'cache-control' => 'no-cache',
  'upgrade-insecure-requests' => '1',
  'user-agent' => 'Mozilla/5.0 (Windows NT 10.0; Win64; x64) AppleWebKit/537.36 (KHTML, like Gecko) Chrome/92.0.4515.131 Safari/537.36',
  'accept' => 'text/html,application/xhtml+xml,application/xml;q=0.9,image/avif,image/webp,image/apng,*/*;q=0.8,application/signed-exchange;v=b3;q=0.9',
  'referer' => 'http://web.tianzi.gdsytech.com/sytechadmin/broadband/broadband_list.html?a=1',
  'accept-encoding' => 'gzip, deflate',
  'accept-language' => 'zh-CN,zh;q=0.9',
  'cookie' => 'sy=hiqkl15207r5iumt783d4jq377',
)
[ info ] [ PARAM ] array (
  'a' => '1',
)
[ info ] [ DB ] INIT mysql
[ info ] [ VIEW ] E:\webenv\apache2.4.39\htdocs\tianzi.gdsytech.com\application\sytechadmin\view\broadband\broadband_list.html [ array (
  0 => 'admininfo',
  1 => 'search',
  2 => 'list',
  3 => 'count',
  4 => 'page',
  5 => 'school_list',
) ]
[ sql ] [ DB ] CONNECT:[ UseTime:0.013493s ] mysql:host=localhost;port=3306;dbname=tianzi_gdsy;charset=utf8
[ sql ] [ SQL ] SHOW COLUMNS FROM `sy_adminuser` [ RunTime:0.003045s ]
[ sql ] [ SQL ] SELECT * FROM `sy_adminuser` WHERE  `id` = 1 LIMIT 1 [ RunTime:0.000362s ]
[ sql ] [ SQL ] SELECT * FROM `sy_adminuser` WHERE  `id` = 1 LIMIT 1 [ RunTime:0.000267s ]
[ sql ] [ SQL ] SHOW COLUMNS FROM `sy_school` [ RunTime:0.002873s ]
[ sql ] [ SQL ] SELECT * FROM `sy_school` ORDER BY `sortby` DESC,`id` DESC [ RunTime:0.000363s ]
[ sql ] [ SQL ] SHOW COLUMNS FROM `sy_broadband` [ RunTime:0.003102s ]
[ sql ] [ SQL ] SELECT COUNT(*) AS tp_count FROM `sy_broadband` [ RunTime:0.000333s ]
[ sql ] [ SQL ] SELECT * FROM `sy_broadband` ORDER BY `isuse` DESC,`status` ASC LIMIT 0,20 [ RunTime:0.000406s ]
[ sql ] [ SQL ] SELECT * FROM `sy_school` ORDER BY `sortby` DESC,`id` DESC [ RunTime:0.000378s ]
[ sql ] [ SQL ] SHOW COLUMNS FROM `sy_admin_action_log` [ RunTime:0.001183s ]
[ sql ] [ SQL ] INSERT INTO `sy_admin_action_log` (`method` , `params` , `url` , `ip` , `admin_id` , `create_time`) VALUES ('GET' , 'a:2:{s:3:\"get\";a:1:{s:1:\"a\";s:1:\"1\";}s:4:\"post\";a:0:{}}' , 'sytechadmin/broadband/broadband_list.html' , '127.0.0.1' , 1 , '2021-08-18 18:12:49') [ RunTime:0.000339s ]
---------------------------------------------------------------

[2021-08-18T18:12:49+08:00] 127.0.0.1 GET web.tianzi.gdsytech.com/static/js/md5.min.js.map
[运行时间：0.072675s] [吞吐率：13.76req/s] [内存消耗：2,660.65kb] [文件加载：135]
[ info ] [ LANG ] E:\webenv\apache2.4.39\htdocs\tianzi.gdsytech.com\thinkphp\lang\zh-cn.php
---------------------------------------------------------------

[2021-08-18T18:12:51+08:00] 127.0.0.1 GET web.tianzi.gdsytech.com/sytechadmin/broadband/broadband_list.html?a=1&school_id=2&usestatus=0&status=0
[运行时间：0.114095s] [吞吐率：8.76req/s] [内存消耗：4,986.79kb] [文件加载：173]
[ info ] [ LANG ] E:\webenv\apache2.4.39\htdocs\tianzi.gdsytech.com\thinkphp\lang\zh-cn.php
[ info ] [ ROUTE ] array (
)
[ info ] [ HEADER ] array (
  'host' => 'web.tianzi.gdsytech.com',
  'connection' => 'keep-alive',
  'pragma' => 'no-cache',
  'cache-control' => 'no-cache',
  'upgrade-insecure-requests' => '1',
  'user-agent' => 'Mozilla/5.0 (Windows NT 10.0; Win64; x64) AppleWebKit/537.36 (KHTML, like Gecko) Chrome/92.0.4515.131 Safari/537.36',
  'accept' => 'text/html,application/xhtml+xml,application/xml;q=0.9,image/avif,image/webp,image/apng,*/*;q=0.8,application/signed-exchange;v=b3;q=0.9',
  'referer' => 'http://web.tianzi.gdsytech.com/sytechadmin/broadband/broadband_list.html?a=1',
  'accept-encoding' => 'gzip, deflate',
  'accept-language' => 'zh-CN,zh;q=0.9',
  'cookie' => 'sy=hiqkl15207r5iumt783d4jq377',
)
[ info ] [ PARAM ] array (
  'a' => '1',
  'school_id' => '2',
  'usestatus' => '0',
  'status' => '0',
)
[ info ] [ DB ] INIT mysql
[ info ] [ VIEW ] E:\webenv\apache2.4.39\htdocs\tianzi.gdsytech.com\application\sytechadmin\view\broadband\broadband_list.html [ array (
  0 => 'admininfo',
  1 => 'search',
  2 => 'list',
  3 => 'count',
  4 => 'page',
  5 => 'school_list',
) ]
[ sql ] [ DB ] CONNECT:[ UseTime:0.020072s ] mysql:host=localhost;port=3306;dbname=tianzi_gdsy;charset=utf8
[ sql ] [ SQL ] SHOW COLUMNS FROM `sy_adminuser` [ RunTime:0.002946s ]
[ sql ] [ SQL ] SELECT * FROM `sy_adminuser` WHERE  `id` = 1 LIMIT 1 [ RunTime:0.000341s ]
[ sql ] [ SQL ] SELECT * FROM `sy_adminuser` WHERE  `id` = 1 LIMIT 1 [ RunTime:0.000281s ]
[ sql ] [ SQL ] SHOW COLUMNS FROM `sy_school` [ RunTime:0.002882s ]
[ sql ] [ SQL ] SELECT * FROM `sy_school` ORDER BY `sortby` DESC,`id` DESC [ RunTime:0.000369s ]
[ sql ] [ SQL ] SHOW COLUMNS FROM `sy_broadband` [ RunTime:0.002777s ]
[ sql ] [ SQL ] SELECT COUNT(*) AS tp_count FROM `sy_broadband` WHERE  `school_id` = 2 [ RunTime:0.000335s ]
[ sql ] [ SQL ] SELECT * FROM `sy_broadband` WHERE  `school_id` = 2 ORDER BY `isuse` DESC,`status` ASC LIMIT 0,20 [ RunTime:0.000377s ]
[ sql ] [ SQL ] SELECT * FROM `sy_school` WHERE  `id` = 2 ORDER BY `sortby` DESC,`id` DESC [ RunTime:0.000322s ]
[ sql ] [ SQL ] SHOW COLUMNS FROM `sy_admin_action_log` [ RunTime:0.001088s ]
[ sql ] [ SQL ] INSERT INTO `sy_admin_action_log` (`method` , `params` , `url` , `ip` , `admin_id` , `create_time`) VALUES ('GET' , 'a:2:{s:3:\"get\";a:4:{s:1:\"a\";s:1:\"1\";s:9:\"school_id\";s:1:\"2\";s:9:\"usestatus\";s:1:\"0\";s:6:\"status\";s:1:\"0\";}s:4:\"post\";a:0:{}}' , 'sytechadmin/broadband/broadband_list.html' , '127.0.0.1' , 1 , '2021-08-18 18:12:51') [ RunTime:0.000325s ]
---------------------------------------------------------------

[2021-08-18T18:12:51+08:00] 127.0.0.1 GET web.tianzi.gdsytech.com/static/js/md5.min.js.map
[运行时间：0.086473s] [吞吐率：11.56req/s] [内存消耗：2,660.65kb] [文件加载：135]
[ info ] [ LANG ] E:\webenv\apache2.4.39\htdocs\tianzi.gdsytech.com\thinkphp\lang\zh-cn.php
---------------------------------------------------------------

[2021-08-18T18:12:54+08:00] 127.0.0.1 GET web.tianzi.gdsytech.com/sytechadmin/broadband/broadband_list.html?a=1&school_id=2&usestatus=1&status=0
[运行时间：0.104469s] [吞吐率：9.57req/s] [内存消耗：4,977.37kb] [文件加载：173]
[ info ] [ LANG ] E:\webenv\apache2.4.39\htdocs\tianzi.gdsytech.com\thinkphp\lang\zh-cn.php
[ info ] [ ROUTE ] array (
)
[ info ] [ HEADER ] array (
  'host' => 'web.tianzi.gdsytech.com',
  'connection' => 'keep-alive',
  'pragma' => 'no-cache',
  'cache-control' => 'no-cache',
  'upgrade-insecure-requests' => '1',
  'user-agent' => 'Mozilla/5.0 (Windows NT 10.0; Win64; x64) AppleWebKit/537.36 (KHTML, like Gecko) Chrome/92.0.4515.131 Safari/537.36',
  'accept' => 'text/html,application/xhtml+xml,application/xml;q=0.9,image/avif,image/webp,image/apng,*/*;q=0.8,application/signed-exchange;v=b3;q=0.9',
  'referer' => 'http://web.tianzi.gdsytech.com/sytechadmin/broadband/broadband_list.html?a=1&school_id=2&usestatus=0&status=0',
  'accept-encoding' => 'gzip, deflate',
  'accept-language' => 'zh-CN,zh;q=0.9',
  'cookie' => 'sy=hiqkl15207r5iumt783d4jq377',
)
[ info ] [ PARAM ] array (
  'a' => '1',
  'school_id' => '2',
  'usestatus' => '1',
  'status' => '0',
)
[ info ] [ DB ] INIT mysql
[ info ] [ VIEW ] E:\webenv\apache2.4.39\htdocs\tianzi.gdsytech.com\application\sytechadmin\view\broadband\broadband_list.html [ array (
  0 => 'admininfo',
  1 => 'search',
  2 => 'list',
  3 => 'count',
  4 => 'page',
  5 => 'school_list',
) ]
[ sql ] [ DB ] CONNECT:[ UseTime:0.024171s ] mysql:host=localhost;port=3306;dbname=tianzi_gdsy;charset=utf8
[ sql ] [ SQL ] SHOW COLUMNS FROM `sy_adminuser` [ RunTime:0.003064s ]
[ sql ] [ SQL ] SELECT * FROM `sy_adminuser` WHERE  `id` = 1 LIMIT 1 [ RunTime:0.000418s ]
[ sql ] [ SQL ] SELECT * FROM `sy_adminuser` WHERE  `id` = 1 LIMIT 1 [ RunTime:0.000331s ]
[ sql ] [ SQL ] SHOW COLUMNS FROM `sy_school` [ RunTime:0.003037s ]
[ sql ] [ SQL ] SELECT * FROM `sy_school` ORDER BY `sortby` DESC,`id` DESC [ RunTime:0.000404s ]
[ sql ] [ SQL ] SHOW COLUMNS FROM `sy_broadband` [ RunTime:0.003094s ]
[ sql ] [ SQL ] SELECT COUNT(*) AS tp_count FROM `sy_broadband` WHERE  `isuse` = 1  AND `school_id` = 2 [ RunTime:0.000377s ]
[ sql ] [ SQL ] SELECT * FROM `sy_broadband` WHERE  `isuse` = 1  AND `school_id` = 2 ORDER BY `isuse` DESC,`status` ASC LIMIT 0,20 [ RunTime:0.000424s ]
[ sql ] [ SQL ] SELECT * FROM `sy_school` WHERE  `id` = 2 ORDER BY `sortby` DESC,`id` DESC [ RunTime:0.000381s ]
[ sql ] [ SQL ] SHOW COLUMNS FROM `sy_admin_action_log` [ RunTime:0.001098s ]
[ sql ] [ SQL ] INSERT INTO `sy_admin_action_log` (`method` , `params` , `url` , `ip` , `admin_id` , `create_time`) VALUES ('GET' , 'a:2:{s:3:\"get\";a:4:{s:1:\"a\";s:1:\"1\";s:9:\"school_id\";s:1:\"2\";s:9:\"usestatus\";s:1:\"1\";s:6:\"status\";s:1:\"0\";}s:4:\"post\";a:0:{}}' , 'sytechadmin/broadband/broadband_list.html' , '127.0.0.1' , 1 , '2021-08-18 18:12:54') [ RunTime:0.000325s ]
---------------------------------------------------------------

[2021-08-18T18:12:54+08:00] 127.0.0.1 GET web.tianzi.gdsytech.com/static/js/md5.min.js.map
[运行时间：0.048127s] [吞吐率：20.78req/s] [内存消耗：2,660.65kb] [文件加载：135]
[ info ] [ LANG ] E:\webenv\apache2.4.39\htdocs\tianzi.gdsytech.com\thinkphp\lang\zh-cn.php
---------------------------------------------------------------

[2021-08-18T18:12:58+08:00] 127.0.0.1 GET web.tianzi.gdsytech.com/sytechadmin/broadband/broadband_list.html?a=1&school_id=2&usestatus=1&status=2
[运行时间：0.105365s] [吞吐率：9.49req/s] [内存消耗：4,977.43kb] [文件加载：173]
[ info ] [ LANG ] E:\webenv\apache2.4.39\htdocs\tianzi.gdsytech.com\thinkphp\lang\zh-cn.php
[ info ] [ ROUTE ] array (
)
[ info ] [ HEADER ] array (
  'host' => 'web.tianzi.gdsytech.com',
  'connection' => 'keep-alive',
  'pragma' => 'no-cache',
  'cache-control' => 'no-cache',
  'upgrade-insecure-requests' => '1',
  'user-agent' => 'Mozilla/5.0 (Windows NT 10.0; Win64; x64) AppleWebKit/537.36 (KHTML, like Gecko) Chrome/92.0.4515.131 Safari/537.36',
  'accept' => 'text/html,application/xhtml+xml,application/xml;q=0.9,image/avif,image/webp,image/apng,*/*;q=0.8,application/signed-exchange;v=b3;q=0.9',
  'referer' => 'http://web.tianzi.gdsytech.com/sytechadmin/broadband/broadband_list.html?a=1&school_id=2&usestatus=1&status=0',
  'accept-encoding' => 'gzip, deflate',
  'accept-language' => 'zh-CN,zh;q=0.9',
  'cookie' => 'sy=hiqkl15207r5iumt783d4jq377',
)
[ info ] [ PARAM ] array (
  'a' => '1',
  'school_id' => '2',
  'usestatus' => '1',
  'status' => '2',
)
[ info ] [ DB ] INIT mysql
[ info ] [ VIEW ] E:\webenv\apache2.4.39\htdocs\tianzi.gdsytech.com\application\sytechadmin\view\broadband\broadband_list.html [ array (
  0 => 'admininfo',
  1 => 'search',
  2 => 'list',
  3 => 'count',
  4 => 'page',
  5 => 'school_list',
) ]
[ sql ] [ DB ] CONNECT:[ UseTime:0.021490s ] mysql:host=localhost;port=3306;dbname=tianzi_gdsy;charset=utf8
[ sql ] [ SQL ] SHOW COLUMNS FROM `sy_adminuser` [ RunTime:0.002982s ]
[ sql ] [ SQL ] SELECT * FROM `sy_adminuser` WHERE  `id` = 1 LIMIT 1 [ RunTime:0.000411s ]
[ sql ] [ SQL ] SELECT * FROM `sy_adminuser` WHERE  `id` = 1 LIMIT 1 [ RunTime:0.000344s ]
[ sql ] [ SQL ] SHOW COLUMNS FROM `sy_school` [ RunTime:0.002796s ]
[ sql ] [ SQL ] SELECT * FROM `sy_school` ORDER BY `sortby` DESC,`id` DESC [ RunTime:0.000350s ]
[ sql ] [ SQL ] SHOW COLUMNS FROM `sy_broadband` [ RunTime:0.002736s ]
[ sql ] [ SQL ] SELECT COUNT(*) AS tp_count FROM `sy_broadband` WHERE  `status` = 2  AND `isuse` = 1  AND `school_id` = 2 [ RunTime:0.000346s ]
[ sql ] [ SQL ] SELECT * FROM `sy_broadband` WHERE  `status` = 2  AND `isuse` = 1  AND `school_id` = 2 ORDER BY `isuse` DESC,`status` ASC LIMIT 0,20 [ RunTime:0.000374s ]
[ sql ] [ SQL ] SELECT * FROM `sy_school` WHERE  `id` = 2 ORDER BY `sortby` DESC,`id` DESC [ RunTime:0.000343s ]
[ sql ] [ SQL ] SHOW COLUMNS FROM `sy_admin_action_log` [ RunTime:0.001092s ]
[ sql ] [ SQL ] INSERT INTO `sy_admin_action_log` (`method` , `params` , `url` , `ip` , `admin_id` , `create_time`) VALUES ('GET' , 'a:2:{s:3:\"get\";a:4:{s:1:\"a\";s:1:\"1\";s:9:\"school_id\";s:1:\"2\";s:9:\"usestatus\";s:1:\"1\";s:6:\"status\";s:1:\"2\";}s:4:\"post\";a:0:{}}' , 'sytechadmin/broadband/broadband_list.html' , '127.0.0.1' , 1 , '2021-08-18 18:12:58') [ RunTime:0.000328s ]
---------------------------------------------------------------

[2021-08-18T18:12:58+08:00] 127.0.0.1 GET web.tianzi.gdsytech.com/static/js/md5.min.js.map
[运行时间：0.049328s] [吞吐率：20.27req/s] [内存消耗：2,660.65kb] [文件加载：135]
[ info ] [ LANG ] E:\webenv\apache2.4.39\htdocs\tianzi.gdsytech.com\thinkphp\lang\zh-cn.php
---------------------------------------------------------------

[2021-08-18T18:12:59+08:00] 127.0.0.1 GET web.tianzi.gdsytech.com/sytechadmin/school/broadband_list.html
[运行时间：0.162340s] [吞吐率：6.16req/s] [内存消耗：4,321.63kb] [文件加载：159]
[ info ] [ LANG ] E:\webenv\apache2.4.39\htdocs\tianzi.gdsytech.com\thinkphp\lang\zh-cn.php
[ info ] [ ROUTE ] array (
)
[ info ] [ HEADER ] array (
  'host' => 'web.tianzi.gdsytech.com',
  'connection' => 'keep-alive',
  'pragma' => 'no-cache',
  'cache-control' => 'no-cache',
  'upgrade-insecure-requests' => '1',
  'user-agent' => 'Mozilla/5.0 (Windows NT 10.0; Win64; x64) AppleWebKit/537.36 (KHTML, like Gecko) Chrome/92.0.4515.131 Safari/537.36',
  'accept' => 'text/html,application/xhtml+xml,application/xml;q=0.9,image/avif,image/webp,image/apng,*/*;q=0.8,application/signed-exchange;v=b3;q=0.9',
  'referer' => 'http://web.tianzi.gdsytech.com/sytechadmin/broadband/broadband_list.html?a=1&school_id=2&usestatus=1&status=2',
  'accept-encoding' => 'gzip, deflate',
  'accept-language' => 'zh-CN,zh;q=0.9',
  'cookie' => 'sy=hiqkl15207r5iumt783d4jq377',
)
[ info ] [ PARAM ] array (
)
[ info ] [ DB ] INIT mysql
[ sql ] [ DB ] CONNECT:[ UseTime:0.022671s ] mysql:host=localhost;port=3306;dbname=tianzi_gdsy;charset=utf8
[ sql ] [ SQL ] SHOW COLUMNS FROM `sy_adminuser` [ RunTime:0.002998s ]
[ sql ] [ SQL ] SELECT * FROM `sy_adminuser` WHERE  `id` = 1 LIMIT 1 [ RunTime:0.000423s ]
[ sql ] [ SQL ] SELECT * FROM `sy_adminuser` WHERE  `id` = 1 LIMIT 1 [ RunTime:0.000276s ]
---------------------------------------------------------------

[2021-08-18T18:13:29+08:00] 127.0.0.1 GET web.tianzi.gdsytech.com/sytechadmin/broadband/broadband_list.html
[运行时间：0.104537s] [吞吐率：9.57req/s] [内存消耗：5,309.28kb] [文件加载：175]
[ info ] [ LANG ] E:\webenv\apache2.4.39\htdocs\tianzi.gdsytech.com\thinkphp\lang\zh-cn.php
[ info ] [ ROUTE ] array (
)
[ info ] [ HEADER ] array (
  'host' => 'web.tianzi.gdsytech.com',
  'connection' => 'keep-alive',
  'pragma' => 'no-cache',
  'cache-control' => 'no-cache',
  'upgrade-insecure-requests' => '1',
  'user-agent' => 'Mozilla/5.0 (Windows NT 10.0; Win64; x64) AppleWebKit/537.36 (KHTML, like Gecko) Chrome/92.0.4515.131 Safari/537.36',
  'accept' => 'text/html,application/xhtml+xml,application/xml;q=0.9,image/avif,image/webp,image/apng,*/*;q=0.8,application/signed-exchange;v=b3;q=0.9',
  'referer' => 'http://web.tianzi.gdsytech.com/Sytechadmin/index/index.html',
  'accept-encoding' => 'gzip, deflate',
  'accept-language' => 'zh-CN,zh;q=0.9',
  'cookie' => 'sy=hiqkl15207r5iumt783d4jq377',
)
[ info ] [ PARAM ] array (
)
[ info ] [ DB ] INIT mysql
[ info ] [ VIEW ] E:\webenv\apache2.4.39\htdocs\tianzi.gdsytech.com\application\sytechadmin\view\broadband\broadband_list.html [ array (
  0 => 'admininfo',
  1 => 'search',
  2 => 'list',
  3 => 'count',
  4 => 'page',
  5 => 'school_list',
) ]
[ sql ] [ DB ] CONNECT:[ UseTime:0.023195s ] mysql:host=localhost;port=3306;dbname=tianzi_gdsy;charset=utf8
[ sql ] [ SQL ] SHOW COLUMNS FROM `sy_adminuser` [ RunTime:0.003465s ]
[ sql ] [ SQL ] SELECT * FROM `sy_adminuser` WHERE  `id` = 1 LIMIT 1 [ RunTime:0.000375s ]
[ sql ] [ SQL ] SELECT * FROM `sy_adminuser` WHERE  `id` = 1 LIMIT 1 [ RunTime:0.000269s ]
[ sql ] [ SQL ] SHOW COLUMNS FROM `sy_school` [ RunTime:0.002799s ]
[ sql ] [ SQL ] SELECT * FROM `sy_school` ORDER BY `sortby` DESC,`id` DESC [ RunTime:0.000367s ]
[ sql ] [ SQL ] SHOW COLUMNS FROM `sy_broadband` [ RunTime:0.002798s ]
[ sql ] [ SQL ] SELECT COUNT(*) AS tp_count FROM `sy_broadband` [ RunTime:0.000299s ]
[ sql ] [ SQL ] SELECT * FROM `sy_broadband` ORDER BY `isuse` DESC,`status` ASC LIMIT 0,20 [ RunTime:0.000397s ]
[ sql ] [ SQL ] SELECT * FROM `sy_school` ORDER BY `sortby` DESC,`id` DESC [ RunTime:0.000356s ]
[ sql ] [ SQL ] SHOW COLUMNS FROM `sy_admin_action_log` [ RunTime:0.001091s ]
[ sql ] [ SQL ] INSERT INTO `sy_admin_action_log` (`method` , `params` , `url` , `ip` , `admin_id` , `create_time`) VALUES ('GET' , 'a:2:{s:3:\"get\";a:0:{}s:4:\"post\";a:0:{}}' , 'sytechadmin/broadband/broadband_list.html' , '127.0.0.1' , 1 , '2021-08-18 18:13:29') [ RunTime:0.000332s ]
---------------------------------------------------------------

[2021-08-18T18:13:29+08:00] 127.0.0.1 GET web.tianzi.gdsytech.com/static/js/md5.min.js.map
[运行时间：0.050209s] [吞吐率：19.92req/s] [内存消耗：2,660.65kb] [文件加载：135]
[ info ] [ LANG ] E:\webenv\apache2.4.39\htdocs\tianzi.gdsytech.com\thinkphp\lang\zh-cn.php
---------------------------------------------------------------

[2021-08-18T18:13:32+08:00] 127.0.0.1 GET web.tianzi.gdsytech.com/sytechadmin/broadband/broadband_list.html?a=1&school_id=1&usestatus=0&status=0
[运行时间：0.091902s] [吞吐率：10.88req/s] [内存消耗：5,080.41kb] [文件加载：173]
[ info ] [ LANG ] E:\webenv\apache2.4.39\htdocs\tianzi.gdsytech.com\thinkphp\lang\zh-cn.php
[ info ] [ ROUTE ] array (
)
[ info ] [ HEADER ] array (
  'host' => 'web.tianzi.gdsytech.com',
  'connection' => 'keep-alive',
  'pragma' => 'no-cache',
  'cache-control' => 'no-cache',
  'upgrade-insecure-requests' => '1',
  'user-agent' => 'Mozilla/5.0 (Windows NT 10.0; Win64; x64) AppleWebKit/537.36 (KHTML, like Gecko) Chrome/92.0.4515.131 Safari/537.36',
  'accept' => 'text/html,application/xhtml+xml,application/xml;q=0.9,image/avif,image/webp,image/apng,*/*;q=0.8,application/signed-exchange;v=b3;q=0.9',
  'referer' => 'http://web.tianzi.gdsytech.com/sytechadmin/broadband/broadband_list.html',
  'accept-encoding' => 'gzip, deflate',
  'accept-language' => 'zh-CN,zh;q=0.9',
  'cookie' => 'sy=hiqkl15207r5iumt783d4jq377',
)
[ info ] [ PARAM ] array (
  'a' => '1',
  'school_id' => '1',
  'usestatus' => '0',
  'status' => '0',
)
[ info ] [ DB ] INIT mysql
[ info ] [ VIEW ] E:\webenv\apache2.4.39\htdocs\tianzi.gdsytech.com\application\sytechadmin\view\broadband\broadband_list.html [ array (
  0 => 'admininfo',
  1 => 'search',
  2 => 'list',
  3 => 'count',
  4 => 'page',
  5 => 'school_list',
) ]
[ sql ] [ DB ] CONNECT:[ UseTime:0.017292s ] mysql:host=localhost;port=3306;dbname=tianzi_gdsy;charset=utf8
[ sql ] [ SQL ] SHOW COLUMNS FROM `sy_adminuser` [ RunTime:0.003325s ]
[ sql ] [ SQL ] SELECT * FROM `sy_adminuser` WHERE  `id` = 1 LIMIT 1 [ RunTime:0.000423s ]
[ sql ] [ SQL ] SELECT * FROM `sy_adminuser` WHERE  `id` = 1 LIMIT 1 [ RunTime:0.000342s ]
[ sql ] [ SQL ] SHOW COLUMNS FROM `sy_school` [ RunTime:0.002773s ]
[ sql ] [ SQL ] SELECT * FROM `sy_school` ORDER BY `sortby` DESC,`id` DESC [ RunTime:0.000355s ]
[ sql ] [ SQL ] SHOW COLUMNS FROM `sy_broadband` [ RunTime:0.002756s ]
[ sql ] [ SQL ] SELECT COUNT(*) AS tp_count FROM `sy_broadband` WHERE  `school_id` = 1 [ RunTime:0.000327s ]
[ sql ] [ SQL ] SELECT * FROM `sy_broadband` WHERE  `school_id` = 1 ORDER BY `isuse` DESC,`status` ASC LIMIT 0,20 [ RunTime:0.000420s ]
[ sql ] [ SQL ] SELECT * FROM `sy_school` WHERE  `id` = 1 ORDER BY `sortby` DESC,`id` DESC [ RunTime:0.000325s ]
[ sql ] [ SQL ] SHOW COLUMNS FROM `sy_admin_action_log` [ RunTime:0.001248s ]
[ sql ] [ SQL ] INSERT INTO `sy_admin_action_log` (`method` , `params` , `url` , `ip` , `admin_id` , `create_time`) VALUES ('GET' , 'a:2:{s:3:\"get\";a:4:{s:1:\"a\";s:1:\"1\";s:9:\"school_id\";s:1:\"1\";s:9:\"usestatus\";s:1:\"0\";s:6:\"status\";s:1:\"0\";}s:4:\"post\";a:0:{}}' , 'sytechadmin/broadband/broadband_list.html' , '127.0.0.1' , 1 , '2021-08-18 18:13:32') [ RunTime:0.000332s ]
---------------------------------------------------------------

[2021-08-18T18:13:32+08:00] 127.0.0.1 GET web.tianzi.gdsytech.com/static/js/md5.min.js.map
[运行时间：0.046943s] [吞吐率：21.30req/s] [内存消耗：2,660.65kb] [文件加载：135]
[ info ] [ LANG ] E:\webenv\apache2.4.39\htdocs\tianzi.gdsytech.com\thinkphp\lang\zh-cn.php
---------------------------------------------------------------

[2021-08-18T18:13:33+08:00] 127.0.0.1 GET web.tianzi.gdsytech.com/sytechadmin/broadband/broadband_list.html
[运行时间：0.084735s] [吞吐率：11.80req/s] [内存消耗：5,080.40kb] [文件加载：173]
[ info ] [ LANG ] E:\webenv\apache2.4.39\htdocs\tianzi.gdsytech.com\thinkphp\lang\zh-cn.php
[ info ] [ ROUTE ] array (
)
[ info ] [ HEADER ] array (
  'host' => 'web.tianzi.gdsytech.com',
  'connection' => 'keep-alive',
  'pragma' => 'no-cache',
  'cache-control' => 'no-cache',
  'upgrade-insecure-requests' => '1',
  'user-agent' => 'Mozilla/5.0 (Windows NT 10.0; Win64; x64) AppleWebKit/537.36 (KHTML, like Gecko) Chrome/92.0.4515.131 Safari/537.36',
  'accept' => 'text/html,application/xhtml+xml,application/xml;q=0.9,image/avif,image/webp,image/apng,*/*;q=0.8,application/signed-exchange;v=b3;q=0.9',
  'referer' => 'http://web.tianzi.gdsytech.com/sytechadmin/broadband/broadband_list.html?a=1&school_id=1&usestatus=0&status=0',
  'accept-encoding' => 'gzip, deflate',
  'accept-language' => 'zh-CN,zh;q=0.9',
  'cookie' => 'sy=hiqkl15207r5iumt783d4jq377',
)
[ info ] [ PARAM ] array (
)
[ info ] [ DB ] INIT mysql
[ info ] [ VIEW ] E:\webenv\apache2.4.39\htdocs\tianzi.gdsytech.com\application\sytechadmin\view\broadband\broadband_list.html [ array (
  0 => 'admininfo',
  1 => 'search',
  2 => 'list',
  3 => 'count',
  4 => 'page',
  5 => 'school_list',
) ]
[ sql ] [ DB ] CONNECT:[ UseTime:0.013818s ] mysql:host=localhost;port=3306;dbname=tianzi_gdsy;charset=utf8
[ sql ] [ SQL ] SHOW COLUMNS FROM `sy_adminuser` [ RunTime:0.000806s ]
[ sql ] [ SQL ] SELECT * FROM `sy_adminuser` WHERE  `id` = 1 LIMIT 1 [ RunTime:0.000387s ]
[ sql ] [ SQL ] SELECT * FROM `sy_adminuser` WHERE  `id` = 1 LIMIT 1 [ RunTime:0.000317s ]
[ sql ] [ SQL ] SHOW COLUMNS FROM `sy_school` [ RunTime:0.002769s ]
[ sql ] [ SQL ] SELECT * FROM `sy_school` ORDER BY `sortby` DESC,`id` DESC [ RunTime:0.000352s ]
[ sql ] [ SQL ] SHOW COLUMNS FROM `sy_broadband` [ RunTime:0.002793s ]
[ sql ] [ SQL ] SELECT COUNT(*) AS tp_count FROM `sy_broadband` [ RunTime:0.000321s ]
[ sql ] [ SQL ] SELECT * FROM `sy_broadband` ORDER BY `isuse` DESC,`status` ASC LIMIT 0,20 [ RunTime:0.000405s ]
[ sql ] [ SQL ] SELECT * FROM `sy_school` ORDER BY `sortby` DESC,`id` DESC [ RunTime:0.000332s ]
[ sql ] [ SQL ] SHOW COLUMNS FROM `sy_admin_action_log` [ RunTime:0.000997s ]
[ sql ] [ SQL ] INSERT INTO `sy_admin_action_log` (`method` , `params` , `url` , `ip` , `admin_id` , `create_time`) VALUES ('GET' , 'a:2:{s:3:\"get\";a:0:{}s:4:\"post\";a:0:{}}' , 'sytechadmin/broadband/broadband_list.html' , '127.0.0.1' , 1 , '2021-08-18 18:13:33') [ RunTime:0.000240s ]
---------------------------------------------------------------

[2021-08-18T18:13:33+08:00] 127.0.0.1 GET web.tianzi.gdsytech.com/static/js/md5.min.js.map
[运行时间：0.086888s] [吞吐率：11.51req/s] [内存消耗：2,660.65kb] [文件加载：135]
[ info ] [ LANG ] E:\webenv\apache2.4.39\htdocs\tianzi.gdsytech.com\thinkphp\lang\zh-cn.php
