---------------------------------------------------------------

[2021-08-26T10:23:17+08:00] 127.0.0.1 GET web.tianzi.gdsytech.com/sytechadmin
[运行时间：0.121934s] [吞吐率：8.20req/s] [内存消耗：4,584.53kb] [文件加载：162]
[ info ] [ LANG ] E:\webenv\apache2.4.39\htdocs\tianzi.gdsytech.com\thinkphp\lang\zh-cn.php
[ info ] [ ROUTE ] array (
)
[ info ] [ HEADER ] array (
  'host' => 'web.tianzi.gdsytech.com',
  'connection' => 'keep-alive',
  'upgrade-insecure-requests' => '1',
  'user-agent' => 'Mozilla/5.0 (Windows NT 10.0; Win64; x64) AppleWebKit/537.36 (KHTML, like Gecko) Chrome/92.0.4515.159 Safari/537.36',
  'accept' => 'text/html,application/xhtml+xml,application/xml;q=0.9,image/avif,image/webp,image/apng,*/*;q=0.8,application/signed-exchange;v=b3;q=0.9',
  'accept-encoding' => 'gzip, deflate',
  'accept-language' => 'zh-CN,zh;q=0.9',
  'cookie' => 'sy=hiqkl15207r5iumt783d4jq377',
)
[ info ] [ PARAM ] array (
)
[ info ] [ DB ] INIT mysql
[ info ] [ VIEW ] E:\webenv\apache2.4.39\htdocs\tianzi.gdsytech.com\application\sytechadmin\view\index\index.html [ array (
  0 => 'admininfo',
  1 => 'menu',
  2 => 'page_title',
) ]
[ sql ] [ DB ] CONNECT:[ UseTime:0.002298s ] mysql:host=localhost;port=3306;dbname=tianzi_gdsy;charset=utf8
[ sql ] [ SQL ] SHOW COLUMNS FROM `sy_adminuser` [ RunTime:0.001103s ]
[ sql ] [ SQL ] SELECT * FROM `sy_adminuser` WHERE  `id` = 1 LIMIT 1 [ RunTime:0.013447s ]
[ sql ] [ SQL ] SELECT * FROM `sy_adminuser` WHERE  `id` = 1 LIMIT 1 [ RunTime:0.000390s ]
[ sql ] [ SQL ] SELECT * FROM `sy_adminuser` WHERE  `id` = 1 LIMIT 1 [ RunTime:0.000283s ]
[ sql ] [ SQL ] SHOW COLUMNS FROM `sy_rule` [ RunTime:0.002713s ]
[ sql ] [ SQL ] SELECT * FROM `sy_rule` [ RunTime:0.010353s ]
[ sql ] [ SQL ] SELECT `id`,`rule_module`,`rule_controller`,`rule_action`,`rule_title`,`rule_class` FROM `sy_rule` WHERE  `id` IN (1,2,3,4,5,6,7,8,9,10,11,12,13,14,15,16,17,18,19,20,21,22,23,24,25,26,27,28,29,30,31,32,33,34,35,36,37,38,39,40,41,42,43,44,45,46,47,48,49,50,51,52,53,54,55,56,57,58,59,60)  AND `parentid` = 0  AND `rule_ismenu` = 1  AND `rule_isshow` = 1 ORDER BY `rule_sort` DESC,`id` ASC [ RunTime:0.000696s ]
[ sql ] [ SQL ] SELECT `id`,`rule_module`,`rule_controller`,`rule_action`,`rule_title`,`rule_class` FROM `sy_rule` WHERE  `id` IN (1,2,3,4,5,6,7,8,9,10,11,12,13,14,15,16,17,18,19,20,21,22,23,24,25,26,27,28,29,30,31,32,33,34,35,36,37,38,39,40,41,42,43,44,45,46,47,48,49,50,51,52,53,54,55,56,57,58,59,60)  AND `parentid` = 1  AND `rule_ismenu` = 1  AND `rule_isshow` = 1 ORDER BY `rule_sort` DESC,`id` ASC [ RunTime:0.000418s ]
[ sql ] [ SQL ] SELECT `id`,`rule_module`,`rule_controller`,`rule_action`,`rule_title`,`rule_class` FROM `sy_rule` WHERE  `id` IN (1,2,3,4,5,6,7,8,9,10,11,12,13,14,15,16,17,18,19,20,21,22,23,24,25,26,27,28,29,30,31,32,33,34,35,36,37,38,39,40,41,42,43,44,45,46,47,48,49,50,51,52,53,54,55,56,57,58,59,60)  AND `parentid` = 10  AND `rule_ismenu` = 1  AND `rule_isshow` = 1 ORDER BY `rule_sort` DESC,`id` ASC [ RunTime:0.000491s ]
[ sql ] [ SQL ] SELECT `id`,`rule_module`,`rule_controller`,`rule_action`,`rule_title`,`rule_class` FROM `sy_rule` WHERE  `id` IN (1,2,3,4,5,6,7,8,9,10,11,12,13,14,15,16,17,18,19,20,21,22,23,24,25,26,27,28,29,30,31,32,33,34,35,36,37,38,39,40,41,42,43,44,45,46,47,48,49,50,51,52,53,54,55,56,57,58,59,60)  AND `parentid` = 19  AND `rule_ismenu` = 1  AND `rule_isshow` = 1 ORDER BY `rule_sort` DESC,`id` ASC [ RunTime:0.000441s ]
[ sql ] [ SQL ] SELECT `id`,`rule_module`,`rule_controller`,`rule_action`,`rule_title`,`rule_class` FROM `sy_rule` WHERE  `id` IN (1,2,3,4,5,6,7,8,9,10,11,12,13,14,15,16,17,18,19,20,21,22,23,24,25,26,27,28,29,30,31,32,33,34,35,36,37,38,39,40,41,42,43,44,45,46,47,48,49,50,51,52,53,54,55,56,57,58,59,60)  AND `parentid` = 26  AND `rule_ismenu` = 1  AND `rule_isshow` = 1 ORDER BY `rule_sort` DESC,`id` ASC [ RunTime:0.000466s ]
[ sql ] [ SQL ] SELECT `id`,`rule_module`,`rule_controller`,`rule_action`,`rule_title`,`rule_class` FROM `sy_rule` WHERE  `id` IN (1,2,3,4,5,6,7,8,9,10,11,12,13,14,15,16,17,18,19,20,21,22,23,24,25,26,27,28,29,30,31,32,33,34,35,36,37,38,39,40,41,42,43,44,45,46,47,48,49,50,51,52,53,54,55,56,57,58,59,60)  AND `parentid` = 33  AND `rule_ismenu` = 1  AND `rule_isshow` = 1 ORDER BY `rule_sort` DESC,`id` ASC [ RunTime:0.000455s ]
[ sql ] [ SQL ] SELECT `id`,`rule_module`,`rule_controller`,`rule_action`,`rule_title`,`rule_class` FROM `sy_rule` WHERE  `id` IN (1,2,3,4,5,6,7,8,9,10,11,12,13,14,15,16,17,18,19,20,21,22,23,24,25,26,27,28,29,30,31,32,33,34,35,36,37,38,39,40,41,42,43,44,45,46,47,48,49,50,51,52,53,54,55,56,57,58,59,60)  AND `parentid` = 36  AND `rule_ismenu` = 1  AND `rule_isshow` = 1 ORDER BY `rule_sort` DESC,`id` ASC [ RunTime:0.000505s ]
[ sql ] [ SQL ] SELECT `id`,`rule_module`,`rule_controller`,`rule_action`,`rule_title`,`rule_class` FROM `sy_rule` WHERE  `id` IN (1,2,3,4,5,6,7,8,9,10,11,12,13,14,15,16,17,18,19,20,21,22,23,24,25,26,27,28,29,30,31,32,33,34,35,36,37,38,39,40,41,42,43,44,45,46,47,48,49,50,51,52,53,54,55,56,57,58,59,60)  AND `parentid` = 43  AND `rule_ismenu` = 1  AND `rule_isshow` = 1 ORDER BY `rule_sort` DESC,`id` ASC [ RunTime:0.000458s ]
[ sql ] [ SQL ] SELECT `id`,`rule_module`,`rule_controller`,`rule_action`,`rule_title`,`rule_class` FROM `sy_rule` WHERE  `id` IN (1,2,3,4,5,6,7,8,9,10,11,12,13,14,15,16,17,18,19,20,21,22,23,24,25,26,27,28,29,30,31,32,33,34,35,36,37,38,39,40,41,42,43,44,45,46,47,48,49,50,51,52,53,54,55,56,57,58,59,60)  AND `parentid` = 51  AND `rule_ismenu` = 1  AND `rule_isshow` = 1 ORDER BY `rule_sort` DESC,`id` ASC [ RunTime:0.000407s ]
[ sql ] [ SQL ] SELECT `id`,`rule_module`,`rule_controller`,`rule_action`,`rule_title`,`rule_class` FROM `sy_rule` WHERE  `id` IN (1,2,3,4,5,6,7,8,9,10,11,12,13,14,15,16,17,18,19,20,21,22,23,24,25,26,27,28,29,30,31,32,33,34,35,36,37,38,39,40,41,42,43,44,45,46,47,48,49,50,51,52,53,54,55,56,57,58,59,60)  AND `parentid` = 60  AND `rule_ismenu` = 1  AND `rule_isshow` = 1 ORDER BY `rule_sort` DESC,`id` ASC [ RunTime:0.000452s ]
---------------------------------------------------------------

[2021-08-26T10:23:17+08:00] 127.0.0.1 GET web.tianzi.gdsytech.com/sytechadmin/index/welcome.html
[运行时间：0.100505s] [吞吐率：9.95req/s] [内存消耗：4,404.86kb] [文件加载：160]
[ info ] [ LANG ] E:\webenv\apache2.4.39\htdocs\tianzi.gdsytech.com\thinkphp\lang\zh-cn.php
[ info ] [ ROUTE ] array (
)
[ info ] [ HEADER ] array (
  'host' => 'web.tianzi.gdsytech.com',
  'connection' => 'keep-alive',
  'upgrade-insecure-requests' => '1',
  'user-agent' => 'Mozilla/5.0 (Windows NT 10.0; Win64; x64) AppleWebKit/537.36 (KHTML, like Gecko) Chrome/92.0.4515.159 Safari/537.36',
  'accept' => 'text/html,application/xhtml+xml,application/xml;q=0.9,image/avif,image/webp,image/apng,*/*;q=0.8,application/signed-exchange;v=b3;q=0.9',
  'referer' => 'http://web.tianzi.gdsytech.com/sytechadmin',
  'accept-encoding' => 'gzip, deflate',
  'accept-language' => 'zh-CN,zh;q=0.9',
  'cookie' => 'sy=hiqkl15207r5iumt783d4jq377',
)
[ info ] [ PARAM ] array (
)
[ info ] [ DB ] INIT mysql
[ info ] [ VIEW ] E:\webenv\apache2.4.39\htdocs\tianzi.gdsytech.com\application\sytechadmin\view\index\welcome.html [ array (
  0 => 'admininfo',
  1 => 'info',
  2 => 'currenttime',
  3 => 'weektime',
) ]
[ sql ] [ DB ] CONNECT:[ UseTime:0.001970s ] mysql:host=localhost;port=3306;dbname=tianzi_gdsy;charset=utf8
[ sql ] [ SQL ] SHOW COLUMNS FROM `sy_adminuser` [ RunTime:0.001072s ]
[ sql ] [ SQL ] SELECT * FROM `sy_adminuser` WHERE  `id` = 1 LIMIT 1 [ RunTime:0.000519s ]
[ sql ] [ SQL ] SELECT * FROM `sy_adminuser` WHERE  `id` = 1 LIMIT 1 [ RunTime:0.000297s ]
---------------------------------------------------------------

[2021-08-26T10:23:18+08:00] 127.0.0.1 GET web.tianzi.gdsytech.com/sytechadmin/broadband/broadband_list.html
[运行时间：0.081847s] [吞吐率：12.22req/s] [内存消耗：5,080.05kb] [文件加载：173]
[ info ] [ LANG ] E:\webenv\apache2.4.39\htdocs\tianzi.gdsytech.com\thinkphp\lang\zh-cn.php
[ info ] [ ROUTE ] array (
)
[ info ] [ HEADER ] array (
  'host' => 'web.tianzi.gdsytech.com',
  'connection' => 'keep-alive',
  'upgrade-insecure-requests' => '1',
  'user-agent' => 'Mozilla/5.0 (Windows NT 10.0; Win64; x64) AppleWebKit/537.36 (KHTML, like Gecko) Chrome/92.0.4515.159 Safari/537.36',
  'accept' => 'text/html,application/xhtml+xml,application/xml;q=0.9,image/avif,image/webp,image/apng,*/*;q=0.8,application/signed-exchange;v=b3;q=0.9',
  'referer' => 'http://web.tianzi.gdsytech.com/sytechadmin',
  'accept-encoding' => 'gzip, deflate',
  'accept-language' => 'zh-CN,zh;q=0.9',
  'cookie' => 'sy=hiqkl15207r5iumt783d4jq377',
)
[ info ] [ PARAM ] array (
)
[ info ] [ DB ] INIT mysql
[ info ] [ VIEW ] E:\webenv\apache2.4.39\htdocs\tianzi.gdsytech.com\application\sytechadmin\view\broadband\broadband_list.html [ array (
  0 => 'admininfo',
  1 => 'search',
  2 => 'list',
  3 => 'count',
  4 => 'page',
  5 => 'school_list',
) ]
[ sql ] [ DB ] CONNECT:[ UseTime:0.002239s ] mysql:host=localhost;port=3306;dbname=tianzi_gdsy;charset=utf8
[ sql ] [ SQL ] SHOW COLUMNS FROM `sy_adminuser` [ RunTime:0.001028s ]
[ sql ] [ SQL ] SELECT * FROM `sy_adminuser` WHERE  `id` = 1 LIMIT 1 [ RunTime:0.000331s ]
[ sql ] [ SQL ] SELECT * FROM `sy_adminuser` WHERE  `id` = 1 LIMIT 1 [ RunTime:0.000218s ]
[ sql ] [ SQL ] SHOW COLUMNS FROM `sy_school` [ RunTime:0.000610s ]
[ sql ] [ SQL ] SELECT * FROM `sy_school` ORDER BY `sortby` DESC,`id` DESC [ RunTime:0.000303s ]
[ sql ] [ SQL ] SHOW COLUMNS FROM `sy_broadband` [ RunTime:0.000550s ]
[ sql ] [ SQL ] SELECT COUNT(*) AS tp_count FROM `sy_broadband` [ RunTime:0.000214s ]
[ sql ] [ SQL ] SELECT * FROM `sy_broadband` ORDER BY `isuse` DESC,`status` ASC LIMIT 0,20 [ RunTime:0.000280s ]
[ sql ] [ SQL ] SELECT * FROM `sy_school` ORDER BY `sortby` DESC,`id` DESC [ RunTime:0.000235s ]
[ sql ] [ SQL ] SHOW COLUMNS FROM `sy_admin_action_log` [ RunTime:0.000770s ]
[ sql ] [ SQL ] INSERT INTO `sy_admin_action_log` (`method` , `params` , `url` , `ip` , `admin_id` , `create_time`) VALUES ('GET' , 'a:2:{s:3:\"get\";a:0:{}s:4:\"post\";a:0:{}}' , 'sytechadmin/broadband/broadband_list.html' , '127.0.0.1' , 1 , '2021-08-26 10:23:18') [ RunTime:0.000467s ]
---------------------------------------------------------------

[2021-08-26T10:23:18+08:00] 127.0.0.1 GET web.tianzi.gdsytech.com/sytechadmin/goods/goods_list.html
[运行时间：0.121838s] [吞吐率：8.21req/s] [内存消耗：4,903.35kb] [文件加载：172]
[ info ] [ LANG ] E:\webenv\apache2.4.39\htdocs\tianzi.gdsytech.com\thinkphp\lang\zh-cn.php
[ info ] [ ROUTE ] array (
)
[ info ] [ HEADER ] array (
  'host' => 'web.tianzi.gdsytech.com',
  'connection' => 'keep-alive',
  'upgrade-insecure-requests' => '1',
  'user-agent' => 'Mozilla/5.0 (Windows NT 10.0; Win64; x64) AppleWebKit/537.36 (KHTML, like Gecko) Chrome/92.0.4515.159 Safari/537.36',
  'accept' => 'text/html,application/xhtml+xml,application/xml;q=0.9,image/avif,image/webp,image/apng,*/*;q=0.8,application/signed-exchange;v=b3;q=0.9',
  'referer' => 'http://web.tianzi.gdsytech.com/sytechadmin',
  'accept-encoding' => 'gzip, deflate',
  'accept-language' => 'zh-CN,zh;q=0.9',
  'cookie' => 'sy=hiqkl15207r5iumt783d4jq377',
)
[ info ] [ PARAM ] array (
)
[ info ] [ DB ] INIT mysql
[ info ] [ VIEW ] E:\webenv\apache2.4.39\htdocs\tianzi.gdsytech.com\application\sytechadmin\view\goods\goods_list.html [ array (
  0 => 'admininfo',
  1 => 'search',
  2 => 'list',
  3 => 'count',
  4 => 'page',
) ]
[ sql ] [ DB ] CONNECT:[ UseTime:0.001570s ] mysql:host=localhost;port=3306;dbname=tianzi_gdsy;charset=utf8
[ sql ] [ SQL ] SHOW COLUMNS FROM `sy_adminuser` [ RunTime:0.000774s ]
[ sql ] [ SQL ] SELECT * FROM `sy_adminuser` WHERE  `id` = 1 LIMIT 1 [ RunTime:0.000295s ]
[ sql ] [ SQL ] SELECT * FROM `sy_adminuser` WHERE  `id` = 1 LIMIT 1 [ RunTime:0.000225s ]
[ sql ] [ SQL ] SHOW COLUMNS FROM `sy_goods` [ RunTime:0.002940s ]
[ sql ] [ SQL ] SELECT COUNT(*) AS tp_count FROM `sy_goods` [ RunTime:0.000260s ]
[ sql ] [ SQL ] SELECT * FROM `sy_goods` ORDER BY `goods_sortby` DESC,`id` DESC LIMIT 0,20 [ RunTime:0.000206s ]
[ sql ] [ SQL ] SHOW COLUMNS FROM `sy_orders` [ RunTime:0.003742s ]
[ sql ] [ SQL ] SELECT COUNT(*) AS tp_count FROM `sy_orders` WHERE  `isdel` = 2  AND `goods_id` = 1 [ RunTime:0.000260s ]
[ sql ] [ SQL ] SHOW COLUMNS FROM `sy_admin_action_log` [ RunTime:0.000647s ]
[ sql ] [ SQL ] INSERT INTO `sy_admin_action_log` (`method` , `params` , `url` , `ip` , `admin_id` , `create_time`) VALUES ('GET' , 'a:2:{s:3:\"get\";a:0:{}s:4:\"post\";a:0:{}}' , 'sytechadmin/goods/goods_list.html' , '127.0.0.1' , 1 , '2021-08-26 10:23:18') [ RunTime:0.000255s ]
---------------------------------------------------------------

[2021-08-26T10:23:18+08:00] 127.0.0.1 GET web.tianzi.gdsytech.com/sytechadmin/orders/orders_list.html
[运行时间：0.170986s] [吞吐率：5.85req/s] [内存消耗：5,581.09kb] [文件加载：176]
[ info ] [ LANG ] E:\webenv\apache2.4.39\htdocs\tianzi.gdsytech.com\thinkphp\lang\zh-cn.php
[ info ] [ ROUTE ] array (
)
[ info ] [ HEADER ] array (
  'host' => 'web.tianzi.gdsytech.com',
  'connection' => 'keep-alive',
  'upgrade-insecure-requests' => '1',
  'user-agent' => 'Mozilla/5.0 (Windows NT 10.0; Win64; x64) AppleWebKit/537.36 (KHTML, like Gecko) Chrome/92.0.4515.159 Safari/537.36',
  'accept' => 'text/html,application/xhtml+xml,application/xml;q=0.9,image/avif,image/webp,image/apng,*/*;q=0.8,application/signed-exchange;v=b3;q=0.9',
  'referer' => 'http://web.tianzi.gdsytech.com/sytechadmin',
  'accept-encoding' => 'gzip, deflate',
  'accept-language' => 'zh-CN,zh;q=0.9',
  'cookie' => 'sy=hiqkl15207r5iumt783d4jq377',
)
[ info ] [ PARAM ] array (
)
[ info ] [ DB ] INIT mysql
[ info ] [ VIEW ] E:\webenv\apache2.4.39\htdocs\tianzi.gdsytech.com\application\sytechadmin\view\orders\orders_list.html [ array (
  0 => 'admininfo',
  1 => 'search',
  2 => 'list',
  3 => 'count',
  4 => 'page',
  5 => 'school_list',
  6 => 'goods_list',
) ]
[ sql ] [ DB ] CONNECT:[ UseTime:0.001605s ] mysql:host=localhost;port=3306;dbname=tianzi_gdsy;charset=utf8
[ sql ] [ SQL ] SHOW COLUMNS FROM `sy_adminuser` [ RunTime:0.000982s ]
[ sql ] [ SQL ] SELECT * FROM `sy_adminuser` WHERE  `id` = 1 LIMIT 1 [ RunTime:0.000494s ]
[ sql ] [ SQL ] SELECT * FROM `sy_adminuser` WHERE  `id` = 1 LIMIT 1 [ RunTime:0.000326s ]
[ sql ] [ SQL ] SHOW COLUMNS FROM `sy_school` [ RunTime:0.001434s ]
[ sql ] [ SQL ] SELECT * FROM `sy_school` ORDER BY `sortby` DESC,`id` DESC [ RunTime:0.000312s ]
[ sql ] [ SQL ] SHOW COLUMNS FROM `sy_orders` [ RunTime:0.003385s ]
[ sql ] [ SQL ] SELECT COUNT(*) AS tp_count FROM sy_orders o LEFT JOIN `sy_goods` `g` ON `g`.`id`=`o`.`goods_id` LEFT JOIN `sy_broadband` `b` ON `b`.`id`=`o`.`broadband_id` WHERE  `o`.`isdel` = 2  AND `o`.`create_time` <= '2021-08-26 23:59:59' [ RunTime:0.002759s ]
[ sql ] [ SQL ] SELECT `o`.*,`g`.`goods_title`,`b`.`keyaccount`,`b`.`keypassword`,`b`.`start_time`,`b`.`end_time` FROM sy_orders o LEFT JOIN `sy_goods` `g` ON `g`.`id`=`o`.`goods_id` LEFT JOIN `sy_broadband` `b` ON `b`.`id`=`o`.`broadband_id` WHERE  `o`.`isdel` = 2  AND `o`.`create_time` <= '2021-08-26 23:59:59' ORDER BY `o`.`id` DESC LIMIT 0,20 [ RunTime:0.001075s ]
[ sql ] [ SQL ] SELECT * FROM `sy_school` ORDER BY `sortby` DESC,`id` DESC [ RunTime:0.000338s ]
[ sql ] [ SQL ] SHOW COLUMNS FROM `sy_goods` [ RunTime:0.000654s ]
[ sql ] [ SQL ] SELECT * FROM `sy_goods` ORDER BY `goods_sortby` DESC,`id` DESC [ RunTime:0.000353s ]
[ sql ] [ SQL ] SHOW COLUMNS FROM `sy_admin_action_log` [ RunTime:0.000770s ]
[ sql ] [ SQL ] INSERT INTO `sy_admin_action_log` (`method` , `params` , `url` , `ip` , `admin_id` , `create_time`) VALUES ('GET' , 'a:2:{s:3:\"get\";a:0:{}s:4:\"post\";a:0:{}}' , 'sytechadmin/orders/orders_list.html' , '127.0.0.1' , 1 , '2021-08-26 10:23:18') [ RunTime:0.000221s ]
---------------------------------------------------------------

[2021-08-26T10:23:18+08:00] 127.0.0.1 GET web.tianzi.gdsytech.com/favicon.ico
[运行时间：0.041275s] [吞吐率：24.23req/s] [内存消耗：2,660.63kb] [文件加载：135]
[ info ] [ LANG ] E:\webenv\apache2.4.39\htdocs\tianzi.gdsytech.com\thinkphp\lang\zh-cn.php
---------------------------------------------------------------

[2021-08-26T10:23:19+08:00] 127.0.0.1 GET web.tianzi.gdsytech.com/sytechadmin
[运行时间：0.092840s] [吞吐率：10.77req/s] [内存消耗：4,584.92kb] [文件加载：162]
[ info ] [ LANG ] E:\webenv\apache2.4.39\htdocs\tianzi.gdsytech.com\thinkphp\lang\zh-cn.php
[ info ] [ ROUTE ] array (
)
[ info ] [ HEADER ] array (
  'host' => 'web.tianzi.gdsytech.com',
  'connection' => 'keep-alive',
  'cache-control' => 'max-age=0',
  'upgrade-insecure-requests' => '1',
  'user-agent' => 'Mozilla/5.0 (Windows NT 10.0; Win64; x64) AppleWebKit/537.36 (KHTML, like Gecko) Chrome/92.0.4515.159 Safari/537.36',
  'accept' => 'text/html,application/xhtml+xml,application/xml;q=0.9,image/avif,image/webp,image/apng,*/*;q=0.8,application/signed-exchange;v=b3;q=0.9',
  'accept-encoding' => 'gzip, deflate',
  'accept-language' => 'zh-CN,zh;q=0.9',
  'cookie' => 'sy=hiqkl15207r5iumt783d4jq377',
)
[ info ] [ PARAM ] array (
)
[ info ] [ DB ] INIT mysql
[ info ] [ VIEW ] E:\webenv\apache2.4.39\htdocs\tianzi.gdsytech.com\application\sytechadmin\view\index\index.html [ array (
  0 => 'admininfo',
  1 => 'menu',
  2 => 'page_title',
) ]
[ sql ] [ DB ] CONNECT:[ UseTime:0.023733s ] mysql:host=localhost;port=3306;dbname=tianzi_gdsy;charset=utf8
[ sql ] [ SQL ] SHOW COLUMNS FROM `sy_adminuser` [ RunTime:0.000828s ]
[ sql ] [ SQL ] SELECT * FROM `sy_adminuser` WHERE  `id` = 1 LIMIT 1 [ RunTime:0.000349s ]
[ sql ] [ SQL ] SELECT * FROM `sy_adminuser` WHERE  `id` = 1 LIMIT 1 [ RunTime:0.000292s ]
[ sql ] [ SQL ] SELECT * FROM `sy_adminuser` WHERE  `id` = 1 LIMIT 1 [ RunTime:0.000469s ]
[ sql ] [ SQL ] SHOW COLUMNS FROM `sy_rule` [ RunTime:0.002968s ]
[ sql ] [ SQL ] SELECT * FROM `sy_rule` [ RunTime:0.000498s ]
[ sql ] [ SQL ] SELECT `id`,`rule_module`,`rule_controller`,`rule_action`,`rule_title`,`rule_class` FROM `sy_rule` WHERE  `id` IN (1,2,3,4,5,6,7,8,9,10,11,12,13,14,15,16,17,18,19,20,21,22,23,24,25,26,27,28,29,30,31,32,33,34,35,36,37,38,39,40,41,42,43,44,45,46,47,48,49,50,51,52,53,54,55,56,57,58,59,60)  AND `parentid` = 0  AND `rule_ismenu` = 1  AND `rule_isshow` = 1 ORDER BY `rule_sort` DESC,`id` ASC [ RunTime:0.000552s ]
[ sql ] [ SQL ] SELECT `id`,`rule_module`,`rule_controller`,`rule_action`,`rule_title`,`rule_class` FROM `sy_rule` WHERE  `id` IN (1,2,3,4,5,6,7,8,9,10,11,12,13,14,15,16,17,18,19,20,21,22,23,24,25,26,27,28,29,30,31,32,33,34,35,36,37,38,39,40,41,42,43,44,45,46,47,48,49,50,51,52,53,54,55,56,57,58,59,60)  AND `parentid` = 1  AND `rule_ismenu` = 1  AND `rule_isshow` = 1 ORDER BY `rule_sort` DESC,`id` ASC [ RunTime:0.000516s ]
[ sql ] [ SQL ] SELECT `id`,`rule_module`,`rule_controller`,`rule_action`,`rule_title`,`rule_class` FROM `sy_rule` WHERE  `id` IN (1,2,3,4,5,6,7,8,9,10,11,12,13,14,15,16,17,18,19,20,21,22,23,24,25,26,27,28,29,30,31,32,33,34,35,36,37,38,39,40,41,42,43,44,45,46,47,48,49,50,51,52,53,54,55,56,57,58,59,60)  AND `parentid` = 10  AND `rule_ismenu` = 1  AND `rule_isshow` = 1 ORDER BY `rule_sort` DESC,`id` ASC [ RunTime:0.000520s ]
[ sql ] [ SQL ] SELECT `id`,`rule_module`,`rule_controller`,`rule_action`,`rule_title`,`rule_class` FROM `sy_rule` WHERE  `id` IN (1,2,3,4,5,6,7,8,9,10,11,12,13,14,15,16,17,18,19,20,21,22,23,24,25,26,27,28,29,30,31,32,33,34,35,36,37,38,39,40,41,42,43,44,45,46,47,48,49,50,51,52,53,54,55,56,57,58,59,60)  AND `parentid` = 19  AND `rule_ismenu` = 1  AND `rule_isshow` = 1 ORDER BY `rule_sort` DESC,`id` ASC [ RunTime:0.000583s ]
[ sql ] [ SQL ] SELECT `id`,`rule_module`,`rule_controller`,`rule_action`,`rule_title`,`rule_class` FROM `sy_rule` WHERE  `id` IN (1,2,3,4,5,6,7,8,9,10,11,12,13,14,15,16,17,18,19,20,21,22,23,24,25,26,27,28,29,30,31,32,33,34,35,36,37,38,39,40,41,42,43,44,45,46,47,48,49,50,51,52,53,54,55,56,57,58,59,60)  AND `parentid` = 26  AND `rule_ismenu` = 1  AND `rule_isshow` = 1 ORDER BY `rule_sort` DESC,`id` ASC [ RunTime:0.000490s ]
[ sql ] [ SQL ] SELECT `id`,`rule_module`,`rule_controller`,`rule_action`,`rule_title`,`rule_class` FROM `sy_rule` WHERE  `id` IN (1,2,3,4,5,6,7,8,9,10,11,12,13,14,15,16,17,18,19,20,21,22,23,24,25,26,27,28,29,30,31,32,33,34,35,36,37,38,39,40,41,42,43,44,45,46,47,48,49,50,51,52,53,54,55,56,57,58,59,60)  AND `parentid` = 33  AND `rule_ismenu` = 1  AND `rule_isshow` = 1 ORDER BY `rule_sort` DESC,`id` ASC [ RunTime:0.000485s ]
[ sql ] [ SQL ] SELECT `id`,`rule_module`,`rule_controller`,`rule_action`,`rule_title`,`rule_class` FROM `sy_rule` WHERE  `id` IN (1,2,3,4,5,6,7,8,9,10,11,12,13,14,15,16,17,18,19,20,21,22,23,24,25,26,27,28,29,30,31,32,33,34,35,36,37,38,39,40,41,42,43,44,45,46,47,48,49,50,51,52,53,54,55,56,57,58,59,60)  AND `parentid` = 36  AND `rule_ismenu` = 1  AND `rule_isshow` = 1 ORDER BY `rule_sort` DESC,`id` ASC [ RunTime:0.000483s ]
[ sql ] [ SQL ] SELECT `id`,`rule_module`,`rule_controller`,`rule_action`,`rule_title`,`rule_class` FROM `sy_rule` WHERE  `id` IN (1,2,3,4,5,6,7,8,9,10,11,12,13,14,15,16,17,18,19,20,21,22,23,24,25,26,27,28,29,30,31,32,33,34,35,36,37,38,39,40,41,42,43,44,45,46,47,48,49,50,51,52,53,54,55,56,57,58,59,60)  AND `parentid` = 43  AND `rule_ismenu` = 1  AND `rule_isshow` = 1 ORDER BY `rule_sort` DESC,`id` ASC [ RunTime:0.000492s ]
[ sql ] [ SQL ] SELECT `id`,`rule_module`,`rule_controller`,`rule_action`,`rule_title`,`rule_class` FROM `sy_rule` WHERE  `id` IN (1,2,3,4,5,6,7,8,9,10,11,12,13,14,15,16,17,18,19,20,21,22,23,24,25,26,27,28,29,30,31,32,33,34,35,36,37,38,39,40,41,42,43,44,45,46,47,48,49,50,51,52,53,54,55,56,57,58,59,60)  AND `parentid` = 51  AND `rule_ismenu` = 1  AND `rule_isshow` = 1 ORDER BY `rule_sort` DESC,`id` ASC [ RunTime:0.000563s ]
[ sql ] [ SQL ] SELECT `id`,`rule_module`,`rule_controller`,`rule_action`,`rule_title`,`rule_class` FROM `sy_rule` WHERE  `id` IN (1,2,3,4,5,6,7,8,9,10,11,12,13,14,15,16,17,18,19,20,21,22,23,24,25,26,27,28,29,30,31,32,33,34,35,36,37,38,39,40,41,42,43,44,45,46,47,48,49,50,51,52,53,54,55,56,57,58,59,60)  AND `parentid` = 60  AND `rule_ismenu` = 1  AND `rule_isshow` = 1 ORDER BY `rule_sort` DESC,`id` ASC [ RunTime:0.000536s ]
---------------------------------------------------------------

[2021-08-26T10:23:19+08:00] 127.0.0.1 GET web.tianzi.gdsytech.com/sytechadmin/index/welcome.html
[运行时间：0.085719s] [吞吐率：11.67req/s] [内存消耗：4,404.86kb] [文件加载：160]
[ info ] [ LANG ] E:\webenv\apache2.4.39\htdocs\tianzi.gdsytech.com\thinkphp\lang\zh-cn.php
[ info ] [ ROUTE ] array (
)
[ info ] [ HEADER ] array (
  'host' => 'web.tianzi.gdsytech.com',
  'connection' => 'keep-alive',
  'upgrade-insecure-requests' => '1',
  'user-agent' => 'Mozilla/5.0 (Windows NT 10.0; Win64; x64) AppleWebKit/537.36 (KHTML, like Gecko) Chrome/92.0.4515.159 Safari/537.36',
  'accept' => 'text/html,application/xhtml+xml,application/xml;q=0.9,image/avif,image/webp,image/apng,*/*;q=0.8,application/signed-exchange;v=b3;q=0.9',
  'referer' => 'http://web.tianzi.gdsytech.com/sytechadmin',
  'accept-encoding' => 'gzip, deflate',
  'accept-language' => 'zh-CN,zh;q=0.9',
  'cookie' => 'sy=hiqkl15207r5iumt783d4jq377',
)
[ info ] [ PARAM ] array (
)
[ info ] [ DB ] INIT mysql
[ info ] [ VIEW ] E:\webenv\apache2.4.39\htdocs\tianzi.gdsytech.com\application\sytechadmin\view\index\welcome.html [ array (
  0 => 'admininfo',
  1 => 'info',
  2 => 'currenttime',
  3 => 'weektime',
) ]
[ sql ] [ DB ] CONNECT:[ UseTime:0.022400s ] mysql:host=localhost;port=3306;dbname=tianzi_gdsy;charset=utf8
[ sql ] [ SQL ] SHOW COLUMNS FROM `sy_adminuser` [ RunTime:0.000812s ]
[ sql ] [ SQL ] SELECT * FROM `sy_adminuser` WHERE  `id` = 1 LIMIT 1 [ RunTime:0.000371s ]
[ sql ] [ SQL ] SELECT * FROM `sy_adminuser` WHERE  `id` = 1 LIMIT 1 [ RunTime:0.000225s ]
---------------------------------------------------------------

[2021-08-26T10:23:19+08:00] 127.0.0.1 GET web.tianzi.gdsytech.com/sytechadmin/goods/goods_list.html
[运行时间：0.107829s] [吞吐率：9.27req/s] [内存消耗：4,903.35kb] [文件加载：172]
[ info ] [ LANG ] E:\webenv\apache2.4.39\htdocs\tianzi.gdsytech.com\thinkphp\lang\zh-cn.php
[ info ] [ ROUTE ] array (
)
[ info ] [ HEADER ] array (
  'host' => 'web.tianzi.gdsytech.com',
  'connection' => 'keep-alive',
  'upgrade-insecure-requests' => '1',
  'user-agent' => 'Mozilla/5.0 (Windows NT 10.0; Win64; x64) AppleWebKit/537.36 (KHTML, like Gecko) Chrome/92.0.4515.159 Safari/537.36',
  'accept' => 'text/html,application/xhtml+xml,application/xml;q=0.9,image/avif,image/webp,image/apng,*/*;q=0.8,application/signed-exchange;v=b3;q=0.9',
  'referer' => 'http://web.tianzi.gdsytech.com/sytechadmin',
  'accept-encoding' => 'gzip, deflate',
  'accept-language' => 'zh-CN,zh;q=0.9',
  'cookie' => 'sy=hiqkl15207r5iumt783d4jq377',
)
[ info ] [ PARAM ] array (
)
[ info ] [ DB ] INIT mysql
[ info ] [ VIEW ] E:\webenv\apache2.4.39\htdocs\tianzi.gdsytech.com\application\sytechadmin\view\goods\goods_list.html [ array (
  0 => 'admininfo',
  1 => 'search',
  2 => 'list',
  3 => 'count',
  4 => 'page',
) ]
[ sql ] [ DB ] CONNECT:[ UseTime:0.001706s ] mysql:host=localhost;port=3306;dbname=tianzi_gdsy;charset=utf8
[ sql ] [ SQL ] SHOW COLUMNS FROM `sy_adminuser` [ RunTime:0.000815s ]
[ sql ] [ SQL ] SELECT * FROM `sy_adminuser` WHERE  `id` = 1 LIMIT 1 [ RunTime:0.000416s ]
[ sql ] [ SQL ] SELECT * FROM `sy_adminuser` WHERE  `id` = 1 LIMIT 1 [ RunTime:0.000296s ]
[ sql ] [ SQL ] SHOW COLUMNS FROM `sy_goods` [ RunTime:0.002917s ]
[ sql ] [ SQL ] SELECT COUNT(*) AS tp_count FROM `sy_goods` [ RunTime:0.000211s ]
[ sql ] [ SQL ] SELECT * FROM `sy_goods` ORDER BY `goods_sortby` DESC,`id` DESC LIMIT 0,20 [ RunTime:0.000231s ]
[ sql ] [ SQL ] SHOW COLUMNS FROM `sy_orders` [ RunTime:0.002762s ]
[ sql ] [ SQL ] SELECT COUNT(*) AS tp_count FROM `sy_orders` WHERE  `isdel` = 2  AND `goods_id` = 1 [ RunTime:0.000339s ]
[ sql ] [ SQL ] SHOW COLUMNS FROM `sy_admin_action_log` [ RunTime:0.001406s ]
[ sql ] [ SQL ] INSERT INTO `sy_admin_action_log` (`method` , `params` , `url` , `ip` , `admin_id` , `create_time`) VALUES ('GET' , 'a:2:{s:3:\"get\";a:0:{}s:4:\"post\";a:0:{}}' , 'sytechadmin/goods/goods_list.html' , '127.0.0.1' , 1 , '2021-08-26 10:23:19') [ RunTime:0.000381s ]
---------------------------------------------------------------

[2021-08-26T10:23:19+08:00] 127.0.0.1 GET web.tianzi.gdsytech.com/sytechadmin/orders/orders_list.html
[运行时间：0.156397s] [吞吐率：6.39req/s] [内存消耗：5,294.94kb] [文件加载：174]
[ info ] [ LANG ] E:\webenv\apache2.4.39\htdocs\tianzi.gdsytech.com\thinkphp\lang\zh-cn.php
[ info ] [ ROUTE ] array (
)
[ info ] [ HEADER ] array (
  'host' => 'web.tianzi.gdsytech.com',
  'connection' => 'keep-alive',
  'upgrade-insecure-requests' => '1',
  'user-agent' => 'Mozilla/5.0 (Windows NT 10.0; Win64; x64) AppleWebKit/537.36 (KHTML, like Gecko) Chrome/92.0.4515.159 Safari/537.36',
  'accept' => 'text/html,application/xhtml+xml,application/xml;q=0.9,image/avif,image/webp,image/apng,*/*;q=0.8,application/signed-exchange;v=b3;q=0.9',
  'referer' => 'http://web.tianzi.gdsytech.com/sytechadmin',
  'accept-encoding' => 'gzip, deflate',
  'accept-language' => 'zh-CN,zh;q=0.9',
  'cookie' => 'sy=hiqkl15207r5iumt783d4jq377',
)
[ info ] [ PARAM ] array (
)
[ info ] [ DB ] INIT mysql
[ info ] [ VIEW ] E:\webenv\apache2.4.39\htdocs\tianzi.gdsytech.com\application\sytechadmin\view\orders\orders_list.html [ array (
  0 => 'admininfo',
  1 => 'search',
  2 => 'list',
  3 => 'count',
  4 => 'page',
  5 => 'school_list',
  6 => 'goods_list',
) ]
[ sql ] [ DB ] CONNECT:[ UseTime:0.011388s ] mysql:host=localhost;port=3306;dbname=tianzi_gdsy;charset=utf8
[ sql ] [ SQL ] SHOW COLUMNS FROM `sy_adminuser` [ RunTime:0.001238s ]
[ sql ] [ SQL ] SELECT * FROM `sy_adminuser` WHERE  `id` = 1 LIMIT 1 [ RunTime:0.000822s ]
[ sql ] [ SQL ] SELECT * FROM `sy_adminuser` WHERE  `id` = 1 LIMIT 1 [ RunTime:0.000412s ]
[ sql ] [ SQL ] SHOW COLUMNS FROM `sy_school` [ RunTime:0.000901s ]
[ sql ] [ SQL ] SELECT * FROM `sy_school` ORDER BY `sortby` DESC,`id` DESC [ RunTime:0.000401s ]
[ sql ] [ SQL ] SHOW COLUMNS FROM `sy_orders` [ RunTime:0.003207s ]
[ sql ] [ SQL ] SELECT COUNT(*) AS tp_count FROM sy_orders o LEFT JOIN `sy_goods` `g` ON `g`.`id`=`o`.`goods_id` LEFT JOIN `sy_broadband` `b` ON `b`.`id`=`o`.`broadband_id` WHERE  `o`.`isdel` = 2  AND `o`.`create_time` <= '2021-08-26 23:59:59' [ RunTime:0.002610s ]
[ sql ] [ SQL ] SELECT `o`.*,`g`.`goods_title`,`b`.`keyaccount`,`b`.`keypassword`,`b`.`start_time`,`b`.`end_time` FROM sy_orders o LEFT JOIN `sy_goods` `g` ON `g`.`id`=`o`.`goods_id` LEFT JOIN `sy_broadband` `b` ON `b`.`id`=`o`.`broadband_id` WHERE  `o`.`isdel` = 2  AND `o`.`create_time` <= '2021-08-26 23:59:59' ORDER BY `o`.`id` DESC LIMIT 0,20 [ RunTime:0.001066s ]
[ sql ] [ SQL ] SELECT * FROM `sy_school` ORDER BY `sortby` DESC,`id` DESC [ RunTime:0.000453s ]
[ sql ] [ SQL ] SHOW COLUMNS FROM `sy_goods` [ RunTime:0.001583s ]
[ sql ] [ SQL ] SELECT * FROM `sy_goods` ORDER BY `goods_sortby` DESC,`id` DESC [ RunTime:0.000428s ]
[ sql ] [ SQL ] SHOW COLUMNS FROM `sy_admin_action_log` [ RunTime:0.000732s ]
[ sql ] [ SQL ] INSERT INTO `sy_admin_action_log` (`method` , `params` , `url` , `ip` , `admin_id` , `create_time`) VALUES ('GET' , 'a:2:{s:3:\"get\";a:0:{}s:4:\"post\";a:0:{}}' , 'sytechadmin/orders/orders_list.html' , '127.0.0.1' , 1 , '2021-08-26 10:23:19') [ RunTime:0.000343s ]
---------------------------------------------------------------

[2021-08-26T10:23:19+08:00] 127.0.0.1 GET web.tianzi.gdsytech.com/sytechadmin/broadband/broadband_list.html
[运行时间：0.221377s] [吞吐率：4.52req/s] [内存消耗：5,080.05kb] [文件加载：173]
[ info ] [ LANG ] E:\webenv\apache2.4.39\htdocs\tianzi.gdsytech.com\thinkphp\lang\zh-cn.php
[ info ] [ ROUTE ] array (
)
[ info ] [ HEADER ] array (
  'host' => 'web.tianzi.gdsytech.com',
  'connection' => 'keep-alive',
  'upgrade-insecure-requests' => '1',
  'user-agent' => 'Mozilla/5.0 (Windows NT 10.0; Win64; x64) AppleWebKit/537.36 (KHTML, like Gecko) Chrome/92.0.4515.159 Safari/537.36',
  'accept' => 'text/html,application/xhtml+xml,application/xml;q=0.9,image/avif,image/webp,image/apng,*/*;q=0.8,application/signed-exchange;v=b3;q=0.9',
  'referer' => 'http://web.tianzi.gdsytech.com/sytechadmin',
  'accept-encoding' => 'gzip, deflate',
  'accept-language' => 'zh-CN,zh;q=0.9',
  'cookie' => 'sy=hiqkl15207r5iumt783d4jq377',
)
[ info ] [ PARAM ] array (
)
[ info ] [ DB ] INIT mysql
[ info ] [ VIEW ] E:\webenv\apache2.4.39\htdocs\tianzi.gdsytech.com\application\sytechadmin\view\broadband\broadband_list.html [ array (
  0 => 'admininfo',
  1 => 'search',
  2 => 'list',
  3 => 'count',
  4 => 'page',
  5 => 'school_list',
) ]
[ sql ] [ DB ] CONNECT:[ UseTime:0.021068s ] mysql:host=localhost;port=3306;dbname=tianzi_gdsy;charset=utf8
[ sql ] [ SQL ] SHOW COLUMNS FROM `sy_adminuser` [ RunTime:0.000888s ]
[ sql ] [ SQL ] SELECT * FROM `sy_adminuser` WHERE  `id` = 1 LIMIT 1 [ RunTime:0.000352s ]
[ sql ] [ SQL ] SELECT * FROM `sy_adminuser` WHERE  `id` = 1 LIMIT 1 [ RunTime:0.000262s ]
[ sql ] [ SQL ] SHOW COLUMNS FROM `sy_school` [ RunTime:0.000851s ]
[ sql ] [ SQL ] SELECT * FROM `sy_school` ORDER BY `sortby` DESC,`id` DESC [ RunTime:0.000344s ]
[ sql ] [ SQL ] SHOW COLUMNS FROM `sy_broadband` [ RunTime:0.000806s ]
[ sql ] [ SQL ] SELECT COUNT(*) AS tp_count FROM `sy_broadband` [ RunTime:0.000256s ]
[ sql ] [ SQL ] SELECT * FROM `sy_broadband` ORDER BY `isuse` DESC,`status` ASC LIMIT 0,20 [ RunTime:0.000380s ]
[ sql ] [ SQL ] SELECT * FROM `sy_school` ORDER BY `sortby` DESC,`id` DESC [ RunTime:0.000345s ]
[ sql ] [ SQL ] SHOW COLUMNS FROM `sy_admin_action_log` [ RunTime:0.000805s ]
[ sql ] [ SQL ] INSERT INTO `sy_admin_action_log` (`method` , `params` , `url` , `ip` , `admin_id` , `create_time`) VALUES ('GET' , 'a:2:{s:3:\"get\";a:0:{}s:4:\"post\";a:0:{}}' , 'sytechadmin/broadband/broadband_list.html' , '127.0.0.1' , 1 , '2021-08-26 10:23:19') [ RunTime:0.012075s ]
---------------------------------------------------------------

[2021-08-26T10:23:24+08:00] 127.0.0.1 GET web.tianzi.gdsytech.com/sytechadmin/orders/orders_list.html
[运行时间：0.099005s] [吞吐率：10.10req/s] [内存消耗：5,295.14kb] [文件加载：174]
[ info ] [ LANG ] E:\webenv\apache2.4.39\htdocs\tianzi.gdsytech.com\thinkphp\lang\zh-cn.php
[ info ] [ ROUTE ] array (
)
[ info ] [ HEADER ] array (
  'host' => 'web.tianzi.gdsytech.com',
  'connection' => 'keep-alive',
  'cache-control' => 'max-age=0',
  'upgrade-insecure-requests' => '1',
  'user-agent' => 'Mozilla/5.0 (Windows NT 10.0; Win64; x64) AppleWebKit/537.36 (KHTML, like Gecko) Chrome/92.0.4515.159 Safari/537.36',
  'accept' => 'text/html,application/xhtml+xml,application/xml;q=0.9,image/avif,image/webp,image/apng,*/*;q=0.8,application/signed-exchange;v=b3;q=0.9',
  'referer' => 'http://web.tianzi.gdsytech.com/sytechadmin',
  'accept-encoding' => 'gzip, deflate',
  'accept-language' => 'zh-CN,zh;q=0.9',
  'cookie' => 'sy=hiqkl15207r5iumt783d4jq377',
)
[ info ] [ PARAM ] array (
)
[ info ] [ DB ] INIT mysql
[ info ] [ VIEW ] E:\webenv\apache2.4.39\htdocs\tianzi.gdsytech.com\application\sytechadmin\view\orders\orders_list.html [ array (
  0 => 'admininfo',
  1 => 'search',
  2 => 'list',
  3 => 'count',
  4 => 'page',
  5 => 'school_list',
  6 => 'goods_list',
) ]
[ sql ] [ DB ] CONNECT:[ UseTime:0.021201s ] mysql:host=localhost;port=3306;dbname=tianzi_gdsy;charset=utf8
[ sql ] [ SQL ] SHOW COLUMNS FROM `sy_adminuser` [ RunTime:0.000924s ]
[ sql ] [ SQL ] SELECT * FROM `sy_adminuser` WHERE  `id` = 1 LIMIT 1 [ RunTime:0.000415s ]
[ sql ] [ SQL ] SELECT * FROM `sy_adminuser` WHERE  `id` = 1 LIMIT 1 [ RunTime:0.000322s ]
[ sql ] [ SQL ] SHOW COLUMNS FROM `sy_school` [ RunTime:0.000879s ]
[ sql ] [ SQL ] SELECT * FROM `sy_school` ORDER BY `sortby` DESC,`id` DESC [ RunTime:0.000333s ]
[ sql ] [ SQL ] SHOW COLUMNS FROM `sy_orders` [ RunTime:0.002941s ]
[ sql ] [ SQL ] SELECT COUNT(*) AS tp_count FROM sy_orders o LEFT JOIN `sy_goods` `g` ON `g`.`id`=`o`.`goods_id` LEFT JOIN `sy_broadband` `b` ON `b`.`id`=`o`.`broadband_id` WHERE  `o`.`isdel` = 2  AND `o`.`create_time` <= '2021-08-26 23:59:59' [ RunTime:0.002512s ]
[ sql ] [ SQL ] SELECT `o`.*,`g`.`goods_title`,`b`.`keyaccount`,`b`.`keypassword`,`b`.`start_time`,`b`.`end_time` FROM sy_orders o LEFT JOIN `sy_goods` `g` ON `g`.`id`=`o`.`goods_id` LEFT JOIN `sy_broadband` `b` ON `b`.`id`=`o`.`broadband_id` WHERE  `o`.`isdel` = 2  AND `o`.`create_time` <= '2021-08-26 23:59:59' ORDER BY `o`.`id` DESC LIMIT 0,20 [ RunTime:0.001004s ]
[ sql ] [ SQL ] SELECT * FROM `sy_school` ORDER BY `sortby` DESC,`id` DESC [ RunTime:0.000315s ]
[ sql ] [ SQL ] SHOW COLUMNS FROM `sy_goods` [ RunTime:0.000713s ]
[ sql ] [ SQL ] SELECT * FROM `sy_goods` ORDER BY `goods_sortby` DESC,`id` DESC [ RunTime:0.000216s ]
[ sql ] [ SQL ] SHOW COLUMNS FROM `sy_admin_action_log` [ RunTime:0.001032s ]
[ sql ] [ SQL ] INSERT INTO `sy_admin_action_log` (`method` , `params` , `url` , `ip` , `admin_id` , `create_time`) VALUES ('GET' , 'a:2:{s:3:\"get\";a:0:{}s:4:\"post\";a:0:{}}' , 'sytechadmin/orders/orders_list.html' , '127.0.0.1' , 1 , '2021-08-26 10:23:24') [ RunTime:0.000353s ]
---------------------------------------------------------------

[2021-08-26T10:36:53+08:00] 127.0.0.1 GET web.tianzi.gdsytech.com/sytechadmin/orders/orders_list.html
[运行时间：0.125522s] [吞吐率：7.97req/s] [内存消耗：5,295.17kb] [文件加载：174]
[ info ] [ LANG ] E:\webenv\apache2.4.39\htdocs\tianzi.gdsytech.com\thinkphp\lang\zh-cn.php
[ info ] [ ROUTE ] array (
)
[ info ] [ HEADER ] array (
  'host' => 'web.tianzi.gdsytech.com',
  'connection' => 'keep-alive',
  'cache-control' => 'max-age=0',
  'upgrade-insecure-requests' => '1',
  'user-agent' => 'Mozilla/5.0 (Windows NT 10.0; Win64; x64) AppleWebKit/537.36 (KHTML, like Gecko) Chrome/92.0.4515.159 Safari/537.36',
  'accept' => 'text/html,application/xhtml+xml,application/xml;q=0.9,image/avif,image/webp,image/apng,*/*;q=0.8,application/signed-exchange;v=b3;q=0.9',
  'referer' => 'http://web.tianzi.gdsytech.com/sytechadmin',
  'accept-encoding' => 'gzip, deflate',
  'accept-language' => 'zh-CN,zh;q=0.9',
  'cookie' => 'sy=hiqkl15207r5iumt783d4jq377',
)
[ info ] [ PARAM ] array (
)
[ info ] [ DB ] INIT mysql
[ info ] [ VIEW ] E:\webenv\apache2.4.39\htdocs\tianzi.gdsytech.com\application\sytechadmin\view\orders\orders_list.html [ array (
  0 => 'admininfo',
  1 => 'search',
  2 => 'list',
  3 => 'count',
  4 => 'page',
  5 => 'school_list',
  6 => 'goods_list',
) ]
[ sql ] [ DB ] CONNECT:[ UseTime:0.012322s ] mysql:host=localhost;port=3306;dbname=tianzi_gdsy;charset=utf8
[ sql ] [ SQL ] SHOW COLUMNS FROM `sy_adminuser` [ RunTime:0.001122s ]
[ sql ] [ SQL ] SELECT * FROM `sy_adminuser` WHERE  `id` = 1 LIMIT 1 [ RunTime:0.000493s ]
[ sql ] [ SQL ] SELECT * FROM `sy_adminuser` WHERE  `id` = 1 LIMIT 1 [ RunTime:0.000368s ]
[ sql ] [ SQL ] SHOW COLUMNS FROM `sy_school` [ RunTime:0.002843s ]
[ sql ] [ SQL ] SELECT * FROM `sy_school` ORDER BY `sortby` DESC,`id` DESC [ RunTime:0.000361s ]
[ sql ] [ SQL ] SHOW COLUMNS FROM `sy_orders` [ RunTime:0.002863s ]
[ sql ] [ SQL ] SELECT COUNT(*) AS tp_count FROM sy_orders o LEFT JOIN `sy_goods` `g` ON `g`.`id`=`o`.`goods_id` LEFT JOIN `sy_broadband` `b` ON `b`.`id`=`o`.`broadband_id` WHERE  `o`.`isdel` = 2  AND `o`.`create_time` <= '2021-08-26 23:59:59' [ RunTime:0.005519s ]
[ sql ] [ SQL ] SELECT `o`.*,`g`.`goods_title`,`b`.`keyaccount`,`b`.`keypassword`,`b`.`start_time`,`b`.`end_time` FROM sy_orders o LEFT JOIN `sy_goods` `g` ON `g`.`id`=`o`.`goods_id` LEFT JOIN `sy_broadband` `b` ON `b`.`id`=`o`.`broadband_id` WHERE  `o`.`isdel` = 2  AND `o`.`create_time` <= '2021-08-26 23:59:59' ORDER BY `o`.`id` DESC LIMIT 0,20 [ RunTime:0.001328s ]
[ sql ] [ SQL ] SELECT * FROM `sy_school` ORDER BY `sortby` DESC,`id` DESC [ RunTime:0.000390s ]
[ sql ] [ SQL ] SHOW COLUMNS FROM `sy_goods` [ RunTime:0.000698s ]
[ sql ] [ SQL ] SELECT * FROM `sy_goods` ORDER BY `goods_sortby` DESC,`id` DESC [ RunTime:0.000320s ]
[ sql ] [ SQL ] SHOW COLUMNS FROM `sy_admin_action_log` [ RunTime:0.001178s ]
[ sql ] [ SQL ] INSERT INTO `sy_admin_action_log` (`method` , `params` , `url` , `ip` , `admin_id` , `create_time`) VALUES ('GET' , 'a:2:{s:3:\"get\";a:0:{}s:4:\"post\";a:0:{}}' , 'sytechadmin/orders/orders_list.html' , '127.0.0.1' , 1 , '2021-08-26 10:36:53') [ RunTime:0.000352s ]
---------------------------------------------------------------

[2021-08-26T10:36:58+08:00] 127.0.0.1 GET web.tianzi.gdsytech.com/sytechadmin/orders/orders_export.html?a=1&school_id=0&goods_id=0&status=0&applytime_end=2021-08-26%2023:59:59
[运行时间：0.471956s] [吞吐率：2.12req/s] [内存消耗：9,278.53kb] [文件加载：223]
[ info ] [ LANG ] E:\webenv\apache2.4.39\htdocs\tianzi.gdsytech.com\thinkphp\lang\zh-cn.php
[ info ] [ ROUTE ] array (
)
[ info ] [ HEADER ] array (
  'host' => 'web.tianzi.gdsytech.com',
  'connection' => 'keep-alive',
  'upgrade-insecure-requests' => '1',
  'user-agent' => 'Mozilla/5.0 (Windows NT 10.0; Win64; x64) AppleWebKit/537.36 (KHTML, like Gecko) Chrome/92.0.4515.159 Safari/537.36',
  'accept' => 'text/html,application/xhtml+xml,application/xml;q=0.9,image/avif,image/webp,image/apng,*/*;q=0.8,application/signed-exchange;v=b3;q=0.9',
  'referer' => 'http://web.tianzi.gdsytech.com/sytechadmin/orders/orders_list.html',
  'accept-encoding' => 'gzip, deflate',
  'accept-language' => 'zh-CN,zh;q=0.9',
  'cookie' => 'sy=hiqkl15207r5iumt783d4jq377',
)
[ info ] [ PARAM ] array (
  'a' => '1',
  'school_id' => '0',
  'goods_id' => '0',
  'status' => '0',
  'applytime_end' => '2021-08-26 23:59:59',
)
[ info ] [ DB ] INIT mysql
[ sql ] [ DB ] CONNECT:[ UseTime:0.020400s ] mysql:host=localhost;port=3306;dbname=tianzi_gdsy;charset=utf8
[ sql ] [ SQL ] SHOW COLUMNS FROM `sy_adminuser` [ RunTime:0.001021s ]
[ sql ] [ SQL ] SELECT * FROM `sy_adminuser` WHERE  `id` = 1 LIMIT 1 [ RunTime:0.000465s ]
[ sql ] [ SQL ] SELECT * FROM `sy_adminuser` WHERE  `id` = 1 LIMIT 1 [ RunTime:0.000339s ]
[ sql ] [ SQL ] SHOW COLUMNS FROM `sy_orders` [ RunTime:0.002837s ]
[ sql ] [ SQL ] SELECT `o`.*,`g`.`goods_title`,`b`.`keyaccount`,`b`.`keypassword`,`b`.`start_time`,`b`.`end_time` FROM sy_orders o LEFT JOIN `sy_goods` `g` ON `g`.`id`=`o`.`goods_id` LEFT JOIN `sy_broadband` `b` ON `b`.`id`=`o`.`broadband_id` WHERE  `o`.`isdel` = 2  AND `o`.`create_time` <= '2021-08-26 23:59:59' ORDER BY `o`.`id` ASC [ RunTime:0.015934s ]
[ sql ] [ SQL ] SHOW COLUMNS FROM `sy_school` [ RunTime:0.002825s ]
[ sql ] [ SQL ] SELECT * FROM `sy_school` ORDER BY `sortby` DESC,`id` DESC [ RunTime:0.000339s ]
---------------------------------------------------------------

[2021-08-26T10:39:04+08:00] 127.0.0.1 GET web.tianzi.gdsytech.com/tianzi/images/logo.png
[运行时间：0.060166s] [吞吐率：16.62req/s] [内存消耗：2,660.64kb] [文件加载：135]
[ info ] [ LANG ] E:\webenv\apache2.4.39\htdocs\tianzi.gdsytech.com\thinkphp\lang\zh-cn.php
---------------------------------------------------------------

[2021-08-26T10:41:17+08:00] 127.0.0.1 POST web.tianzi.gdsytech.com/Api/user/createOrders
[运行时间：0.073836s] [吞吐率：13.54req/s] [内存消耗：3,218.34kb] [文件加载：146]
[ info ] [ LANG ] E:\webenv\apache2.4.39\htdocs\tianzi.gdsytech.com\thinkphp\lang\zh-cn.php
[ info ] [ ROUTE ] array (
)
[ info ] [ HEADER ] array (
  'host' => 'web.tianzi.gdsytech.com',
  'connection' => 'keep-alive',
  'content-length' => '0',
  'accept' => 'application/json, text/javascript, */*; q=0.01',
  'user-agent' => 'Mozilla/5.0 (Windows NT 10.0; Win64; x64) AppleWebKit/537.36 (KHTML, like Gecko) Chrome/92.0.4515.159 Safari/537.36',
  'x-requested-with' => 'XMLHttpRequest',
  'origin' => 'http://web.tianzi.gdsytech.com',
  'referer' => 'http://web.tianzi.gdsytech.com/tianzi/',
  'accept-encoding' => 'gzip, deflate',
  'accept-language' => 'zh-CN,zh;q=0.9',
  'cookie' => 'sy=hiqkl15207r5iumt783d4jq377',
)
[ info ] [ PARAM ] array (
)
