<xml><appid><![CDATA[wxbc9d35337bd0930c]]></appid>
<attach><![CDATA[orderno=202107211035048512&pay_way=1]]></attach>
<bank_type><![CDATA[OTHERS]]></bank_type>
<cash_fee><![CDATA[1]]></cash_fee>
<fee_type><![CDATA[CNY]]></fee_type>
<is_subscribe><![CDATA[N]]></is_subscribe>
<mch_id><![CDATA[1579915801]]></mch_id>
<nonce_str><![CDATA[474n8nh0jzhgx0eoxm4t8ltijnwqabo9]]></nonce_str>
<openid><![CDATA[oLzrE4pZRA8u-Gc3BMbD9C_jrmFo]]></openid>
<out_trade_no><![CDATA[P202107211035047095]]></out_trade_no>
<result_code><![CDATA[SUCCESS]]></result_code>
<return_code><![CDATA[SUCCESS]]></return_code>
<sign><![CDATA[40F999A9377B705F4CE21A844E20A1FAE6E05FA12B2885E1146495B28674C459]]></sign>
<time_end><![CDATA[20210721103513]]></time_end>
<total_fee>1</total_fee>
<trade_type><![CDATA[JSAPI]]></trade_type>
<transaction_id><![CDATA[4200001197202107218261616362]]></transaction_id>
</xml>
<xml><appid><![CDATA[wxbc9d35337bd0930c]]></appid>
<attach><![CDATA[orderno=202107211035048512&pay_way=1]]></attach>
<bank_type><![CDATA[OTHERS]]></bank_type>
<cash_fee><![CDATA[1]]></cash_fee>
<fee_type><![CDATA[CNY]]></fee_type>
<is_subscribe><![CDATA[N]]></is_subscribe>
<mch_id><![CDATA[1579915801]]></mch_id>
<nonce_str><![CDATA[474n8nh0jzhgx0eoxm4t8ltijnwqabo9]]></nonce_str>
<openid><![CDATA[oLzrE4pZRA8u-Gc3BMbD9C_jrmFo]]></openid>
<out_trade_no><![CDATA[P202107211035047095]]></out_trade_no>
<result_code><![CDATA[SUCCESS]]></result_code>
<return_code><![CDATA[SUCCESS]]></return_code>
<sign><![CDATA[40F999A9377B705F4CE21A844E20A1FAE6E05FA12B2885E1146495B28674C459]]></sign>
<time_end><![CDATA[20210721103513]]></time_end>
<total_fee>1</total_fee>
<trade_type><![CDATA[JSAPI]]></trade_type>
<transaction_id><![CDATA[4200001197202107218261616362]]></transaction_id>
</xml>
<xml><appid><![CDATA[wxbc9d35337bd0930c]]></appid>
<attach><![CDATA[orderno=202107211149368502&pay_way=1]]></attach>
<bank_type><![CDATA[OTHERS]]></bank_type>
<cash_fee><![CDATA[1]]></cash_fee>
<fee_type><![CDATA[CNY]]></fee_type>
<is_subscribe><![CDATA[N]]></is_subscribe>
<mch_id><![CDATA[1579915801]]></mch_id>
<nonce_str><![CDATA[v3n1p7m7z9yfnyd97tpbdqwb6w563ezr]]></nonce_str>
<openid><![CDATA[oLzrE4pZRA8u-Gc3BMbD9C_jrmFo]]></openid>
<out_trade_no><![CDATA[P202107211149368780]]></out_trade_no>
<result_code><![CDATA[SUCCESS]]></result_code>
<return_code><![CDATA[SUCCESS]]></return_code>
<sign><![CDATA[9BD68ED353208D6C054B10587E4C9F8EB1344DA322E4DDD8C7C8A230B23D0219]]></sign>
<time_end><![CDATA[20210721115832]]></time_end>
<total_fee>1</total_fee>
<trade_type><![CDATA[JSAPI]]></trade_type>
<transaction_id><![CDATA[4200001173202107218639890097]]></transaction_id>
</xml>
<xml><appid><![CDATA[wxbc9d35337bd0930c]]></appid>
<attach><![CDATA[orderno=202107211149368502&pay_way=1]]></attach>
<bank_type><![CDATA[OTHERS]]></bank_type>
<cash_fee><![CDATA[1]]></cash_fee>
<fee_type><![CDATA[CNY]]></fee_type>
<is_subscribe><![CDATA[N]]></is_subscribe>
<mch_id><![CDATA[1579915801]]></mch_id>
<nonce_str><![CDATA[v3n1p7m7z9yfnyd97tpbdqwb6w563ezr]]></nonce_str>
<openid><![CDATA[oLzrE4pZRA8u-Gc3BMbD9C_jrmFo]]></openid>
<out_trade_no><![CDATA[P202107211149368780]]></out_trade_no>
<result_code><![CDATA[SUCCESS]]></result_code>
<return_code><![CDATA[SUCCESS]]></return_code>
<sign><![CDATA[9BD68ED353208D6C054B10587E4C9F8EB1344DA322E4DDD8C7C8A230B23D0219]]></sign>
<time_end><![CDATA[20210721115832]]></time_end>
<total_fee>1</total_fee>
<trade_type><![CDATA[JSAPI]]></trade_type>
<transaction_id><![CDATA[4200001173202107218639890097]]></transaction_id>
</xml>
<xml><appid><![CDATA[wxbc9d35337bd0930c]]></appid>
<attach><![CDATA[orderno=202107211145227345&pay_way=1]]></attach>
<bank_type><![CDATA[OTHERS]]></bank_type>
<cash_fee><![CDATA[1]]></cash_fee>
<fee_type><![CDATA[CNY]]></fee_type>
<is_subscribe><![CDATA[N]]></is_subscribe>
<mch_id><![CDATA[1579915801]]></mch_id>
<nonce_str><![CDATA[f9oerwhjahniyzel6u114507cbmt028v]]></nonce_str>
<openid><![CDATA[oLzrE4pZRA8u-Gc3BMbD9C_jrmFo]]></openid>
<out_trade_no><![CDATA[P202107211145225464]]></out_trade_no>
<result_code><![CDATA[SUCCESS]]></result_code>
<return_code><![CDATA[SUCCESS]]></return_code>
<sign><![CDATA[CEFF110694F2A2F79D77EF4C1D90FE28CC19BE2649FD872FFAA4C03C803E7057]]></sign>
<time_end><![CDATA[20210721115901]]></time_end>
<total_fee>1</total_fee>
<trade_type><![CDATA[JSAPI]]></trade_type>
<transaction_id><![CDATA[4200001197202107216120922281]]></transaction_id>
</xml>
<xml><appid><![CDATA[wxbc9d35337bd0930c]]></appid>
<attach><![CDATA[orderno=202107211145227345&pay_way=1]]></attach>
<bank_type><![CDATA[OTHERS]]></bank_type>
<cash_fee><![CDATA[1]]></cash_fee>
<fee_type><![CDATA[CNY]]></fee_type>
<is_subscribe><![CDATA[N]]></is_subscribe>
<mch_id><![CDATA[1579915801]]></mch_id>
<nonce_str><![CDATA[f9oerwhjahniyzel6u114507cbmt028v]]></nonce_str>
<openid><![CDATA[oLzrE4pZRA8u-Gc3BMbD9C_jrmFo]]></openid>
<out_trade_no><![CDATA[P202107211145225464]]></out_trade_no>
<result_code><![CDATA[SUCCESS]]></result_code>
<return_code><![CDATA[SUCCESS]]></return_code>
<sign><![CDATA[CEFF110694F2A2F79D77EF4C1D90FE28CC19BE2649FD872FFAA4C03C803E7057]]></sign>
<time_end><![CDATA[20210721115901]]></time_end>
<total_fee>1</total_fee>
<trade_type><![CDATA[JSAPI]]></trade_type>
<transaction_id><![CDATA[4200001197202107216120922281]]></transaction_id>
</xml>
<xml><appid><![CDATA[wxbc9d35337bd0930c]]></appid>
<attach><![CDATA[orderno=202107211140357700&pay_way=1]]></attach>
<bank_type><![CDATA[OTHERS]]></bank_type>
<cash_fee><![CDATA[1]]></cash_fee>
<fee_type><![CDATA[CNY]]></fee_type>
<is_subscribe><![CDATA[N]]></is_subscribe>
<mch_id><![CDATA[1579915801]]></mch_id>
<nonce_str><![CDATA[cuknw3w4oa75vjybzzhpw6nthzi2ny95]]></nonce_str>
<openid><![CDATA[oLzrE4pZRA8u-Gc3BMbD9C_jrmFo]]></openid>
<out_trade_no><![CDATA[P202107211140355065]]></out_trade_no>
<result_code><![CDATA[SUCCESS]]></result_code>
<return_code><![CDATA[SUCCESS]]></return_code>
<sign><![CDATA[C4AC313ED987CD852A2985FA34894F01307B91C9303DD1933C2FC873244E308C]]></sign>
<time_end><![CDATA[20210721120015]]></time_end>
<total_fee>1</total_fee>
<trade_type><![CDATA[JSAPI]]></trade_type>
<transaction_id><![CDATA[4200001192202107217964067622]]></transaction_id>
</xml>
<xml><appid><![CDATA[wxbc9d35337bd0930c]]></appid>
<attach><![CDATA[orderno=202107211140357700&pay_way=1]]></attach>
<bank_type><![CDATA[OTHERS]]></bank_type>
<cash_fee><![CDATA[1]]></cash_fee>
<fee_type><![CDATA[CNY]]></fee_type>
<is_subscribe><![CDATA[N]]></is_subscribe>
<mch_id><![CDATA[1579915801]]></mch_id>
<nonce_str><![CDATA[cuknw3w4oa75vjybzzhpw6nthzi2ny95]]></nonce_str>
<openid><![CDATA[oLzrE4pZRA8u-Gc3BMbD9C_jrmFo]]></openid>
<out_trade_no><![CDATA[P202107211140355065]]></out_trade_no>
<result_code><![CDATA[SUCCESS]]></result_code>
<return_code><![CDATA[SUCCESS]]></return_code>
<sign><![CDATA[C4AC313ED987CD852A2985FA34894F01307B91C9303DD1933C2FC873244E308C]]></sign>
<time_end><![CDATA[20210721120015]]></time_end>
<total_fee>1</total_fee>
<trade_type><![CDATA[JSAPI]]></trade_type>
<transaction_id><![CDATA[4200001192202107217964067622]]></transaction_id>
</xml>
<xml><appid><![CDATA[wxbc9d35337bd0930c]]></appid>
<attach><![CDATA[orderno=202107211055029827&pay_way=1]]></attach>
<bank_type><![CDATA[OTHERS]]></bank_type>
<cash_fee><![CDATA[1]]></cash_fee>
<fee_type><![CDATA[CNY]]></fee_type>
<is_subscribe><![CDATA[N]]></is_subscribe>
<mch_id><![CDATA[1579915801]]></mch_id>
<nonce_str><![CDATA[3iyblaerx7y7kfrzz0wu26kfey4005g9]]></nonce_str>
<openid><![CDATA[oLzrE4pZRA8u-Gc3BMbD9C_jrmFo]]></openid>
<out_trade_no><![CDATA[P202107211055024748]]></out_trade_no>
<result_code><![CDATA[SUCCESS]]></result_code>
<return_code><![CDATA[SUCCESS]]></return_code>
<sign><![CDATA[3DB17D5D7BF092678AA87FD3EAA873F9FA80BE329C1603BCA180A0DBE0F11166]]></sign>
<time_end><![CDATA[20210721120518]]></time_end>
<total_fee>1</total_fee>
<trade_type><![CDATA[JSAPI]]></trade_type>
<transaction_id><![CDATA[4200001148202107213427704566]]></transaction_id>
</xml>
<xml><appid><![CDATA[wxbc9d35337bd0930c]]></appid>
<attach><![CDATA[orderno=202107211055029827&pay_way=1]]></attach>
<bank_type><![CDATA[OTHERS]]></bank_type>
<cash_fee><![CDATA[1]]></cash_fee>
<fee_type><![CDATA[CNY]]></fee_type>
<is_subscribe><![CDATA[N]]></is_subscribe>
<mch_id><![CDATA[1579915801]]></mch_id>
<nonce_str><![CDATA[3iyblaerx7y7kfrzz0wu26kfey4005g9]]></nonce_str>
<openid><![CDATA[oLzrE4pZRA8u-Gc3BMbD9C_jrmFo]]></openid>
<out_trade_no><![CDATA[P202107211055024748]]></out_trade_no>
<result_code><![CDATA[SUCCESS]]></result_code>
<return_code><![CDATA[SUCCESS]]></return_code>
<sign><![CDATA[3DB17D5D7BF092678AA87FD3EAA873F9FA80BE329C1603BCA180A0DBE0F11166]]></sign>
<time_end><![CDATA[20210721120518]]></time_end>
<total_fee>1</total_fee>
<trade_type><![CDATA[JSAPI]]></trade_type>
<transaction_id><![CDATA[4200001148202107213427704566]]></transaction_id>
</xml>
<xml><appid><![CDATA[wxbc9d35337bd0930c]]></appid>
<attach><![CDATA[orderno=202107211448394364&pay_way=1]]></attach>
<bank_type><![CDATA[OTHERS]]></bank_type>
<cash_fee><![CDATA[1]]></cash_fee>
<fee_type><![CDATA[CNY]]></fee_type>
<is_subscribe><![CDATA[N]]></is_subscribe>
<mch_id><![CDATA[1579915801]]></mch_id>
<nonce_str><![CDATA[6z99q0a9rz8khuoxb9ohffl9eib2onys]]></nonce_str>
<openid><![CDATA[oLzrE4lQr9A2l6wZu4zRd1SDbR1k]]></openid>
<out_trade_no><![CDATA[P202107211448397087]]></out_trade_no>
<result_code><![CDATA[SUCCESS]]></result_code>
<return_code><![CDATA[SUCCESS]]></return_code>
<sign><![CDATA[F6310A98DFB68202678EF6989AC3AD3497EDAD2E23D0D8F624EC2833061BC54F]]></sign>
<time_end><![CDATA[20210721144901]]></time_end>
<total_fee>1</total_fee>
<trade_type><![CDATA[JSAPI]]></trade_type>
<transaction_id><![CDATA[4200001193202107214544738698]]></transaction_id>
</xml>
<xml><appid><![CDATA[wxbc9d35337bd0930c]]></appid>
<attach><![CDATA[orderno=202107211448394364&pay_way=1]]></attach>
<bank_type><![CDATA[OTHERS]]></bank_type>
<cash_fee><![CDATA[1]]></cash_fee>
<fee_type><![CDATA[CNY]]></fee_type>
<is_subscribe><![CDATA[N]]></is_subscribe>
<mch_id><![CDATA[1579915801]]></mch_id>
<nonce_str><![CDATA[6z99q0a9rz8khuoxb9ohffl9eib2onys]]></nonce_str>
<openid><![CDATA[oLzrE4lQr9A2l6wZu4zRd1SDbR1k]]></openid>
<out_trade_no><![CDATA[P202107211448397087]]></out_trade_no>
<result_code><![CDATA[SUCCESS]]></result_code>
<return_code><![CDATA[SUCCESS]]></return_code>
<sign><![CDATA[F6310A98DFB68202678EF6989AC3AD3497EDAD2E23D0D8F624EC2833061BC54F]]></sign>
<time_end><![CDATA[20210721144901]]></time_end>
<total_fee>1</total_fee>
<trade_type><![CDATA[JSAPI]]></trade_type>
<transaction_id><![CDATA[4200001193202107214544738698]]></transaction_id>
</xml>
<xml><appid><![CDATA[wxbc9d35337bd0930c]]></appid>
<attach><![CDATA[orderno=202107211022066399&pay_way=1]]></attach>
<bank_type><![CDATA[COMM_CREDIT]]></bank_type>
<cash_fee><![CDATA[1]]></cash_fee>
<fee_type><![CDATA[CNY]]></fee_type>
<is_subscribe><![CDATA[N]]></is_subscribe>
<mch_id><![CDATA[1579915801]]></mch_id>
<nonce_str><![CDATA[prnwitg2tby556qw65t6jv98gfz54r4z]]></nonce_str>
<openid><![CDATA[oLzrE4u1Vhfnylyjv9BKpE3CvJbE]]></openid>
<out_trade_no><![CDATA[P202107211022067487]]></out_trade_no>
<result_code><![CDATA[SUCCESS]]></result_code>
<return_code><![CDATA[SUCCESS]]></return_code>
<sign><![CDATA[FC419F2644C49CA82C08FC9BD46C7FCE6D5D6A12FC73787C1D19BA6409DACBCB]]></sign>
<time_end><![CDATA[20210721164916]]></time_end>
<total_fee>1</total_fee>
<trade_type><![CDATA[JSAPI]]></trade_type>
<transaction_id><![CDATA[4200001160202107213077240608]]></transaction_id>
</xml>
<xml><appid><![CDATA[wxbc9d35337bd0930c]]></appid>
<attach><![CDATA[orderno=202107211022066399&pay_way=1]]></attach>
<bank_type><![CDATA[COMM_CREDIT]]></bank_type>
<cash_fee><![CDATA[1]]></cash_fee>
<fee_type><![CDATA[CNY]]></fee_type>
<is_subscribe><![CDATA[N]]></is_subscribe>
<mch_id><![CDATA[1579915801]]></mch_id>
<nonce_str><![CDATA[prnwitg2tby556qw65t6jv98gfz54r4z]]></nonce_str>
<openid><![CDATA[oLzrE4u1Vhfnylyjv9BKpE3CvJbE]]></openid>
<out_trade_no><![CDATA[P202107211022067487]]></out_trade_no>
<result_code><![CDATA[SUCCESS]]></result_code>
<return_code><![CDATA[SUCCESS]]></return_code>
<sign><![CDATA[FC419F2644C49CA82C08FC9BD46C7FCE6D5D6A12FC73787C1D19BA6409DACBCB]]></sign>
<time_end><![CDATA[20210721164916]]></time_end>
<total_fee>1</total_fee>
<trade_type><![CDATA[JSAPI]]></trade_type>
<transaction_id><![CDATA[4200001160202107213077240608]]></transaction_id>
</xml>
<xml><appid><![CDATA[wxbc9d35337bd0930c]]></appid>
<attach><![CDATA[orderno=202107211723134112&pay_way=1]]></attach>
<bank_type><![CDATA[COMM_CREDIT]]></bank_type>
<cash_fee><![CDATA[1]]></cash_fee>
<fee_type><![CDATA[CNY]]></fee_type>
<is_subscribe><![CDATA[N]]></is_subscribe>
<mch_id><![CDATA[1579915801]]></mch_id>
<nonce_str><![CDATA[12x456i1ny0oq6e5f6g2d0a0t6s01p64]]></nonce_str>
<openid><![CDATA[oLzrE4u1Vhfnylyjv9BKpE3CvJbE]]></openid>
<out_trade_no><![CDATA[P202107211723136203]]></out_trade_no>
<result_code><![CDATA[SUCCESS]]></result_code>
<return_code><![CDATA[SUCCESS]]></return_code>
<sign><![CDATA[DEF7053DA14A94348BD4AF8E86809CC77D4C00632B8510133D5DC15E484C9984]]></sign>
<time_end><![CDATA[20210721172319]]></time_end>
<total_fee>1</total_fee>
<trade_type><![CDATA[JSAPI]]></trade_type>
<transaction_id><![CDATA[4200001165202107213883541448]]></transaction_id>
</xml>
<xml><appid><![CDATA[wxbc9d35337bd0930c]]></appid>
<attach><![CDATA[orderno=202107211209231535&pay_way=1]]></attach>
<bank_type><![CDATA[OTHERS]]></bank_type>
<cash_fee><![CDATA[1]]></cash_fee>
<fee_type><![CDATA[CNY]]></fee_type>
<is_subscribe><![CDATA[N]]></is_subscribe>
<mch_id><![CDATA[1579915801]]></mch_id>
<nonce_str><![CDATA[r7p29z9vogjmo7v68sztzkyemp4yxghh]]></nonce_str>
<openid><![CDATA[oLzrE4pZRA8u-Gc3BMbD9C_jrmFo]]></openid>
<out_trade_no><![CDATA[P202107211209235035]]></out_trade_no>
<result_code><![CDATA[SUCCESS]]></result_code>
<return_code><![CDATA[SUCCESS]]></return_code>
<sign><![CDATA[3EF912FDA5256B2E262781179534CB30B102994FC846ADC892D3222F33BEB601]]></sign>
<time_end><![CDATA[20210721174917]]></time_end>
<total_fee>1</total_fee>
<trade_type><![CDATA[JSAPI]]></trade_type>
<transaction_id><![CDATA[4200001202202107210296681271]]></transaction_id>
</xml>
<xml><appid><![CDATA[wxbc9d35337bd0930c]]></appid>
<attach><![CDATA[orderno=202107211802276711&pay_way=1]]></attach>
<bank_type><![CDATA[COMM_CREDIT]]></bank_type>
<cash_fee><![CDATA[1]]></cash_fee>
<fee_type><![CDATA[CNY]]></fee_type>
<is_subscribe><![CDATA[N]]></is_subscribe>
<mch_id><![CDATA[1579915801]]></mch_id>
<nonce_str><![CDATA[94cbzzgcyr4p2oatxn5pjlq2opd0opup]]></nonce_str>
<openid><![CDATA[oLzrE4u1Vhfnylyjv9BKpE3CvJbE]]></openid>
<out_trade_no><![CDATA[P202107211802275058]]></out_trade_no>
<result_code><![CDATA[SUCCESS]]></result_code>
<return_code><![CDATA[SUCCESS]]></return_code>
<sign><![CDATA[C5C43DC78174C3E36DEB18ECD7D5CB5E8B0F5F031ED7930453A1745364E38D54]]></sign>
<time_end><![CDATA[20210721180237]]></time_end>
<total_fee>1</total_fee>
<trade_type><![CDATA[JSAPI]]></trade_type>
<transaction_id><![CDATA[4200001196202107211787620668]]></transaction_id>
</xml>
<xml><appid><![CDATA[wxbc9d35337bd0930c]]></appid>
<attach><![CDATA[orderno=202107211821046052&pay_way=1]]></attach>
<bank_type><![CDATA[COMM_CREDIT]]></bank_type>
<cash_fee><![CDATA[1]]></cash_fee>
<fee_type><![CDATA[CNY]]></fee_type>
<is_subscribe><![CDATA[N]]></is_subscribe>
<mch_id><![CDATA[1579915801]]></mch_id>
<nonce_str><![CDATA[rxiqii7gk4yzhdyay9l9ssauojosb3pe]]></nonce_str>
<openid><![CDATA[oLzrE4u1Vhfnylyjv9BKpE3CvJbE]]></openid>
<out_trade_no><![CDATA[P202107211821049446]]></out_trade_no>
<result_code><![CDATA[SUCCESS]]></result_code>
<return_code><![CDATA[SUCCESS]]></return_code>
<sign><![CDATA[C9AB4FC0C576E1FF01395193381E754862E4717E44F783589875430083B072CA]]></sign>
<time_end><![CDATA[20210721182110]]></time_end>
<total_fee>1</total_fee>
<trade_type><![CDATA[JSAPI]]></trade_type>
<transaction_id><![CDATA[4200001153202107216717350667]]></transaction_id>
</xml>
<xml><appid><![CDATA[wxbc9d35337bd0930c]]></appid>
<attach><![CDATA[orderno=202107211829479146&pay_way=1]]></attach>
<bank_type><![CDATA[COMM_CREDIT]]></bank_type>
<cash_fee><![CDATA[1]]></cash_fee>
<fee_type><![CDATA[CNY]]></fee_type>
<is_subscribe><![CDATA[N]]></is_subscribe>
<mch_id><![CDATA[1579915801]]></mch_id>
<nonce_str><![CDATA[py8li3wu7raf9wrg71q5dpd3kd3b61p7]]></nonce_str>
<openid><![CDATA[oLzrE4u1Vhfnylyjv9BKpE3CvJbE]]></openid>
<out_trade_no><![CDATA[P202107211829478730]]></out_trade_no>
<result_code><![CDATA[SUCCESS]]></result_code>
<return_code><![CDATA[SUCCESS]]></return_code>
<sign><![CDATA[DB3F717CB7CD341C7D2765F308F968555C2D0288F427C84F702C58AD1330CCF1]]></sign>
<time_end><![CDATA[20210721182954]]></time_end>
<total_fee>1</total_fee>
<trade_type><![CDATA[JSAPI]]></trade_type>
<transaction_id><![CDATA[4200001197202107217963840948]]></transaction_id>
</xml>
